[0.045s] Invoking command in '/home/dkflippo/aug2024/build/BMC_2024': CMAKE_PREFIX_PATH=/home/dkflippo/aug2024/install/gazebo_ros2_control:/home/dkflippo/aug2024/install/sllidar_ros2:/home/dkflippo/aug2024/install/my_robot_nav2:/home/dkflippo/aug2024/install/gazebo_ros2_control_demos:/home/dkflippo/aug2024/install/aug_2024:/home/dkflippo/aug2024/install/BMC_2024:/opt/ros/humble LD_LIBRARY_PATH=/home/dkflippo/aug2024/install/gazebo_ros2_control/lib:/home/dkflippo/aug2024/install/BMC_2024/lib:/usr/lib/x86_64-linux-gnu/gazebo-11/plugins:/opt/ros/humble/opt/rviz_ogre_vendor/lib:/opt/ros/humble/lib/x86_64-linux-gnu:/opt/ros/humble/lib /usr/bin/cmake --build /home/dkflippo/aug2024/build/BMC_2024 -- -j12 -l12
[0.262s] [100%] Built target BMC_2024
[0.309s] Invoked command in '/home/dkflippo/aug2024/build/BMC_2024' returned '0': CMAKE_PREFIX_PATH=/home/dkflippo/aug2024/install/gazebo_ros2_control:/home/dkflippo/aug2024/install/sllidar_ros2:/home/dkflippo/aug2024/install/my_robot_nav2:/home/dkflippo/aug2024/install/gazebo_ros2_control_demos:/home/dkflippo/aug2024/install/aug_2024:/home/dkflippo/aug2024/install/BMC_2024:/opt/ros/humble LD_LIBRARY_PATH=/home/dkflippo/aug2024/install/gazebo_ros2_control/lib:/home/dkflippo/aug2024/install/BMC_2024/lib:/usr/lib/x86_64-linux-gnu/gazebo-11/plugins:/opt/ros/humble/opt/rviz_ogre_vendor/lib:/opt/ros/humble/lib/x86_64-linux-gnu:/opt/ros/humble/lib /usr/bin/cmake --build /home/dkflippo/aug2024/build/BMC_2024 -- -j12 -l12
[0.398s] Invoking command in '/home/dkflippo/aug2024/build/BMC_2024': CMAKE_PREFIX_PATH=/home/dkflippo/aug2024/install/gazebo_ros2_control:/home/dkflippo/aug2024/install/sllidar_ros2:/home/dkflippo/aug2024/install/my_robot_nav2:/home/dkflippo/aug2024/install/gazebo_ros2_control_demos:/home/dkflippo/aug2024/install/aug_2024:/home/dkflippo/aug2024/install/BMC_2024:/opt/ros/humble LD_LIBRARY_PATH=/home/dkflippo/aug2024/install/gazebo_ros2_control/lib:/home/dkflippo/aug2024/install/BMC_2024/lib:/usr/lib/x86_64-linux-gnu/gazebo-11/plugins:/opt/ros/humble/opt/rviz_ogre_vendor/lib:/opt/ros/humble/lib/x86_64-linux-gnu:/opt/ros/humble/lib /usr/bin/cmake --install /home/dkflippo/aug2024/build/BMC_2024
[0.418s] -- Install configuration: ""
[0.418s] -- Up-to-date: /home/dkflippo/aug2024/install/BMC_2024/lib/libBMC_2024.so
[0.419s] -- Up-to-date: /home/dkflippo/aug2024/install/BMC_2024/include
[0.419s] -- Up-to-date: /home/dkflippo/aug2024/install/BMC_2024/include/BMC_2024
[0.419s] -- Up-to-date: /home/dkflippo/aug2024/install/BMC_2024/include/BMC_2024/aug_2024_system.hpp
[0.419s] -- Up-to-date: /home/dkflippo/aug2024/install/BMC_2024/include/BMC_2024/visibility_control.h
[0.420s] -- Up-to-date: /home/dkflippo/aug2024/install/BMC_2024/include/BMC_2024/bmc_comms.hpp
[0.420s] -- Up-to-date: /home/dkflippo/aug2024/install/BMC_2024/share/BMC_2024/aug_2024_hardware.xml
[0.420s] -- Up-to-date: /home/dkflippo/aug2024/install/BMC_2024/lib/libBMC_2024.so
[0.420s] -- Up-to-date: /home/dkflippo/aug2024/install/BMC_2024/share/BMC_2024/environment/library_path.sh
[0.421s] -- Up-to-date: /home/dkflippo/aug2024/install/BMC_2024/share/BMC_2024/environment/library_path.dsv
[0.421s] -- Up-to-date: /home/dkflippo/aug2024/install/BMC_2024/share/ament_index/resource_index/package_run_dependencies/BMC_2024
[0.421s] -- Up-to-date: /home/dkflippo/aug2024/install/BMC_2024/share/ament_index/resource_index/parent_prefix_path/BMC_2024
[0.422s] -- Up-to-date: /home/dkflippo/aug2024/install/BMC_2024/share/BMC_2024/environment/ament_prefix_path.sh
[0.422s] -- Up-to-date: /home/dkflippo/aug2024/install/BMC_2024/share/BMC_2024/environment/ament_prefix_path.dsv
[0.422s] -- Up-to-date: /home/dkflippo/aug2024/install/BMC_2024/share/BMC_2024/environment/path.sh
[0.423s] -- Up-to-date: /home/dkflippo/aug2024/install/BMC_2024/share/BMC_2024/environment/path.dsv
[0.423s] -- Up-to-date: /home/dkflippo/aug2024/install/BMC_2024/share/BMC_2024/local_setup.bash
[0.423s] -- Up-to-date: /home/dkflippo/aug2024/install/BMC_2024/share/BMC_2024/local_setup.sh
[0.424s] -- Up-to-date: /home/dkflippo/aug2024/install/BMC_2024/share/BMC_2024/local_setup.zsh
[0.424s] -- Up-to-date: /home/dkflippo/aug2024/install/BMC_2024/share/BMC_2024/local_setup.dsv
[0.424s] -- Installing: /home/dkflippo/aug2024/install/BMC_2024/share/BMC_2024/package.dsv
[0.424s] -- Up-to-date: /home/dkflippo/aug2024/install/BMC_2024/share/ament_index/resource_index/packages/BMC_2024
[0.425s] -- Up-to-date: /home/dkflippo/aug2024/install/BMC_2024/share/ament_index/resource_index/hardware_interface__pluginlib__plugin/BMC_2024
[0.425s] -- Up-to-date: /home/dkflippo/aug2024/install/BMC_2024/share/BMC_2024/cmake/ament_cmake_export_include_directories-extras.cmake
[0.425s] -- Up-to-date: /home/dkflippo/aug2024/install/BMC_2024/share/BMC_2024/cmake/ament_cmake_export_libraries-extras.cmake
[0.425s] -- Up-to-date: /home/dkflippo/aug2024/install/BMC_2024/share/BMC_2024/cmake/ament_cmake_export_dependencies-extras.cmake
[0.425s] -- Up-to-date: /home/dkflippo/aug2024/install/BMC_2024/share/BMC_2024/cmake/BMC_2024Config.cmake
[0.426s] -- Up-to-date: /home/dkflippo/aug2024/install/BMC_2024/share/BMC_2024/cmake/BMC_2024Config-version.cmake
[0.426s] -- Up-to-date: /home/dkflippo/aug2024/install/BMC_2024/share/BMC_2024/package.xml
[0.431s] Invoked command in '/home/dkflippo/aug2024/build/BMC_2024' returned '0': CMAKE_PREFIX_PATH=/home/dkflippo/aug2024/install/gazebo_ros2_control:/home/dkflippo/aug2024/install/sllidar_ros2:/home/dkflippo/aug2024/install/my_robot_nav2:/home/dkflippo/aug2024/install/gazebo_ros2_control_demos:/home/dkflippo/aug2024/install/aug_2024:/home/dkflippo/aug2024/install/BMC_2024:/opt/ros/humble LD_LIBRARY_PATH=/home/dkflippo/aug2024/install/gazebo_ros2_control/lib:/home/dkflippo/aug2024/install/BMC_2024/lib:/usr/lib/x86_64-linux-gnu/gazebo-11/plugins:/opt/ros/humble/opt/rviz_ogre_vendor/lib:/opt/ros/humble/lib/x86_64-linux-gnu:/opt/ros/humble/lib /usr/bin/cmake --install /home/dkflippo/aug2024/build/BMC_2024
