[0.172s] DEBUG:colcon:Command line arguments: ['/usr/bin/colcon', 'build']
[0.172s] DEBUG:colcon:Parsed command line arguments: Namespace(log_base=None, log_level=None, verb_name='build', build_base='build', install_base='install', merge_install=False, symlink_install=False, test_result_base=None, continue_on_error=False, executor='parallel', parallel_workers=12, event_handlers=None, ignore_user_meta=False, metas=['./colcon.meta'], base_paths=['.'], packages_ignore=None, packages_ignore_regex=None, paths=None, packages_up_to=None, packages_up_to_regex=None, packages_above=None, packages_above_and_dependencies=None, packages_above_depth=None, packages_select_by_dep=None, packages_skip_by_dep=None, packages_skip_up_to=None, packages_select_build_failed=False, packages_skip_build_finished=False, packages_select_test_failures=False, packages_skip_test_passed=False, packages_select=None, packages_skip=None, packages_select_regex=None, packages_skip_regex=None, packages_start=None, packages_end=None, allow_overriding=[], cmake_args=None, cmake_target=None, cmake_target_skip_unavailable=False, cmake_clean_cache=False, cmake_clean_first=False, cmake_force_configure=False, ament_cmake_args=None, catkin_cmake_args=None, catkin_skip_building_tests=False, mixin_files=None, mixin=None, verb_parser=<colcon_mixin.mixin.mixin_argument.MixinArgumentDecorator object at 0x7d2f4762eef0>, verb_extension=<colcon_core.verb.build.BuildVerb object at 0x7d2f478941f0>, main=<bound method BuildVerb.main of <colcon_core.verb.build.BuildVerb object at 0x7d2f478941f0>>, mixin_verb=('build',))
[0.380s] Level 1:colcon.colcon_core.package_discovery:discover_packages(colcon_meta) check parameters
[0.381s] Level 1:colcon.colcon_core.package_discovery:discover_packages(recursive) check parameters
[0.381s] Level 1:colcon.colcon_core.package_discovery:discover_packages(ignore) check parameters
[0.381s] Level 1:colcon.colcon_core.package_discovery:discover_packages(path) check parameters
[0.381s] Level 1:colcon.colcon_core.package_discovery:discover_packages(colcon_meta) discover
[0.381s] Level 1:colcon.colcon_core.package_discovery:discover_packages(recursive) discover
[0.381s] INFO:colcon.colcon_core.package_discovery:Crawling recursively for packages in '/home/dkflippo/aug2024/src/aug_2024'
[0.381s] Level 1:colcon.colcon_core.package_identification:_identify(.) by extensions ['ignore', 'ignore_ament_install']
[0.381s] Level 1:colcon.colcon_core.package_identification:_identify(.) by extension 'ignore'
[0.381s] Level 1:colcon.colcon_core.package_identification:_identify(.) by extension 'ignore_ament_install'
[0.381s] Level 1:colcon.colcon_core.package_identification:_identify(.) by extensions ['colcon_pkg']
[0.381s] Level 1:colcon.colcon_core.package_identification:_identify(.) by extension 'colcon_pkg'
[0.381s] Level 1:colcon.colcon_core.package_identification:_identify(.) by extensions ['colcon_meta']
[0.381s] Level 1:colcon.colcon_core.package_identification:_identify(.) by extension 'colcon_meta'
[0.381s] Level 1:colcon.colcon_core.package_identification:_identify(.) by extensions ['ros']
[0.382s] Level 1:colcon.colcon_core.package_identification:_identify(.) by extension 'ros'
[0.420s] DEBUG:colcon.colcon_core.package_identification:Package '.' with type 'ros.ament_cmake' and name 'aug_2024'
[0.420s] Level 1:colcon.colcon_core.package_discovery:discover_packages(recursive) using defaults
[0.420s] Level 1:colcon.colcon_core.package_discovery:discover_packages(ignore) discover
[0.420s] Level 1:colcon.colcon_core.package_discovery:discover_packages(ignore) using defaults
[0.420s] Level 1:colcon.colcon_core.package_discovery:discover_packages(path) discover
[0.420s] Level 1:colcon.colcon_core.package_discovery:discover_packages(path) using defaults
[0.440s] Level 1:colcon.colcon_core.package_discovery:discover_packages(prefix_path) check parameters
[0.440s] Level 1:colcon.colcon_core.package_discovery:discover_packages(prefix_path) discover
[0.441s] DEBUG:colcon.colcon_installed_package_information.package_discovery:Found 6 installed packages in /home/dkflippo/aug2024/install
[0.443s] DEBUG:colcon.colcon_installed_package_information.package_discovery:Found 407 installed packages in /opt/ros/humble
[0.445s] Level 1:colcon.colcon_core.package_discovery:discover_packages(prefix_path) using defaults
[0.496s] Level 5:colcon.colcon_core.verb:set package 'aug_2024' build argument 'cmake_args' from command line to 'None'
[0.496s] Level 5:colcon.colcon_core.verb:set package 'aug_2024' build argument 'cmake_target' from command line to 'None'
[0.497s] Level 5:colcon.colcon_core.verb:set package 'aug_2024' build argument 'cmake_target_skip_unavailable' from command line to 'False'
[0.497s] Level 5:colcon.colcon_core.verb:set package 'aug_2024' build argument 'cmake_clean_cache' from command line to 'False'
[0.497s] Level 5:colcon.colcon_core.verb:set package 'aug_2024' build argument 'cmake_clean_first' from command line to 'False'
[0.497s] Level 5:colcon.colcon_core.verb:set package 'aug_2024' build argument 'cmake_force_configure' from command line to 'False'
[0.497s] Level 5:colcon.colcon_core.verb:set package 'aug_2024' build argument 'ament_cmake_args' from command line to 'None'
[0.497s] Level 5:colcon.colcon_core.verb:set package 'aug_2024' build argument 'catkin_cmake_args' from command line to 'None'
[0.497s] Level 5:colcon.colcon_core.verb:set package 'aug_2024' build argument 'catkin_skip_building_tests' from command line to 'False'
[0.497s] DEBUG:colcon.colcon_core.verb:Building package 'aug_2024' with the following arguments: {'ament_cmake_args': None, 'build_base': '/home/dkflippo/aug2024/src/aug_2024/build/aug_2024', 'catkin_cmake_args': None, 'catkin_skip_building_tests': False, 'cmake_args': None, 'cmake_clean_cache': False, 'cmake_clean_first': False, 'cmake_force_configure': False, 'cmake_target': None, 'cmake_target_skip_unavailable': False, 'install_base': '/home/dkflippo/aug2024/src/aug_2024/install/aug_2024', 'merge_install': False, 'path': '/home/dkflippo/aug2024/src/aug_2024', 'symlink_install': False, 'test_result_base': None}
[0.497s] INFO:colcon.colcon_core.executor:Executing jobs using 'parallel' executor
[0.499s] DEBUG:colcon.colcon_parallel_executor.executor.parallel:run_until_complete
[0.499s] INFO:colcon.colcon_ros.task.ament_cmake.build:Building ROS package in '/home/dkflippo/aug2024/src/aug_2024' with build type 'ament_cmake'
[0.499s] INFO:colcon.colcon_cmake.task.cmake.build:Building CMake package in '/home/dkflippo/aug2024/src/aug_2024'
[0.502s] INFO:colcon.colcon_core.plugin_system:Skipping extension 'colcon_core.shell.bat': Not used on non-Windows systems
[0.503s] INFO:colcon.colcon_core.shell:Skip shell extension 'powershell' for command environment: Not usable outside of PowerShell
[0.503s] DEBUG:colcon.colcon_core.shell:Skip shell extension 'dsv' for command environment
[0.515s] DEBUG:colcon.colcon_core.event_handler.log_command:Invoking command in '/home/dkflippo/aug2024/src/aug_2024/build/aug_2024': CMAKE_PREFIX_PATH=${CMAKE_PREFIX_PATH}:/opt/ros/humble /usr/bin/cmake /home/dkflippo/aug2024/src/aug_2024 -DCMAKE_INSTALL_PREFIX=/home/dkflippo/aug2024/src/aug_2024/install/aug_2024
[2.095s] DEBUG:colcon.colcon_core.event_handler.log_command:Invoked command in '/home/dkflippo/aug2024/src/aug_2024/build/aug_2024' returned '0': CMAKE_PREFIX_PATH=${CMAKE_PREFIX_PATH}:/opt/ros/humble /usr/bin/cmake /home/dkflippo/aug2024/src/aug_2024 -DCMAKE_INSTALL_PREFIX=/home/dkflippo/aug2024/src/aug_2024/install/aug_2024
[2.096s] DEBUG:colcon.colcon_core.event_handler.log_command:Invoking command in '/home/dkflippo/aug2024/src/aug_2024/build/aug_2024': CMAKE_PREFIX_PATH=${CMAKE_PREFIX_PATH}:/opt/ros/humble /usr/bin/cmake --build /home/dkflippo/aug2024/src/aug_2024/build/aug_2024 -- -j12 -l12
[2.154s] DEBUG:colcon.colcon_core.event_handler.log_command:Invoked command in '/home/dkflippo/aug2024/src/aug_2024/build/aug_2024' returned '0': CMAKE_PREFIX_PATH=${CMAKE_PREFIX_PATH}:/opt/ros/humble /usr/bin/cmake --build /home/dkflippo/aug2024/src/aug_2024/build/aug_2024 -- -j12 -l12
[2.165s] DEBUG:colcon.colcon_core.event_handler.log_command:Invoking command in '/home/dkflippo/aug2024/src/aug_2024/build/aug_2024': CMAKE_PREFIX_PATH=${CMAKE_PREFIX_PATH}:/opt/ros/humble /usr/bin/cmake --install /home/dkflippo/aug2024/src/aug_2024/build/aug_2024
[2.195s] Level 1:colcon.colcon_core.environment:create_environment_scripts_only(aug_2024)
[2.196s] DEBUG:colcon.colcon_core.event_handler.log_command:Invoked command in '/home/dkflippo/aug2024/src/aug_2024/build/aug_2024' returned '0': CMAKE_PREFIX_PATH=${CMAKE_PREFIX_PATH}:/opt/ros/humble /usr/bin/cmake --install /home/dkflippo/aug2024/src/aug_2024/build/aug_2024
[2.199s] Level 1:colcon.colcon_core.environment:checking '/home/dkflippo/aug2024/src/aug_2024/install/aug_2024' for CMake module files
[2.199s] Level 1:colcon.colcon_core.environment:checking '/home/dkflippo/aug2024/src/aug_2024/install/aug_2024' for CMake config files
[2.200s] Level 1:colcon.colcon_core.shell:create_environment_hook('aug_2024', 'cmake_prefix_path')
[2.200s] INFO:colcon.colcon_core.shell:Creating environment hook '/home/dkflippo/aug2024/src/aug_2024/install/aug_2024/share/aug_2024/hook/cmake_prefix_path.ps1'
[2.201s] INFO:colcon.colcon_core.shell:Creating environment descriptor '/home/dkflippo/aug2024/src/aug_2024/install/aug_2024/share/aug_2024/hook/cmake_prefix_path.dsv'
[2.201s] INFO:colcon.colcon_core.shell:Creating environment hook '/home/dkflippo/aug2024/src/aug_2024/install/aug_2024/share/aug_2024/hook/cmake_prefix_path.sh'
[2.202s] Level 1:colcon.colcon_core.environment:checking '/home/dkflippo/aug2024/src/aug_2024/install/aug_2024/lib'
[2.202s] Level 1:colcon.colcon_core.environment:checking '/home/dkflippo/aug2024/src/aug_2024/install/aug_2024/bin'
[2.202s] Level 1:colcon.colcon_core.environment:checking '/home/dkflippo/aug2024/src/aug_2024/install/aug_2024/lib/pkgconfig/aug_2024.pc'
[2.203s] Level 1:colcon.colcon_core.environment:checking '/home/dkflippo/aug2024/src/aug_2024/install/aug_2024/lib/python3.10/site-packages'
[2.203s] Level 1:colcon.colcon_core.environment:checking '/home/dkflippo/aug2024/src/aug_2024/install/aug_2024/bin'
[2.203s] INFO:colcon.colcon_core.shell:Creating package script '/home/dkflippo/aug2024/src/aug_2024/install/aug_2024/share/aug_2024/package.ps1'
[2.204s] INFO:colcon.colcon_core.shell:Creating package descriptor '/home/dkflippo/aug2024/src/aug_2024/install/aug_2024/share/aug_2024/package.dsv'
[2.204s] INFO:colcon.colcon_core.shell:Creating package script '/home/dkflippo/aug2024/src/aug_2024/install/aug_2024/share/aug_2024/package.sh'
[2.205s] INFO:colcon.colcon_core.shell:Creating package script '/home/dkflippo/aug2024/src/aug_2024/install/aug_2024/share/aug_2024/package.bash'
[2.205s] INFO:colcon.colcon_core.shell:Creating package script '/home/dkflippo/aug2024/src/aug_2024/install/aug_2024/share/aug_2024/package.zsh'
[2.206s] Level 1:colcon.colcon_core.environment:create_file_with_runtime_dependencies(/home/dkflippo/aug2024/src/aug_2024/install/aug_2024/share/colcon-core/packages/aug_2024)
[2.207s] Level 1:colcon.colcon_core.environment:create_environment_scripts_only(aug_2024)
[2.207s] Level 1:colcon.colcon_core.environment:checking '/home/dkflippo/aug2024/src/aug_2024/install/aug_2024' for CMake module files
[2.207s] Level 1:colcon.colcon_core.environment:checking '/home/dkflippo/aug2024/src/aug_2024/install/aug_2024' for CMake config files
[2.208s] Level 1:colcon.colcon_core.shell:create_environment_hook('aug_2024', 'cmake_prefix_path')
[2.208s] INFO:colcon.colcon_core.shell:Creating environment hook '/home/dkflippo/aug2024/src/aug_2024/install/aug_2024/share/aug_2024/hook/cmake_prefix_path.ps1'
[2.208s] INFO:colcon.colcon_core.shell:Creating environment descriptor '/home/dkflippo/aug2024/src/aug_2024/install/aug_2024/share/aug_2024/hook/cmake_prefix_path.dsv'
[2.209s] INFO:colcon.colcon_core.shell:Creating environment hook '/home/dkflippo/aug2024/src/aug_2024/install/aug_2024/share/aug_2024/hook/cmake_prefix_path.sh'
[2.209s] Level 1:colcon.colcon_core.environment:checking '/home/dkflippo/aug2024/src/aug_2024/install/aug_2024/lib'
[2.209s] Level 1:colcon.colcon_core.environment:checking '/home/dkflippo/aug2024/src/aug_2024/install/aug_2024/bin'
[2.209s] Level 1:colcon.colcon_core.environment:checking '/home/dkflippo/aug2024/src/aug_2024/install/aug_2024/lib/pkgconfig/aug_2024.pc'
[2.210s] Level 1:colcon.colcon_core.environment:checking '/home/dkflippo/aug2024/src/aug_2024/install/aug_2024/lib/python3.10/site-packages'
[2.210s] Level 1:colcon.colcon_core.environment:checking '/home/dkflippo/aug2024/src/aug_2024/install/aug_2024/bin'
[2.210s] INFO:colcon.colcon_core.shell:Creating package script '/home/dkflippo/aug2024/src/aug_2024/install/aug_2024/share/aug_2024/package.ps1'
[2.210s] INFO:colcon.colcon_core.shell:Creating package descriptor '/home/dkflippo/aug2024/src/aug_2024/install/aug_2024/share/aug_2024/package.dsv'
[2.211s] INFO:colcon.colcon_core.shell:Creating package script '/home/dkflippo/aug2024/src/aug_2024/install/aug_2024/share/aug_2024/package.sh'
[2.211s] INFO:colcon.colcon_core.shell:Creating package script '/home/dkflippo/aug2024/src/aug_2024/install/aug_2024/share/aug_2024/package.bash'
[2.212s] INFO:colcon.colcon_core.shell:Creating package script '/home/dkflippo/aug2024/src/aug_2024/install/aug_2024/share/aug_2024/package.zsh'
[2.212s] Level 1:colcon.colcon_core.environment:create_file_with_runtime_dependencies(/home/dkflippo/aug2024/src/aug_2024/install/aug_2024/share/colcon-core/packages/aug_2024)
[2.212s] DEBUG:colcon.colcon_parallel_executor.executor.parallel:closing loop
[2.213s] DEBUG:colcon.colcon_parallel_executor.executor.parallel:loop closed
[2.213s] DEBUG:colcon.colcon_parallel_executor.executor.parallel:run_until_complete finished with '0'
[2.213s] DEBUG:colcon.colcon_core.event_reactor:joining thread
[2.219s] INFO:colcon.colcon_core.plugin_system:Skipping extension 'colcon_notification.desktop_notification.terminal_notifier': Not used on non-Darwin systems
[2.219s] INFO:colcon.colcon_core.plugin_system:Skipping extension 'colcon_notification.desktop_notification.win32': Not used on non-Windows systems
[2.219s] INFO:colcon.colcon_notification.desktop_notification:Sending desktop notification using 'notify2'
[2.229s] DEBUG:colcon.colcon_core.event_reactor:joined thread
[2.230s] INFO:colcon.colcon_core.shell:Creating prefix script '/home/dkflippo/aug2024/src/aug_2024/install/local_setup.ps1'
[2.232s] INFO:colcon.colcon_core.shell:Creating prefix util module '/home/dkflippo/aug2024/src/aug_2024/install/_local_setup_util_ps1.py'
[2.234s] INFO:colcon.colcon_core.shell:Creating prefix chain script '/home/dkflippo/aug2024/src/aug_2024/install/setup.ps1'
[2.236s] INFO:colcon.colcon_core.shell:Creating prefix script '/home/dkflippo/aug2024/src/aug_2024/install/local_setup.sh'
[2.237s] INFO:colcon.colcon_core.shell:Creating prefix util module '/home/dkflippo/aug2024/src/aug_2024/install/_local_setup_util_sh.py'
[2.238s] INFO:colcon.colcon_core.shell:Creating prefix chain script '/home/dkflippo/aug2024/src/aug_2024/install/setup.sh'
[2.240s] INFO:colcon.colcon_core.shell:Creating prefix script '/home/dkflippo/aug2024/src/aug_2024/install/local_setup.bash'
[2.240s] INFO:colcon.colcon_core.shell:Creating prefix chain script '/home/dkflippo/aug2024/src/aug_2024/install/setup.bash'
[2.242s] INFO:colcon.colcon_core.shell:Creating prefix script '/home/dkflippo/aug2024/src/aug_2024/install/local_setup.zsh'
[2.242s] INFO:colcon.colcon_core.shell:Creating prefix chain script '/home/dkflippo/aug2024/src/aug_2024/install/setup.zsh'
