[0.026s] Invoking command in '/home/dkflippo/aug2024/build/my_robot_nav2': CMAKE_PREFIX_PATH=${CMAKE_PREFIX_PATH}:/opt/ros/humble /usr/bin/cmake --build /home/dkflippo/aug2024/build/my_robot_nav2 -- -j12 -l12
[0.091s] Invoked command in '/home/dkflippo/aug2024/build/my_robot_nav2' returned '0': CMAKE_PREFIX_PATH=${CMAKE_PREFIX_PATH}:/opt/ros/humble /usr/bin/cmake --build /home/dkflippo/aug2024/build/my_robot_nav2 -- -j12 -l12
[0.162s] Invoking command in '/home/dkflippo/aug2024/build/my_robot_nav2': CMAKE_PREFIX_PATH=${CMAKE_PREFIX_PATH}:/opt/ros/humble /usr/bin/cmake --install /home/dkflippo/aug2024/build/my_robot_nav2
[0.172s] -- Install configuration: ""
[0.172s] -- Up-to-date: /home/dkflippo/aug2024/install/my_robot_nav2/share/my_robot_nav2//config
[0.172s] -- Up-to-date: /home/dkflippo/aug2024/install/my_robot_nav2/share/my_robot_nav2//config/nav2_params.yaml
[0.172s] -- Up-to-date: /home/dkflippo/aug2024/install/my_robot_nav2/share/my_robot_nav2//config/slam_toolbox_params.yaml
[0.173s] -- Up-to-date: /home/dkflippo/aug2024/install/my_robot_nav2/share/my_robot_nav2//include
[0.173s] -- Up-to-date: /home/dkflippo/aug2024/install/my_robot_nav2/share/my_robot_nav2//include/my_robot_nav2
[0.173s] -- Up-to-date: /home/dkflippo/aug2024/install/my_robot_nav2/share/my_robot_nav2//launch
[0.173s] -- Up-to-date: /home/dkflippo/aug2024/install/my_robot_nav2/share/my_robot_nav2//launch/slam_toolbox.launch.py
[0.174s] -- Up-to-date: /home/dkflippo/aug2024/install/my_robot_nav2/share/my_robot_nav2//maps
[0.174s] -- Up-to-date: /home/dkflippo/aug2024/install/my_robot_nav2/share/my_robot_nav2//maps/simple_map.yaml
[0.174s] -- Up-to-date: /home/dkflippo/aug2024/install/my_robot_nav2/share/my_robot_nav2//maps/simple_map.pgm
[0.174s] -- Up-to-date: /home/dkflippo/aug2024/install/my_robot_nav2/share/ament_index/resource_index/package_run_dependencies/my_robot_nav2
[0.174s] -- Up-to-date: /home/dkflippo/aug2024/install/my_robot_nav2/share/ament_index/resource_index/parent_prefix_path/my_robot_nav2
[0.175s] -- Up-to-date: /home/dkflippo/aug2024/install/my_robot_nav2/share/my_robot_nav2/environment/ament_prefix_path.sh
[0.175s] -- Up-to-date: /home/dkflippo/aug2024/install/my_robot_nav2/share/my_robot_nav2/environment/ament_prefix_path.dsv
[0.175s] -- Up-to-date: /home/dkflippo/aug2024/install/my_robot_nav2/share/my_robot_nav2/environment/path.sh
[0.175s] -- Up-to-date: /home/dkflippo/aug2024/install/my_robot_nav2/share/my_robot_nav2/environment/path.dsv
[0.175s] -- Up-to-date: /home/dkflippo/aug2024/install/my_robot_nav2/share/my_robot_nav2/local_setup.bash
[0.176s] -- Up-to-date: /home/dkflippo/aug2024/install/my_robot_nav2/share/my_robot_nav2/local_setup.sh
[0.176s] -- Up-to-date: /home/dkflippo/aug2024/install/my_robot_nav2/share/my_robot_nav2/local_setup.zsh
[0.176s] -- Up-to-date: /home/dkflippo/aug2024/install/my_robot_nav2/share/my_robot_nav2/local_setup.dsv
[0.177s] -- Installing: /home/dkflippo/aug2024/install/my_robot_nav2/share/my_robot_nav2/package.dsv
[0.177s] -- Up-to-date: /home/dkflippo/aug2024/install/my_robot_nav2/share/ament_index/resource_index/packages/my_robot_nav2
[0.178s] -- Up-to-date: /home/dkflippo/aug2024/install/my_robot_nav2/share/my_robot_nav2/cmake/my_robot_nav2Config.cmake
[0.179s] -- Up-to-date: /home/dkflippo/aug2024/install/my_robot_nav2/share/my_robot_nav2/cmake/my_robot_nav2Config-version.cmake
[0.179s] -- Up-to-date: /home/dkflippo/aug2024/install/my_robot_nav2/share/my_robot_nav2/package.xml
[0.182s] Invoked command in '/home/dkflippo/aug2024/build/my_robot_nav2' returned '0': CMAKE_PREFIX_PATH=${CMAKE_PREFIX_PATH}:/opt/ros/humble /usr/bin/cmake --install /home/dkflippo/aug2024/build/my_robot_nav2
