[0.045s] Invoking command in '/home/dkflippo/aug2024/build/gazebo_ros2_control_demos': CMAKE_PREFIX_PATH=/home/dkflippo/aug2024/install/gazebo_ros2_control:/home/dkflippo/aug2024/install/gazebo_ros2_control_demos:/home/dkflippo/aug2024/src/my_robot_nav2/install/my_robot_nav2:/home/dkflippo/aug2024/install/sllidar_ros2:/home/dkflippo/aug2024/install/my_robot_nav2:/home/dkflippo/aug2024/install/aug_2024:/home/dkflippo/aug2024/install/BMC_2024:/opt/ros/humble /usr/bin/cmake --build /home/dkflippo/aug2024/build/gazebo_ros2_control_demos -- -j12 -l12
[0.206s] [ 14%] Built target example_position
[0.213s] [ 28%] Built target example_effort
[0.223s] [ 42%] Built target example_position_pid
[0.234s] [ 57%] Built target example_gripper
[0.241s] [ 71%] Built target example_tricycle_drive
[0.241s] [ 85%] Built target example_diff_drive
[0.242s] [100%] Built target example_velocity
[0.266s] Invoked command in '/home/dkflippo/aug2024/build/gazebo_ros2_control_demos' returned '0': CMAKE_PREFIX_PATH=/home/dkflippo/aug2024/install/gazebo_ros2_control:/home/dkflippo/aug2024/install/gazebo_ros2_control_demos:/home/dkflippo/aug2024/src/my_robot_nav2/install/my_robot_nav2:/home/dkflippo/aug2024/install/sllidar_ros2:/home/dkflippo/aug2024/install/my_robot_nav2:/home/dkflippo/aug2024/install/aug_2024:/home/dkflippo/aug2024/install/BMC_2024:/opt/ros/humble /usr/bin/cmake --build /home/dkflippo/aug2024/build/gazebo_ros2_control_demos -- -j12 -l12
[0.360s] Invoking command in '/home/dkflippo/aug2024/build/gazebo_ros2_control_demos': CMAKE_PREFIX_PATH=/home/dkflippo/aug2024/install/gazebo_ros2_control:/home/dkflippo/aug2024/install/gazebo_ros2_control_demos:/home/dkflippo/aug2024/src/my_robot_nav2/install/my_robot_nav2:/home/dkflippo/aug2024/install/sllidar_ros2:/home/dkflippo/aug2024/install/my_robot_nav2:/home/dkflippo/aug2024/install/aug_2024:/home/dkflippo/aug2024/install/BMC_2024:/opt/ros/humble /usr/bin/cmake --install /home/dkflippo/aug2024/build/gazebo_ros2_control_demos
[0.370s] -- Install configuration: ""
[0.370s] -- Up-to-date: /home/dkflippo/aug2024/install/gazebo_ros2_control_demos/share/gazebo_ros2_control_demos//launch
[0.370s] -- Up-to-date: /home/dkflippo/aug2024/install/gazebo_ros2_control_demos/share/gazebo_ros2_control_demos//launch/cart_example_effort.launch.py
[0.370s] -- Up-to-date: /home/dkflippo/aug2024/install/gazebo_ros2_control_demos/share/gazebo_ros2_control_demos//launch/vertical_cart_example_velocity_pid.launch.py
[0.371s] -- Up-to-date: /home/dkflippo/aug2024/install/gazebo_ros2_control_demos/share/gazebo_ros2_control_demos//launch/diff_drive.launch.py
[0.371s] -- Up-to-date: /home/dkflippo/aug2024/install/gazebo_ros2_control_demos/share/gazebo_ros2_control_demos//launch/cart_example_position.launch.py
[0.371s] -- Up-to-date: /home/dkflippo/aug2024/install/gazebo_ros2_control_demos/share/gazebo_ros2_control_demos//launch/pendulum_example_effort.launch.py
[0.371s] -- Up-to-date: /home/dkflippo/aug2024/install/gazebo_ros2_control_demos/share/gazebo_ros2_control_demos//launch/gripper_mimic_joint_example.launch.py
[0.371s] -- Up-to-date: /home/dkflippo/aug2024/install/gazebo_ros2_control_demos/share/gazebo_ros2_control_demos//launch/pendulum_example_position.launch.py
[0.371s] -- Up-to-date: /home/dkflippo/aug2024/install/gazebo_ros2_control_demos/share/gazebo_ros2_control_demos//launch/cart_example_velocity.launch.py
[0.371s] -- Up-to-date: /home/dkflippo/aug2024/install/gazebo_ros2_control_demos/share/gazebo_ros2_control_demos//launch/vertical_cart_example_position_pid.launch.py
[0.371s] -- Up-to-date: /home/dkflippo/aug2024/install/gazebo_ros2_control_demos/share/gazebo_ros2_control_demos//launch/tricycle_drive.launch.py
[0.371s] -- Up-to-date: /home/dkflippo/aug2024/install/gazebo_ros2_control_demos/share/gazebo_ros2_control_demos//config
[0.371s] -- Up-to-date: /home/dkflippo/aug2024/install/gazebo_ros2_control_demos/share/gazebo_ros2_control_demos//config/cart_controller_effort.yaml
[0.372s] -- Up-to-date: /home/dkflippo/aug2024/install/gazebo_ros2_control_demos/share/gazebo_ros2_control_demos//config/gripper_controller.yaml
[0.372s] -- Up-to-date: /home/dkflippo/aug2024/install/gazebo_ros2_control_demos/share/gazebo_ros2_control_demos//config/cart_controller_velocity.yaml
[0.372s] -- Up-to-date: /home/dkflippo/aug2024/install/gazebo_ros2_control_demos/share/gazebo_ros2_control_demos//config/config.rviz
[0.372s] -- Up-to-date: /home/dkflippo/aug2024/install/gazebo_ros2_control_demos/share/gazebo_ros2_control_demos//config/diff_drive_controller.yaml
[0.372s] -- Up-to-date: /home/dkflippo/aug2024/install/gazebo_ros2_control_demos/share/gazebo_ros2_control_demos//config/cart_controller.yaml
[0.372s] -- Up-to-date: /home/dkflippo/aug2024/install/gazebo_ros2_control_demos/share/gazebo_ros2_control_demos//config/cart_controller_position.yaml
[0.372s] -- Up-to-date: /home/dkflippo/aug2024/install/gazebo_ros2_control_demos/share/gazebo_ros2_control_demos//config/tricycle_drive_controller.yaml
[0.373s] -- Up-to-date: /home/dkflippo/aug2024/install/gazebo_ros2_control_demos/share/gazebo_ros2_control_demos//urdf
[0.373s] -- Up-to-date: /home/dkflippo/aug2024/install/gazebo_ros2_control_demos/share/gazebo_ros2_control_demos//urdf/test_pendulum_effort.xacro.urdf
[0.373s] -- Up-to-date: /home/dkflippo/aug2024/install/gazebo_ros2_control_demos/share/gazebo_ros2_control_demos//urdf/test_diff_drive.xacro.urdf
[0.373s] -- Up-to-date: /home/dkflippo/aug2024/install/gazebo_ros2_control_demos/share/gazebo_ros2_control_demos//urdf/test_gripper_mimic_joint.xacro.urdf
[0.374s] -- Up-to-date: /home/dkflippo/aug2024/install/gazebo_ros2_control_demos/share/gazebo_ros2_control_demos//urdf/test_vertical_cart_position_pid.xacro.urdf
[0.374s] -- Up-to-date: /home/dkflippo/aug2024/install/gazebo_ros2_control_demos/share/gazebo_ros2_control_demos//urdf/test_cart_velocity.xacro.urdf
[0.374s] -- Up-to-date: /home/dkflippo/aug2024/install/gazebo_ros2_control_demos/share/gazebo_ros2_control_demos//urdf/test_cart_effort.xacro.urdf
[0.375s] -- Up-to-date: /home/dkflippo/aug2024/install/gazebo_ros2_control_demos/share/gazebo_ros2_control_demos//urdf/test_vertical_cart_velocity_pid.xacro.urdf
[0.375s] -- Up-to-date: /home/dkflippo/aug2024/install/gazebo_ros2_control_demos/share/gazebo_ros2_control_demos//urdf/test_tricycle_drive.xacro.urdf
[0.375s] -- Up-to-date: /home/dkflippo/aug2024/install/gazebo_ros2_control_demos/share/gazebo_ros2_control_demos//urdf/test_cart_position.xacro.urdf
[0.375s] -- Up-to-date: /home/dkflippo/aug2024/install/gazebo_ros2_control_demos/share/gazebo_ros2_control_demos//urdf/test_pendulum_position.xacro.urdf
[0.375s] -- Up-to-date: /home/dkflippo/aug2024/install/gazebo_ros2_control_demos/lib/gazebo_ros2_control_demos/example_position
[0.375s] -- Up-to-date: /home/dkflippo/aug2024/install/gazebo_ros2_control_demos/lib/gazebo_ros2_control_demos/example_position_pid
[0.375s] -- Up-to-date: /home/dkflippo/aug2024/install/gazebo_ros2_control_demos/lib/gazebo_ros2_control_demos/example_velocity
[0.376s] -- Up-to-date: /home/dkflippo/aug2024/install/gazebo_ros2_control_demos/lib/gazebo_ros2_control_demos/example_effort
[0.376s] -- Up-to-date: /home/dkflippo/aug2024/install/gazebo_ros2_control_demos/lib/gazebo_ros2_control_demos/example_diff_drive
[0.376s] -- Up-to-date: /home/dkflippo/aug2024/install/gazebo_ros2_control_demos/lib/gazebo_ros2_control_demos/example_tricycle_drive
[0.376s] -- Up-to-date: /home/dkflippo/aug2024/install/gazebo_ros2_control_demos/lib/gazebo_ros2_control_demos/example_gripper
[0.376s] -- Up-to-date: /home/dkflippo/aug2024/install/gazebo_ros2_control_demos/share/ament_index/resource_index/package_run_dependencies/gazebo_ros2_control_demos
[0.376s] -- Up-to-date: /home/dkflippo/aug2024/install/gazebo_ros2_control_demos/share/ament_index/resource_index/parent_prefix_path/gazebo_ros2_control_demos
[0.376s] -- Up-to-date: /home/dkflippo/aug2024/install/gazebo_ros2_control_demos/share/gazebo_ros2_control_demos/environment/ament_prefix_path.sh
[0.376s] -- Up-to-date: /home/dkflippo/aug2024/install/gazebo_ros2_control_demos/share/gazebo_ros2_control_demos/environment/ament_prefix_path.dsv
[0.376s] -- Up-to-date: /home/dkflippo/aug2024/install/gazebo_ros2_control_demos/share/gazebo_ros2_control_demos/environment/path.sh
[0.376s] -- Up-to-date: /home/dkflippo/aug2024/install/gazebo_ros2_control_demos/share/gazebo_ros2_control_demos/environment/path.dsv
[0.377s] -- Up-to-date: /home/dkflippo/aug2024/install/gazebo_ros2_control_demos/share/gazebo_ros2_control_demos/local_setup.bash
[0.377s] -- Up-to-date: /home/dkflippo/aug2024/install/gazebo_ros2_control_demos/share/gazebo_ros2_control_demos/local_setup.sh
[0.378s] -- Up-to-date: /home/dkflippo/aug2024/install/gazebo_ros2_control_demos/share/gazebo_ros2_control_demos/local_setup.zsh
[0.379s] -- Up-to-date: /home/dkflippo/aug2024/install/gazebo_ros2_control_demos/share/gazebo_ros2_control_demos/local_setup.dsv
[0.379s] -- Installing: /home/dkflippo/aug2024/install/gazebo_ros2_control_demos/share/gazebo_ros2_control_demos/package.dsv
[0.379s] -- Up-to-date: /home/dkflippo/aug2024/install/gazebo_ros2_control_demos/share/ament_index/resource_index/packages/gazebo_ros2_control_demos
[0.379s] -- Up-to-date: /home/dkflippo/aug2024/install/gazebo_ros2_control_demos/share/gazebo_ros2_control_demos/cmake/gazebo_ros2_control_demosConfig.cmake
[0.379s] -- Up-to-date: /home/dkflippo/aug2024/install/gazebo_ros2_control_demos/share/gazebo_ros2_control_demos/cmake/gazebo_ros2_control_demosConfig-version.cmake
[0.380s] -- Up-to-date: /home/dkflippo/aug2024/install/gazebo_ros2_control_demos/share/gazebo_ros2_control_demos/package.xml
[0.380s] Invoked command in '/home/dkflippo/aug2024/build/gazebo_ros2_control_demos' returned '0': CMAKE_PREFIX_PATH=/home/dkflippo/aug2024/install/gazebo_ros2_control:/home/dkflippo/aug2024/install/gazebo_ros2_control_demos:/home/dkflippo/aug2024/src/my_robot_nav2/install/my_robot_nav2:/home/dkflippo/aug2024/install/sllidar_ros2:/home/dkflippo/aug2024/install/my_robot_nav2:/home/dkflippo/aug2024/install/aug_2024:/home/dkflippo/aug2024/install/BMC_2024:/opt/ros/humble /usr/bin/cmake --install /home/dkflippo/aug2024/build/gazebo_ros2_control_demos
