[0.020s] Invoking command in '/home/dkflippo/aug2024/build/gazebo_ros2_control_demos': CMAKE_PREFIX_PATH=${CMAKE_PREFIX_PATH}:/opt/ros/humble /usr/bin/cmake --build /home/dkflippo/aug2024/build/gazebo_ros2_control_demos -- -j12 -l12
[0.106s] [ 14%] Built target example_gripper
[0.106s] [ 35%] Built target example_effort
[0.106s] [ 50%] Built target example_diff_drive
[0.107s] [ 57%] Built target example_velocity
[0.107s] [ 71%] Built target example_position_pid
[0.111s] [ 85%] Built target example_tricycle_drive
[0.122s] [100%] Built target example_position
[0.149s] Invoked command in '/home/dkflippo/aug2024/build/gazebo_ros2_control_demos' returned '0': CMAKE_PREFIX_PATH=${CMAKE_PREFIX_PATH}:/opt/ros/humble /usr/bin/cmake --build /home/dkflippo/aug2024/build/gazebo_ros2_control_demos -- -j12 -l12
[0.222s] Invoking command in '/home/dkflippo/aug2024/build/gazebo_ros2_control_demos': CMAKE_PREFIX_PATH=${CMAKE_PREFIX_PATH}:/opt/ros/humble /usr/bin/cmake --install /home/dkflippo/aug2024/build/gazebo_ros2_control_demos
[0.234s] -- Install configuration: ""
[0.234s] -- Up-to-date: /home/dkflippo/aug2024/install/gazebo_ros2_control_demos/share/gazebo_ros2_control_demos//launch
[0.235s] -- Up-to-date: /home/dkflippo/aug2024/install/gazebo_ros2_control_demos/share/gazebo_ros2_control_demos//launch/cart_example_effort.launch.py
[0.235s] -- Up-to-date: /home/dkflippo/aug2024/install/gazebo_ros2_control_demos/share/gazebo_ros2_control_demos//launch/vertical_cart_example_velocity_pid.launch.py
[0.235s] -- Up-to-date: /home/dkflippo/aug2024/install/gazebo_ros2_control_demos/share/gazebo_ros2_control_demos//launch/diff_drive.launch.py
[0.236s] -- Up-to-date: /home/dkflippo/aug2024/install/gazebo_ros2_control_demos/share/gazebo_ros2_control_demos//launch/cart_example_position.launch.py
[0.236s] -- Up-to-date: /home/dkflippo/aug2024/install/gazebo_ros2_control_demos/share/gazebo_ros2_control_demos//launch/pendulum_example_effort.launch.py
[0.236s] -- Up-to-date: /home/dkflippo/aug2024/install/gazebo_ros2_control_demos/share/gazebo_ros2_control_demos//launch/gripper_mimic_joint_example.launch.py
[0.236s] -- Up-to-date: /home/dkflippo/aug2024/install/gazebo_ros2_control_demos/share/gazebo_ros2_control_demos//launch/pendulum_example_position.launch.py
[0.236s] -- Up-to-date: /home/dkflippo/aug2024/install/gazebo_ros2_control_demos/share/gazebo_ros2_control_demos//launch/cart_example_velocity.launch.py
[0.236s] -- Up-to-date: /home/dkflippo/aug2024/install/gazebo_ros2_control_demos/share/gazebo_ros2_control_demos//launch/vertical_cart_example_position_pid.launch.py
[0.237s] -- Up-to-date: /home/dkflippo/aug2024/install/gazebo_ros2_control_demos/share/gazebo_ros2_control_demos//launch/tricycle_drive.launch.py
[0.237s] -- Up-to-date: /home/dkflippo/aug2024/install/gazebo_ros2_control_demos/share/gazebo_ros2_control_demos//config
[0.237s] -- Up-to-date: /home/dkflippo/aug2024/install/gazebo_ros2_control_demos/share/gazebo_ros2_control_demos//config/cart_controller_effort.yaml
[0.237s] -- Up-to-date: /home/dkflippo/aug2024/install/gazebo_ros2_control_demos/share/gazebo_ros2_control_demos//config/gripper_controller.yaml
[0.237s] -- Up-to-date: /home/dkflippo/aug2024/install/gazebo_ros2_control_demos/share/gazebo_ros2_control_demos//config/cart_controller_velocity.yaml
[0.237s] -- Up-to-date: /home/dkflippo/aug2024/install/gazebo_ros2_control_demos/share/gazebo_ros2_control_demos//config/config.rviz
[0.237s] -- Up-to-date: /home/dkflippo/aug2024/install/gazebo_ros2_control_demos/share/gazebo_ros2_control_demos//config/diff_drive_controller.yaml
[0.238s] -- Up-to-date: /home/dkflippo/aug2024/install/gazebo_ros2_control_demos/share/gazebo_ros2_control_demos//config/cart_controller.yaml
[0.238s] -- Up-to-date: /home/dkflippo/aug2024/install/gazebo_ros2_control_demos/share/gazebo_ros2_control_demos//config/cart_controller_position.yaml
[0.238s] -- Up-to-date: /home/dkflippo/aug2024/install/gazebo_ros2_control_demos/share/gazebo_ros2_control_demos//config/tricycle_drive_controller.yaml
[0.238s] -- Up-to-date: /home/dkflippo/aug2024/install/gazebo_ros2_control_demos/share/gazebo_ros2_control_demos//urdf
[0.238s] -- Up-to-date: /home/dkflippo/aug2024/install/gazebo_ros2_control_demos/share/gazebo_ros2_control_demos//urdf/test_pendulum_effort.xacro.urdf
[0.238s] -- Up-to-date: /home/dkflippo/aug2024/install/gazebo_ros2_control_demos/share/gazebo_ros2_control_demos//urdf/test_diff_drive.xacro.urdf
[0.238s] -- Up-to-date: /home/dkflippo/aug2024/install/gazebo_ros2_control_demos/share/gazebo_ros2_control_demos//urdf/test_gripper_mimic_joint.xacro.urdf
[0.238s] -- Up-to-date: /home/dkflippo/aug2024/install/gazebo_ros2_control_demos/share/gazebo_ros2_control_demos//urdf/test_vertical_cart_position_pid.xacro.urdf
[0.239s] -- Up-to-date: /home/dkflippo/aug2024/install/gazebo_ros2_control_demos/share/gazebo_ros2_control_demos//urdf/test_cart_velocity.xacro.urdf
[0.239s] -- Up-to-date: /home/dkflippo/aug2024/install/gazebo_ros2_control_demos/share/gazebo_ros2_control_demos//urdf/test_cart_effort.xacro.urdf
[0.239s] -- Up-to-date: /home/dkflippo/aug2024/install/gazebo_ros2_control_demos/share/gazebo_ros2_control_demos//urdf/test_vertical_cart_velocity_pid.xacro.urdf
[0.239s] -- Up-to-date: /home/dkflippo/aug2024/install/gazebo_ros2_control_demos/share/gazebo_ros2_control_demos//urdf/test_tricycle_drive.xacro.urdf
[0.239s] -- Up-to-date: /home/dkflippo/aug2024/install/gazebo_ros2_control_demos/share/gazebo_ros2_control_demos//urdf/test_cart_position.xacro.urdf
[0.239s] -- Up-to-date: /home/dkflippo/aug2024/install/gazebo_ros2_control_demos/share/gazebo_ros2_control_demos//urdf/test_pendulum_position.xacro.urdf
[0.239s] -- Up-to-date: /home/dkflippo/aug2024/install/gazebo_ros2_control_demos/lib/gazebo_ros2_control_demos/example_position
[0.240s] -- Up-to-date: /home/dkflippo/aug2024/install/gazebo_ros2_control_demos/lib/gazebo_ros2_control_demos/example_position_pid
[0.240s] -- Up-to-date: /home/dkflippo/aug2024/install/gazebo_ros2_control_demos/lib/gazebo_ros2_control_demos/example_velocity
[0.240s] -- Up-to-date: /home/dkflippo/aug2024/install/gazebo_ros2_control_demos/lib/gazebo_ros2_control_demos/example_effort
[0.240s] -- Up-to-date: /home/dkflippo/aug2024/install/gazebo_ros2_control_demos/lib/gazebo_ros2_control_demos/example_diff_drive
[0.240s] -- Up-to-date: /home/dkflippo/aug2024/install/gazebo_ros2_control_demos/lib/gazebo_ros2_control_demos/example_tricycle_drive
[0.240s] -- Up-to-date: /home/dkflippo/aug2024/install/gazebo_ros2_control_demos/lib/gazebo_ros2_control_demos/example_gripper
[0.241s] -- Up-to-date: /home/dkflippo/aug2024/install/gazebo_ros2_control_demos/share/ament_index/resource_index/package_run_dependencies/gazebo_ros2_control_demos
[0.241s] -- Up-to-date: /home/dkflippo/aug2024/install/gazebo_ros2_control_demos/share/ament_index/resource_index/parent_prefix_path/gazebo_ros2_control_demos
[0.241s] -- Up-to-date: /home/dkflippo/aug2024/install/gazebo_ros2_control_demos/share/gazebo_ros2_control_demos/environment/ament_prefix_path.sh
[0.241s] -- Up-to-date: /home/dkflippo/aug2024/install/gazebo_ros2_control_demos/share/gazebo_ros2_control_demos/environment/ament_prefix_path.dsv
[0.241s] -- Up-to-date: /home/dkflippo/aug2024/install/gazebo_ros2_control_demos/share/gazebo_ros2_control_demos/environment/path.sh
[0.241s] -- Up-to-date: /home/dkflippo/aug2024/install/gazebo_ros2_control_demos/share/gazebo_ros2_control_demos/environment/path.dsv
[0.241s] -- Up-to-date: /home/dkflippo/aug2024/install/gazebo_ros2_control_demos/share/gazebo_ros2_control_demos/local_setup.bash
[0.241s] -- Up-to-date: /home/dkflippo/aug2024/install/gazebo_ros2_control_demos/share/gazebo_ros2_control_demos/local_setup.sh
[0.242s] -- Up-to-date: /home/dkflippo/aug2024/install/gazebo_ros2_control_demos/share/gazebo_ros2_control_demos/local_setup.zsh
[0.242s] -- Up-to-date: /home/dkflippo/aug2024/install/gazebo_ros2_control_demos/share/gazebo_ros2_control_demos/local_setup.dsv
[0.242s] -- Installing: /home/dkflippo/aug2024/install/gazebo_ros2_control_demos/share/gazebo_ros2_control_demos/package.dsv
[0.242s] -- Up-to-date: /home/dkflippo/aug2024/install/gazebo_ros2_control_demos/share/ament_index/resource_index/packages/gazebo_ros2_control_demos
[0.242s] -- Up-to-date: /home/dkflippo/aug2024/install/gazebo_ros2_control_demos/share/gazebo_ros2_control_demos/cmake/gazebo_ros2_control_demosConfig.cmake
[0.242s] -- Up-to-date: /home/dkflippo/aug2024/install/gazebo_ros2_control_demos/share/gazebo_ros2_control_demos/cmake/gazebo_ros2_control_demosConfig-version.cmake
[0.242s] -- Up-to-date: /home/dkflippo/aug2024/install/gazebo_ros2_control_demos/share/gazebo_ros2_control_demos/package.xml
[0.244s] Invoked command in '/home/dkflippo/aug2024/build/gazebo_ros2_control_demos' returned '0': CMAKE_PREFIX_PATH=${CMAKE_PREFIX_PATH}:/opt/ros/humble /usr/bin/cmake --install /home/dkflippo/aug2024/build/gazebo_ros2_control_demos
