[0.014s] Invoking command in '/home/dkflippo/aug2024/src/aug_2024/build/aug_2024': CMAKE_PREFIX_PATH=${CMAKE_PREFIX_PATH}:/opt/ros/humble /usr/bin/cmake --build /home/dkflippo/aug2024/src/aug_2024/build/aug_2024 -- -j12 -l12
[0.048s] -- Found ament_cmake: 1.3.10 (/opt/ros/humble/share/ament_cmake/cmake)
[0.176s] -- Found rclcpp: 16.0.10 (/opt/ros/humble/share/rclcpp/cmake)
[0.209s] -- Found rosidl_generator_c: 3.1.5 (/opt/ros/humble/share/rosidl_generator_c/cmake)
[0.212s] -- Found rosidl_adapter: 3.1.5 (/opt/ros/humble/share/rosidl_adapter/cmake)
[0.217s] -- Found rosidl_generator_cpp: 3.1.5 (/opt/ros/humble/share/rosidl_generator_cpp/cmake)
[0.231s] -- Using all available rosidl_typesupport_c: rosidl_typesupport_fastrtps_c;rosidl_typesupport_introspection_c
[0.247s] -- Using all available rosidl_typesupport_cpp: rosidl_typesupport_fastrtps_cpp;rosidl_typesupport_introspection_cpp
[0.280s] -- Found rmw_implementation_cmake: 6.1.2 (/opt/ros/humble/share/rmw_implementation_cmake/cmake)
[0.282s] -- Found rmw_fastrtps_cpp: 6.2.7 (/opt/ros/humble/share/rmw_fastrtps_cpp/cmake)
[0.398s] -- Using RMW implementation 'rmw_fastrtps_cpp' as default
[0.455s] -- Found sensor_msgs: 4.2.4 (/opt/ros/humble/share/sensor_msgs/cmake)
[0.485s] -- Found robot_state_publisher: 3.0.3 (/opt/ros/humble/share/robot_state_publisher/cmake)
[0.489s] -- Found eigen3_cmake_module: 0.1.1 (/opt/ros/humble/share/eigen3_cmake_module/cmake)
[0.491s] -- Ensuring Eigen3 include directory is part of orocos-kdl CMake target
[0.600s] -- Found xacro: 2.0.8 (/opt/ros/humble/share/xacro/cmake)
[0.600s] -- Found controller_manager: 2.43.1 (/opt/ros/humble/share/controller_manager/cmake)
[0.695s] -- Found joint_state_broadcaster: 2.37.3 (/opt/ros/humble/share/joint_state_broadcaster/cmake)
[0.700s] -- Found parameter_traits: 0.3.9 (/opt/ros/humble/share/parameter_traits/cmake)
[0.711s] -- Found diff_drive_controller: 2.37.3 (/opt/ros/humble/share/diff_drive_controller/cmake)
[0.740s] -- Found gazebo_ros: 3.7.0 (/opt/ros/humble/share/gazebo_ros/cmake)
[0.776s] -- Found DART: /usr/include (Required is at least version "6.6") found components: dart 
[0.803s] -- Found Protobuf: /usr/lib/x86_64-linux-gnu/libprotobuf.so (found version "3.12.4") 
[0.805s] -- Looking for ignition-math6 -- found version 6.15.1
[0.810s] -- Searching for dependencies of ignition-math6
[0.812s] -- Looking for OGRE...
[0.817s] -- Found Ogre Ghadamon (1.9.0)
[0.818s] -- Found OGRE: optimized;/usr/lib/x86_64-linux-gnu/libOgreMain.so;debug;/usr/lib/x86_64-linux-gnu/libOgreMain.so
[0.827s] -- Looking for OGRE_Paging...
[0.827s] -- Found OGRE_Paging: optimized;/usr/lib/x86_64-linux-gnu/libOgrePaging.so;debug;/usr/lib/x86_64-linux-gnu/libOgrePaging.so
[0.828s] -- Looking for OGRE_Terrain...
[0.828s] -- Found OGRE_Terrain: optimized;/usr/lib/x86_64-linux-gnu/libOgreTerrain.so;debug;/usr/lib/x86_64-linux-gnu/libOgreTerrain.so
[0.828s] -- Looking for OGRE_Property...
[0.828s] -- Found OGRE_Property: optimized;/usr/lib/x86_64-linux-gnu/libOgreProperty.so;debug;/usr/lib/x86_64-linux-gnu/libOgreProperty.so
[0.828s] -- Looking for OGRE_RTShaderSystem...
[0.829s] -- Found OGRE_RTShaderSystem: optimized;/usr/lib/x86_64-linux-gnu/libOgreRTShaderSystem.so;debug;/usr/lib/x86_64-linux-gnu/libOgreRTShaderSystem.so
[0.829s] -- Looking for OGRE_Volume...
[0.829s] -- Found OGRE_Volume: optimized;/usr/lib/x86_64-linux-gnu/libOgreVolume.so;debug;/usr/lib/x86_64-linux-gnu/libOgreVolume.so
[0.829s] -- Looking for OGRE_Overlay...
[0.829s] -- Found OGRE_Overlay: optimized;/usr/lib/x86_64-linux-gnu/libOgreOverlay.so;debug;/usr/lib/x86_64-linux-gnu/libOgreOverlay.so
[0.985s] -- Looking for ignition-math6 -- found version 6.15.1
[0.985s] -- Looking for ignition-transport8 -- found version 8.2.1
[0.985s] -- Searching for dependencies of ignition-transport8
[1.006s] -- Found Protobuf: /usr/lib/x86_64-linux-gnu/libprotobuf.so (found suitable version "3.12.4", minimum required is "3") 
[1.019s] -- Config-file not installed for ZeroMQ -- checking for pkg-config
[1.025s] -- Checking for module 'libzmq >= 4'
[1.049s] --   Found libzmq , version 4.3.4
[1.100s] -- Checking for module 'uuid'
[1.116s] --   Found uuid, version 2.37.2
[1.165s] -- Looking for ignition-msgs5 -- found version 5.8.1
[1.165s] -- Searching for dependencies of ignition-msgs5
[1.186s] -- Looking for ignition-math6 -- found version 6.15.1
[1.193s] -- Looking for ignition-msgs5 -- found version 5.8.1
[1.194s] -- Looking for ignition-common3 -- found version 3.14.0
[1.194s] -- Searching for dependencies of ignition-common3
[1.194s] -- Looking for dlfcn.h - found
[1.194s] -- Looking for libdl - found
[1.205s] -- Searching for <ignition-common3> component [graphics]
[1.205s] -- Looking for ignition-common3-graphics -- found version 3.14.0
[1.206s] -- Searching for dependencies of ignition-common3-graphics
[1.207s] -- Looking for ignition-math6 -- found version 6.15.1
[1.208s] -- Looking for ignition-fuel_tools4 -- found version 4.4.0
[1.209s] -- Searching for dependencies of ignition-fuel_tools4
[1.257s] -- Checking for module 'jsoncpp'
[1.276s] --   Found jsoncpp, version 1.9.5
[1.321s] -- Checking for module 'libzip'
[1.342s] --   Found libzip, version 1.7.3
[1.386s] -- Looking for ignition-common3 -- found version 3.14.0
[1.387s] -- Looking for ignition-math6 -- found version 6.15.1
[1.387s] -- Looking for ignition-msgs5 -- found version 5.8.1
[1.388s] -- Gazebo version: 11.10
[1.390s] -- Found gazebo_ros2_control: 0.4.9 (/home/dkflippo/aug2024/install/gazebo_ros2_control/share/gazebo_ros2_control/cmake)
[1.404s] -- Found ros2_control: 2.43.1 (/opt/ros/humble/share/ros2_control/cmake)
[1.404s] -- Found ros2_controllers: 2.37.3 (/opt/ros/humble/share/ros2_controllers/cmake)
[1.405s] -- Found BMC_2024: 0.0.0 (/home/dkflippo/aug2024/install/BMC_2024/share/BMC_2024/cmake)
[1.486s] -- Configuring done
[1.495s] -- Generating done
[1.500s] -- Build files have been written to: /home/dkflippo/aug2024/src/aug_2024/build/aug_2024
[1.541s] Invoked command in '/home/dkflippo/aug2024/src/aug_2024/build/aug_2024' returned '0': CMAKE_PREFIX_PATH=${CMAKE_PREFIX_PATH}:/opt/ros/humble /usr/bin/cmake --build /home/dkflippo/aug2024/src/aug_2024/build/aug_2024 -- -j12 -l12
[1.555s] Invoking command in '/home/dkflippo/aug2024/src/aug_2024/build/aug_2024': CMAKE_PREFIX_PATH=${CMAKE_PREFIX_PATH}:/opt/ros/humble /usr/bin/cmake --install /home/dkflippo/aug2024/src/aug_2024/build/aug_2024
[1.565s] -- Install configuration: ""
[1.566s] -- Up-to-date: /home/dkflippo/aug2024/src/aug_2024/install/aug_2024/lib/aug_2024/waypoint_navigator.py
[1.566s] -- Up-to-date: /home/dkflippo/aug2024/src/aug_2024/install/aug_2024/share/aug_2024//config
[1.566s] -- Up-to-date: /home/dkflippo/aug2024/src/aug_2024/install/aug_2024/share/aug_2024//config/nav2_params.yaml
[1.566s] -- Up-to-date: /home/dkflippo/aug2024/src/aug_2024/install/aug_2024/share/aug_2024//config/backup
[1.566s] -- Up-to-date: /home/dkflippo/aug2024/src/aug_2024/install/aug_2024/share/aug_2024//config/backup/map1.pgm
[1.566s] -- Up-to-date: /home/dkflippo/aug2024/src/aug_2024/install/aug_2024/share/aug_2024//config/backup/map1.yaml
[1.566s] -- Up-to-date: /home/dkflippo/aug2024/src/aug_2024/install/aug_2024/share/aug_2024//config/amcl_config.yaml
[1.567s] -- Up-to-date: /home/dkflippo/aug2024/src/aug_2024/install/aug_2024/share/aug_2024//config/map1.pgm
[1.567s] -- Up-to-date: /home/dkflippo/aug2024/src/aug_2024/install/aug_2024/share/aug_2024//config/twist_mux.yaml
[1.567s] -- Up-to-date: /home/dkflippo/aug2024/src/aug_2024/install/aug_2024/share/aug_2024//config/map1.yaml
[1.567s] -- Up-to-date: /home/dkflippo/aug2024/src/aug_2024/install/aug_2024/share/aug_2024//config/gazebo_ros2_control_params.yaml
[1.567s] -- Up-to-date: /home/dkflippo/aug2024/src/aug_2024/install/aug_2024/share/aug_2024//config/flippo_controllers.yaml
[1.567s] -- Up-to-date: /home/dkflippo/aug2024/src/aug_2024/install/aug_2024/share/aug_2024//config/ekf.yaml
[1.567s] -- Up-to-date: /home/dkflippo/aug2024/src/aug_2024/install/aug_2024/share/aug_2024//description
[1.567s] -- Up-to-date: /home/dkflippo/aug2024/src/aug_2024/install/aug_2024/share/aug_2024//description/launch
[1.567s] -- Up-to-date: /home/dkflippo/aug2024/src/aug_2024/install/aug_2024/share/aug_2024//description/config
[1.567s] -- Up-to-date: /home/dkflippo/aug2024/src/aug_2024/install/aug_2024/share/aug_2024//description/config/aug_2024_joint_names.yaml
[1.567s] -- Up-to-date: /home/dkflippo/aug2024/src/aug_2024/install/aug_2024/share/aug_2024//description/config/ekf.yaml
[1.568s] -- Up-to-date: /home/dkflippo/aug2024/src/aug_2024/install/aug_2024/share/aug_2024//description/urdf
[1.568s] -- Up-to-date: /home/dkflippo/aug2024/src/aug_2024/install/aug_2024/share/aug_2024//description/urdf/aug_2024-cast.urdf
[1.568s] -- Up-to-date: /home/dkflippo/aug2024/src/aug_2024/install/aug_2024/share/aug_2024//description/urdf/aug_2024-nocaster.urdf
[1.568s] -- Up-to-date: /home/dkflippo/aug2024/src/aug_2024/install/aug_2024/share/aug_2024//description/urdf/aug_2024-1.xacro
[1.568s] -- Up-to-date: /home/dkflippo/aug2024/src/aug_2024/install/aug_2024/share/aug_2024//description/urdf/aug_2024_old.xacro
[1.568s] -- Up-to-date: /home/dkflippo/aug2024/src/aug_2024/install/aug_2024/share/aug_2024//description/urdf/aug_2024.urdf
[1.568s] -- Up-to-date: /home/dkflippo/aug2024/src/aug_2024/install/aug_2024/share/aug_2024//description/urdf/aug_2024 _no_caster.xacro
[1.568s] -- Up-to-date: /home/dkflippo/aug2024/src/aug_2024/install/aug_2024/share/aug_2024//description/rviz
[1.568s] -- Up-to-date: /home/dkflippo/aug2024/src/aug_2024/install/aug_2024/share/aug_2024//description/rviz/urdf_config.rviz
[1.568s] -- Up-to-date: /home/dkflippo/aug2024/src/aug_2024/install/aug_2024/share/aug_2024//description/meshes
[1.568s] -- Up-to-date: /home/dkflippo/aug2024/src/aug_2024/install/aug_2024/share/aug_2024//description/meshes/rear_right_wheel_link.STL
[1.569s] -- Up-to-date: /home/dkflippo/aug2024/src/aug_2024/install/aug_2024/share/aug_2024//description/meshes/front_right_wheel_link.STL
[1.569s] -- Up-to-date: /home/dkflippo/aug2024/src/aug_2024/install/aug_2024/share/aug_2024//description/meshes/rear_left_wheel_link.STL
[1.569s] -- Up-to-date: /home/dkflippo/aug2024/src/aug_2024/install/aug_2024/share/aug_2024//description/meshes/front_left_wheel_link.STL
[1.569s] -- Up-to-date: /home/dkflippo/aug2024/src/aug_2024/install/aug_2024/share/aug_2024//description/meshes/chassis_link.STL
[1.569s] -- Up-to-date: /home/dkflippo/aug2024/src/aug_2024/install/aug_2024/share/aug_2024//launch
[1.569s] -- Up-to-date: /home/dkflippo/aug2024/src/aug_2024/install/aug_2024/share/aug_2024//launch/aug_2024_launch.py
[1.569s] -- Up-to-date: /home/dkflippo/aug2024/src/aug_2024/install/aug_2024/share/aug_2024//launch/aug_2024_sim_launch.py
[1.569s] -- Up-to-date: /home/dkflippo/aug2024/src/aug_2024/install/aug_2024/share/aug_2024//launch/sllidar_a2m12_launch .py
[1.569s] -- Up-to-date: /home/dkflippo/aug2024/src/aug_2024/install/aug_2024/share/aug_2024//launch/aug_2024_sim_launch1.py
[1.569s] -- Up-to-date: /home/dkflippo/aug2024/src/aug_2024/install/aug_2024/share/aug_2024//launch/ros2_control_debug.launch.py
[1.569s] -- Up-to-date: /home/dkflippo/aug2024/src/aug_2024/install/aug_2024/share/aug_2024//worlds
[1.569s] -- Up-to-date: /home/dkflippo/aug2024/src/aug_2024/install/aug_2024/share/aug_2024//worlds/usda_rough_dim.sdf
[1.569s] -- Up-to-date: /home/dkflippo/aug2024/src/aug_2024/install/aug_2024/share/aug_2024//worlds/gaz_goof_001
[1.569s] -- Up-to-date: /home/dkflippo/aug2024/src/aug_2024/install/aug_2024/share/aug_2024//worlds/usda_build_full
[1.569s] -- Up-to-date: /home/dkflippo/aug2024/src/aug_2024/install/aug_2024/share/aug_2024//worlds/usda_build_full/model.config
[1.569s] -- Up-to-date: /home/dkflippo/aug2024/src/aug_2024/install/aug_2024/share/aug_2024//worlds/usda_build_full/model.sdf
[1.570s] -- Up-to-date: /home/dkflippo/aug2024/src/aug_2024/install/aug_2024/share/ament_index/resource_index/package_run_dependencies/aug_2024
[1.570s] -- Up-to-date: /home/dkflippo/aug2024/src/aug_2024/install/aug_2024/share/ament_index/resource_index/parent_prefix_path/aug_2024
[1.570s] -- Up-to-date: /home/dkflippo/aug2024/src/aug_2024/install/aug_2024/share/aug_2024/environment/ament_prefix_path.sh
[1.570s] -- Installing: /home/dkflippo/aug2024/src/aug_2024/install/aug_2024/share/aug_2024/environment/ament_prefix_path.dsv
[1.570s] -- Up-to-date: /home/dkflippo/aug2024/src/aug_2024/install/aug_2024/share/aug_2024/environment/path.sh
[1.570s] -- Installing: /home/dkflippo/aug2024/src/aug_2024/install/aug_2024/share/aug_2024/environment/path.dsv
[1.570s] -- Up-to-date: /home/dkflippo/aug2024/src/aug_2024/install/aug_2024/share/aug_2024/local_setup.bash
[1.570s] -- Up-to-date: /home/dkflippo/aug2024/src/aug_2024/install/aug_2024/share/aug_2024/local_setup.sh
[1.570s] -- Up-to-date: /home/dkflippo/aug2024/src/aug_2024/install/aug_2024/share/aug_2024/local_setup.zsh
[1.571s] -- Installing: /home/dkflippo/aug2024/src/aug_2024/install/aug_2024/share/aug_2024/local_setup.dsv
[1.571s] -- Installing: /home/dkflippo/aug2024/src/aug_2024/install/aug_2024/share/aug_2024/package.dsv
[1.571s] -- Up-to-date: /home/dkflippo/aug2024/src/aug_2024/install/aug_2024/share/ament_index/resource_index/packages/aug_2024
[1.571s] -- Up-to-date: /home/dkflippo/aug2024/src/aug_2024/install/aug_2024/share/aug_2024/cmake/aug_2024Config.cmake
[1.572s] -- Up-to-date: /home/dkflippo/aug2024/src/aug_2024/install/aug_2024/share/aug_2024/cmake/aug_2024Config-version.cmake
[1.572s] -- Up-to-date: /home/dkflippo/aug2024/src/aug_2024/install/aug_2024/share/aug_2024/package.xml
[1.572s] Invoked command in '/home/dkflippo/aug2024/src/aug_2024/build/aug_2024' returned '0': CMAKE_PREFIX_PATH=${CMAKE_PREFIX_PATH}:/opt/ros/humble /usr/bin/cmake --install /home/dkflippo/aug2024/src/aug_2024/build/aug_2024
