[0.022s] Invoking command in '/home/dkflippo/aug2024/build/gazebo_ros2_control': CMAKE_PREFIX_PATH=${CMAKE_PREFIX_PATH}:/opt/ros/humble /usr/bin/cmake --build /home/dkflippo/aug2024/build/gazebo_ros2_control -- -j12 -l12
[0.142s] [ 25%] [32mBuilding CXX object CMakeFiles/gazebo_hardware_plugins.dir/src/gazebo_system.cpp.o[0m
[0.153s] [ 50%] [32mBuilding CXX object CMakeFiles/gazebo_ros2_control.dir/src/gazebo_ros2_control_plugin.cpp.o[0m
[14.823s] [ 75%] [32m[1mLinking CXX shared library libgazebo_hardware_plugins.so[0m
[15.352s] [ 75%] Built target gazebo_hardware_plugins
[16.518s] [100%] [32m[1mLinking CXX shared library libgazebo_ros2_control.so[0m
[17.116s] [100%] Built target gazebo_ros2_control
[17.133s] Invoked command in '/home/dkflippo/aug2024/build/gazebo_ros2_control' returned '0': CMAKE_PREFIX_PATH=${CMAKE_PREFIX_PATH}:/opt/ros/humble /usr/bin/cmake --build /home/dkflippo/aug2024/build/gazebo_ros2_control -- -j12 -l12
[17.168s] Invoking command in '/home/dkflippo/aug2024/build/gazebo_ros2_control': CMAKE_PREFIX_PATH=${CMAKE_PREFIX_PATH}:/opt/ros/humble /usr/bin/cmake --install /home/dkflippo/aug2024/build/gazebo_ros2_control
[17.176s] -- Install configuration: ""
[17.176s] -- Installing: /home/dkflippo/aug2024/install/gazebo_ros2_control/lib/libgazebo_ros2_control.so
[17.180s] -- Set runtime path of "/home/dkflippo/aug2024/install/gazebo_ros2_control/lib/libgazebo_ros2_control.so" to ""
[17.180s] -- Installing: /home/dkflippo/aug2024/install/gazebo_ros2_control/lib/libgazebo_hardware_plugins.so
[17.183s] -- Set runtime path of "/home/dkflippo/aug2024/install/gazebo_ros2_control/lib/libgazebo_hardware_plugins.so" to ""
[17.183s] -- Up-to-date: /home/dkflippo/aug2024/install/gazebo_ros2_control/share/gazebo_ros2_control/environment/library_path.sh
[17.183s] -- Up-to-date: /home/dkflippo/aug2024/install/gazebo_ros2_control/share/gazebo_ros2_control/environment/library_path.dsv
[17.183s] -- Up-to-date: /home/dkflippo/aug2024/install/gazebo_ros2_control/include/gazebo_ros2_control
[17.183s] -- Up-to-date: /home/dkflippo/aug2024/install/gazebo_ros2_control/include/gazebo_ros2_control/gazebo_system.hpp
[17.183s] -- Up-to-date: /home/dkflippo/aug2024/install/gazebo_ros2_control/include/gazebo_ros2_control/gazebo_ros2_control_plugin.hpp
[17.183s] -- Up-to-date: /home/dkflippo/aug2024/install/gazebo_ros2_control/include/gazebo_ros2_control/gazebo_system_interface.hpp
[17.183s] -- Up-to-date: /home/dkflippo/aug2024/install/gazebo_ros2_control/share/gazebo_ros2_control/gazebo_hardware_plugins.xml
[17.184s] -- Up-to-date: /home/dkflippo/aug2024/install/gazebo_ros2_control/share/ament_index/resource_index/package_run_dependencies/gazebo_ros2_control
[17.184s] -- Up-to-date: /home/dkflippo/aug2024/install/gazebo_ros2_control/share/ament_index/resource_index/parent_prefix_path/gazebo_ros2_control
[17.184s] -- Up-to-date: /home/dkflippo/aug2024/install/gazebo_ros2_control/share/gazebo_ros2_control/environment/ament_prefix_path.sh
[17.184s] -- Up-to-date: /home/dkflippo/aug2024/install/gazebo_ros2_control/share/gazebo_ros2_control/environment/ament_prefix_path.dsv
[17.184s] -- Up-to-date: /home/dkflippo/aug2024/install/gazebo_ros2_control/share/gazebo_ros2_control/environment/path.sh
[17.184s] -- Up-to-date: /home/dkflippo/aug2024/install/gazebo_ros2_control/share/gazebo_ros2_control/environment/path.dsv
[17.184s] -- Up-to-date: /home/dkflippo/aug2024/install/gazebo_ros2_control/share/gazebo_ros2_control/local_setup.bash
[17.184s] -- Up-to-date: /home/dkflippo/aug2024/install/gazebo_ros2_control/share/gazebo_ros2_control/local_setup.sh
[17.184s] -- Up-to-date: /home/dkflippo/aug2024/install/gazebo_ros2_control/share/gazebo_ros2_control/local_setup.zsh
[17.185s] -- Up-to-date: /home/dkflippo/aug2024/install/gazebo_ros2_control/share/gazebo_ros2_control/local_setup.dsv
[17.185s] -- Installing: /home/dkflippo/aug2024/install/gazebo_ros2_control/share/gazebo_ros2_control/package.dsv
[17.185s] -- Up-to-date: /home/dkflippo/aug2024/install/gazebo_ros2_control/share/ament_index/resource_index/packages/gazebo_ros2_control
[17.185s] -- Up-to-date: /home/dkflippo/aug2024/install/gazebo_ros2_control/share/ament_index/resource_index/gazebo_ros2_control__pluginlib__plugin/gazebo_ros2_control
[17.185s] -- Up-to-date: /home/dkflippo/aug2024/install/gazebo_ros2_control/share/gazebo_ros2_control/cmake/ament_cmake_export_include_directories-extras.cmake
[17.185s] -- Up-to-date: /home/dkflippo/aug2024/install/gazebo_ros2_control/share/gazebo_ros2_control/cmake/ament_cmake_export_dependencies-extras.cmake
[17.185s] -- Up-to-date: /home/dkflippo/aug2024/install/gazebo_ros2_control/share/gazebo_ros2_control/cmake/ament_cmake_export_libraries-extras.cmake
[17.185s] -- Up-to-date: /home/dkflippo/aug2024/install/gazebo_ros2_control/share/gazebo_ros2_control/cmake/gazebo_ros2_controlConfig.cmake
[17.186s] -- Up-to-date: /home/dkflippo/aug2024/install/gazebo_ros2_control/share/gazebo_ros2_control/cmake/gazebo_ros2_controlConfig-version.cmake
[17.186s] -- Up-to-date: /home/dkflippo/aug2024/install/gazebo_ros2_control/share/gazebo_ros2_control/package.xml
[17.186s] Invoked command in '/home/dkflippo/aug2024/build/gazebo_ros2_control' returned '0': CMAKE_PREFIX_PATH=${CMAKE_PREFIX_PATH}:/opt/ros/humble /usr/bin/cmake --install /home/dkflippo/aug2024/build/gazebo_ros2_control
