Built target ament_cmake_python_copy_aug_2024
running egg_info
writing aug_2024.egg-info/PKG-INFO
writing dependency_links to aug_2024.egg-info/dependency_links.txt
writing top-level names to aug_2024.egg-info/top_level.txt
reading manifest file 'aug_2024.egg-info/SOURCES.txt'
writing manifest file 'aug_2024.egg-info/SOURCES.txt'
Built target ament_cmake_python_build_aug_2024_egg
-- Install configuration: ""
-- Up-to-date: /home/dkflippo/aug2024/install/aug_2024/share/aug_2024/environment/pythonpath.sh
-- Up-to-date: /home/dkflippo/aug2024/install/aug_2024/share/aug_2024/environment/pythonpath.dsv
-- Up-to-date: /home/dkflippo/aug2024/install/aug_2024/local/lib/python3.10/dist-packages/aug_2024-0.0.0-py3.10.egg-info
-- Installing: /home/dkflippo/aug2024/install/aug_2024/local/lib/python3.10/dist-packages/aug_2024-0.0.0-py3.10.egg-info/PKG-INFO
-- Installing: /home/dkflippo/aug2024/install/aug_2024/local/lib/python3.10/dist-packages/aug_2024-0.0.0-py3.10.egg-info/SOURCES.txt
-- Installing: /home/dkflippo/aug2024/install/aug_2024/local/lib/python3.10/dist-packages/aug_2024-0.0.0-py3.10.egg-info/top_level.txt
-- Installing: /home/dkflippo/aug2024/install/aug_2024/local/lib/python3.10/dist-packages/aug_2024-0.0.0-py3.10.egg-info/dependency_links.txt
-- Up-to-date: /home/dkflippo/aug2024/install/aug_2024/local/lib/python3.10/dist-packages/aug_2024
-- Up-to-date: /home/dkflippo/aug2024/install/aug_2024/local/lib/python3.10/dist-packages/aug_2024/__init__.py
Listing '/home/dkflippo/aug2024/install/aug_2024/local/lib/python3.10/dist-packages/aug_2024'...
-- Up-to-date: /home/dkflippo/aug2024/install/aug_2024/lib/aug_2024/waypoint_navigator
-- Up-to-date: /home/dkflippo/aug2024/install/aug_2024/share/aug_2024//config
-- Up-to-date: /home/dkflippo/aug2024/install/aug_2024/share/aug_2024//config/nav2_params.yaml
-- Up-to-date: /home/dkflippo/aug2024/install/aug_2024/share/aug_2024//config/backup
-- Up-to-date: /home/dkflippo/aug2024/install/aug_2024/share/aug_2024//config/backup/map1.pgm
-- Up-to-date: /home/dkflippo/aug2024/install/aug_2024/share/aug_2024//config/backup/map1.yaml
-- Up-to-date: /home/dkflippo/aug2024/install/aug_2024/share/aug_2024//config/amcl_config.yaml
-- Up-to-date: /home/dkflippo/aug2024/install/aug_2024/share/aug_2024//config/map1.pgm
-- Up-to-date: /home/dkflippo/aug2024/install/aug_2024/share/aug_2024//config/twist_mux.yaml
-- Up-to-date: /home/dkflippo/aug2024/install/aug_2024/share/aug_2024//config/map1.yaml
-- Up-to-date: /home/dkflippo/aug2024/install/aug_2024/share/aug_2024//config/gazebo_ros2_control_params.yaml
-- Up-to-date: /home/dkflippo/aug2024/install/aug_2024/share/aug_2024//config/flippo_controllers.yaml
-- Up-to-date: /home/dkflippo/aug2024/install/aug_2024/share/aug_2024//config/ekf.yaml
-- Up-to-date: /home/dkflippo/aug2024/install/aug_2024/share/aug_2024//description
-- Up-to-date: /home/dkflippo/aug2024/install/aug_2024/share/aug_2024//description/launch
-- Up-to-date: /home/dkflippo/aug2024/install/aug_2024/share/aug_2024//description/config
-- Up-to-date: /home/dkflippo/aug2024/install/aug_2024/share/aug_2024//description/config/aug_2024_joint_names.yaml
-- Up-to-date: /home/dkflippo/aug2024/install/aug_2024/share/aug_2024//description/config/ekf.yaml
-- Up-to-date: /home/dkflippo/aug2024/install/aug_2024/share/aug_2024//description/urdf
-- Installing: /home/dkflippo/aug2024/install/aug_2024/share/aug_2024//description/urdf/aug_2024-nocaster.urdf
-- Up-to-date: /home/dkflippo/aug2024/install/aug_2024/share/aug_2024//description/urdf/other
-- Up-to-date: /home/dkflippo/aug2024/install/aug_2024/share/aug_2024//description/urdf/other/aug_2024-cast.urdf
-- Up-to-date: /home/dkflippo/aug2024/install/aug_2024/share/aug_2024//description/urdf/other/aug_2024-1.xacro
-- Up-to-date: /home/dkflippo/aug2024/install/aug_2024/share/aug_2024//description/urdf/other/aug_2024_old.xacro
-- Up-to-date: /home/dkflippo/aug2024/install/aug_2024/share/aug_2024//description/urdf/other/aug_2024.urdf
-- Up-to-date: /home/dkflippo/aug2024/install/aug_2024/share/aug_2024//description/urdf/other/aug_2024 _no_caster.xacro
-- Up-to-date: /home/dkflippo/aug2024/install/aug_2024/share/aug_2024//description/rviz
-- Up-to-date: /home/dkflippo/aug2024/install/aug_2024/share/aug_2024//description/rviz/urdf_config.rviz
-- Up-to-date: /home/dkflippo/aug2024/install/aug_2024/share/aug_2024//description/meshes
-- Up-to-date: /home/dkflippo/aug2024/install/aug_2024/share/aug_2024//description/meshes/rear_right_wheel_link.STL
-- Up-to-date: /home/dkflippo/aug2024/install/aug_2024/share/aug_2024//description/meshes/front_right_wheel_link.STL
-- Up-to-date: /home/dkflippo/aug2024/install/aug_2024/share/aug_2024//description/meshes/rear_left_wheel_link.STL
-- Up-to-date: /home/dkflippo/aug2024/install/aug_2024/share/aug_2024//description/meshes/front_left_wheel_link.STL
-- Up-to-date: /home/dkflippo/aug2024/install/aug_2024/share/aug_2024//description/meshes/chassis_link.STL
-- Up-to-date: /home/dkflippo/aug2024/install/aug_2024/share/aug_2024//launch
-- Up-to-date: /home/dkflippo/aug2024/install/aug_2024/share/aug_2024//launch/aug_2024_launch.py
-- Up-to-date: /home/dkflippo/aug2024/install/aug_2024/share/aug_2024//launch/aug_2024_sim_launch.py
-- Up-to-date: /home/dkflippo/aug2024/install/aug_2024/share/aug_2024//launch/sllidar_a2m12_launch .py
-- Up-to-date: /home/dkflippo/aug2024/install/aug_2024/share/aug_2024//launch/aug_2024_sim_launch1.py
-- Up-to-date: /home/dkflippo/aug2024/install/aug_2024/share/aug_2024//launch/ros2_control_debug.launch.py
-- Up-to-date: /home/dkflippo/aug2024/install/aug_2024/share/aug_2024//worlds
-- Installing: /home/dkflippo/aug2024/install/aug_2024/share/aug_2024//worlds/usda_rough_dim.sdf
-- Up-to-date: /home/dkflippo/aug2024/install/aug_2024/share/aug_2024//worlds/gaz_goof_001
-- Up-to-date: /home/dkflippo/aug2024/install/aug_2024/share/aug_2024//worlds/usda_build_full
-- Up-to-date: /home/dkflippo/aug2024/install/aug_2024/share/aug_2024//worlds/usda_build_full/model.config
-- Up-to-date: /home/dkflippo/aug2024/install/aug_2024/share/aug_2024//worlds/usda_build_full/model.sdf
-- Up-to-date: /home/dkflippo/aug2024/install/aug_2024/share/ament_index/resource_index/package_run_dependencies/aug_2024
-- Up-to-date: /home/dkflippo/aug2024/install/aug_2024/share/ament_index/resource_index/parent_prefix_path/aug_2024
-- Up-to-date: /home/dkflippo/aug2024/install/aug_2024/share/aug_2024/environment/ament_prefix_path.sh
-- Up-to-date: /home/dkflippo/aug2024/install/aug_2024/share/aug_2024/environment/ament_prefix_path.dsv
-- Up-to-date: /home/dkflippo/aug2024/install/aug_2024/share/aug_2024/environment/path.sh
-- Up-to-date: /home/dkflippo/aug2024/install/aug_2024/share/aug_2024/environment/path.dsv
-- Up-to-date: /home/dkflippo/aug2024/install/aug_2024/share/aug_2024/local_setup.bash
-- Up-to-date: /home/dkflippo/aug2024/install/aug_2024/share/aug_2024/local_setup.sh
-- Up-to-date: /home/dkflippo/aug2024/install/aug_2024/share/aug_2024/local_setup.zsh
-- Up-to-date: /home/dkflippo/aug2024/install/aug_2024/share/aug_2024/local_setup.dsv
-- Installing: /home/dkflippo/aug2024/install/aug_2024/share/aug_2024/package.dsv
-- Up-to-date: /home/dkflippo/aug2024/install/aug_2024/share/ament_index/resource_index/packages/aug_2024
-- Up-to-date: /home/dkflippo/aug2024/install/aug_2024/share/aug_2024/cmake/aug_2024Config.cmake
-- Up-to-date: /home/dkflippo/aug2024/install/aug_2024/share/aug_2024/cmake/aug_2024Config-version.cmake
-- Up-to-date: /home/dkflippo/aug2024/install/aug_2024/share/aug_2024/package.xml
