[0.059s] Invoking command in '/home/dkflippo/aug2024/build/gazebo_ros2_control': CMAKE_PREFIX_PATH=/opt/ros/humble /usr/bin/cmake --build /home/dkflippo/aug2024/build/gazebo_ros2_control -- -j12 -l12
[0.194s] -- Found ament_cmake: 1.3.10 (/opt/ros/humble/share/ament_cmake/cmake)
[0.664s] -- Found angles: 1.15.0 (/opt/ros/humble/share/angles/cmake)
[0.666s] -- Found controller_manager: 2.43.1 (/opt/ros/humble/share/controller_manager/cmake)
[0.751s] -- Found rosidl_generator_c: 3.1.5 (/opt/ros/humble/share/rosidl_generator_c/cmake)
[0.759s] -- Found rosidl_adapter: 3.1.5 (/opt/ros/humble/share/rosidl_adapter/cmake)
[0.788s] -- Found rosidl_generator_cpp: 3.1.5 (/opt/ros/humble/share/rosidl_generator_cpp/cmake)
[0.832s] -- Using all available rosidl_typesupport_c: rosidl_typesupport_fastrtps_c;rosidl_typesupport_introspection_c
[0.873s] -- Using all available rosidl_typesupport_cpp: rosidl_typesupport_fastrtps_cpp;rosidl_typesupport_introspection_cpp
[1.274s] -- Found rmw_implementation_cmake: 6.1.2 (/opt/ros/humble/share/rmw_implementation_cmake/cmake)
[1.277s] -- Found rmw_fastrtps_cpp: 6.2.7 (/opt/ros/humble/share/rmw_fastrtps_cpp/cmake)
[1.319s] -- Found TinyXML2 via Config file: TinyXML2_DIR-NOTFOUND
[1.346s] -- Found TinyXML2 via Config file: TinyXML2_DIR-NOTFOUND
[1.397s] -- Found TinyXML2 via Config file: TinyXML2_DIR-NOTFOUND
[1.422s] -- Found TinyXML2 via Config file: TinyXML2_DIR-NOTFOUND
[1.456s] -- Using RMW implementation 'rmw_fastrtps_cpp' as default
[1.673s] -- Found control_toolbox: 3.3.0 (/opt/ros/humble/share/control_toolbox/cmake)
[1.688s] -- Found parameter_traits: 0.3.9 (/opt/ros/humble/share/parameter_traits/cmake)
[1.718s] -- Found gazebo_dev: 3.7.0 (/opt/ros/humble/share/gazebo_dev/cmake)
[1.787s] -- Found DART: /usr/include (Required is at least version "6.6") found components: dart 
[1.861s] -- Found Protobuf: /usr/lib/x86_64-linux-gnu/libprotobuf.so (found version "3.12.4") 
[1.866s] -- Looking for ignition-math6 -- found version 6.15.1
[1.879s] -- Searching for dependencies of ignition-math6
[1.884s] -- Looking for OGRE...
[1.895s] -- Found Ogre Ghadamon (1.9.0)
[1.895s] -- Found OGRE: optimized;/usr/lib/x86_64-linux-gnu/libOgreMain.so;debug;/usr/lib/x86_64-linux-gnu/libOgreMain.so
[1.912s] -- Looking for OGRE_Paging...
[1.912s] -- Found OGRE_Paging: optimized;/usr/lib/x86_64-linux-gnu/libOgrePaging.so;debug;/usr/lib/x86_64-linux-gnu/libOgrePaging.so
[1.912s] -- Looking for OGRE_Terrain...
[1.912s] -- Found OGRE_Terrain: optimized;/usr/lib/x86_64-linux-gnu/libOgreTerrain.so;debug;/usr/lib/x86_64-linux-gnu/libOgreTerrain.so
[1.912s] -- Looking for OGRE_Property...
[1.913s] -- Found OGRE_Property: optimized;/usr/lib/x86_64-linux-gnu/libOgreProperty.so;debug;/usr/lib/x86_64-linux-gnu/libOgreProperty.so
[1.913s] -- Looking for OGRE_RTShaderSystem...
[1.913s] -- Found OGRE_RTShaderSystem: optimized;/usr/lib/x86_64-linux-gnu/libOgreRTShaderSystem.so;debug;/usr/lib/x86_64-linux-gnu/libOgreRTShaderSystem.so
[1.913s] -- Looking for OGRE_Volume...
[1.913s] -- Found OGRE_Volume: optimized;/usr/lib/x86_64-linux-gnu/libOgreVolume.so;debug;/usr/lib/x86_64-linux-gnu/libOgreVolume.so
[1.913s] -- Looking for OGRE_Overlay...
[1.913s] -- Found OGRE_Overlay: optimized;/usr/lib/x86_64-linux-gnu/libOgreOverlay.so;debug;/usr/lib/x86_64-linux-gnu/libOgreOverlay.so
[2.373s] -- Looking for ignition-math6 -- found version 6.15.1
[2.374s] -- Looking for ignition-transport8 -- found version 8.2.1
[2.375s] -- Searching for dependencies of ignition-transport8
[2.406s] -- Found Protobuf: /usr/lib/x86_64-linux-gnu/libprotobuf.so (found suitable version "3.12.4", minimum required is "3") 
[2.425s] -- Config-file not installed for ZeroMQ -- checking for pkg-config
[2.434s] -- Checking for module 'libzmq >= 4'
[2.501s] --   Found libzmq , version 4.3.4
[2.655s] -- Checking for module 'uuid'
[2.688s] --   Found uuid, version 2.37.2
[2.788s] -- Looking for ignition-msgs5 -- found version 5.8.1
[2.790s] -- Searching for dependencies of ignition-msgs5
[2.833s] -- Looking for ignition-math6 -- found version 6.15.1
[2.859s] -- Looking for ignition-msgs5 -- found version 5.8.1
[2.861s] -- Looking for ignition-common3 -- found version 3.14.0
[2.861s] -- Searching for dependencies of ignition-common3
[2.862s] -- Looking for dlfcn.h - found
[2.862s] -- Looking for libdl - found
[2.906s] -- Searching for <ignition-common3> component [graphics]
[2.908s] -- Looking for ignition-common3-graphics -- found version 3.14.0
[2.908s] -- Searching for dependencies of ignition-common3-graphics
[2.909s] -- Looking for ignition-math6 -- found version 6.15.1
[2.911s] -- Looking for ignition-fuel_tools4 -- found version 4.4.0
[2.911s] -- Searching for dependencies of ignition-fuel_tools4
[3.004s] -- Checking for module 'jsoncpp'
[3.050s] --   Found jsoncpp, version 1.9.5
[3.248s] -- Checking for module 'libzip'
[3.315s] --   Found libzip, version 1.7.3
[3.477s] -- Looking for ignition-common3 -- found version 3.14.0
[3.478s] -- Looking for ignition-math6 -- found version 6.15.1
[3.479s] -- Looking for ignition-msgs5 -- found version 5.8.1
[3.502s] -- Gazebo version: 11.10
[3.505s] -- Found gazebo_ros: 3.7.0 (/opt/ros/humble/share/gazebo_ros/cmake)
[3.515s] -- Found yaml_cpp_vendor: 8.0.2 (/opt/ros/humble/share/yaml_cpp_vendor/cmake)
[3.588s] -- Found ament_cmake_gtest: 1.3.10 (/opt/ros/humble/share/ament_cmake_gtest/cmake)
[3.592s] -- Found ament_lint_auto: 0.12.11 (/opt/ros/humble/share/ament_lint_auto/cmake)
[3.910s] -- Added test 'copyright' to check source files copyright and LICENSE
[3.915s] -- Added test 'cppcheck' to perform static code analysis on C / C++ code
[3.916s] -- Configured cppcheck include dirs: /home/dkflippo/aug2024/src/gazebo_ros2_control/gazebo_ros2_control/include
[3.917s] -- Configured cppcheck exclude dirs and/or files: 
[3.921s] -- Added test 'cpplint' to check C / C++ code against the Google style
[3.922s] -- Configured cpplint exclude dirs and/or files: 
[3.926s] -- Added test 'lint_cmake' to check CMake code style
[3.932s] -- Added test 'uncrustify' to check C / C++ code style
[3.933s] -- Configured uncrustify additional arguments: 
[3.933s] -- Added test 'xmllint' to check XML markup files
[3.944s] -- Configuring done
[4.279s] -- Generating done
[4.289s] -- Build files have been written to: /home/dkflippo/aug2024/build/gazebo_ros2_control
[4.410s] [35m[1mConsolidate compiler generated dependencies of target gazebo_ros2_control[0m
[4.412s] [35m[1mConsolidate compiler generated dependencies of target gazebo_hardware_plugins[0m
[4.557s] [100%] Built target gazebo_ros2_control
[4.558s] [100%] Built target gazebo_hardware_plugins
[4.597s] Invoked command in '/home/dkflippo/aug2024/build/gazebo_ros2_control' returned '0': CMAKE_PREFIX_PATH=/opt/ros/humble /usr/bin/cmake --build /home/dkflippo/aug2024/build/gazebo_ros2_control -- -j12 -l12
[4.743s] Invoking command in '/home/dkflippo/aug2024/build/gazebo_ros2_control': CMAKE_PREFIX_PATH=/opt/ros/humble /usr/bin/cmake --install /home/dkflippo/aug2024/build/gazebo_ros2_control
[4.763s] -- Install configuration: ""
[4.764s] -- Up-to-date: /home/dkflippo/aug2024/install/gazebo_ros2_control/lib/libgazebo_ros2_control.so
[4.764s] -- Up-to-date: /home/dkflippo/aug2024/install/gazebo_ros2_control/lib/libgazebo_hardware_plugins.so
[4.764s] -- Up-to-date: /home/dkflippo/aug2024/install/gazebo_ros2_control/share/gazebo_ros2_control/environment/library_path.sh
[4.764s] -- Installing: /home/dkflippo/aug2024/install/gazebo_ros2_control/share/gazebo_ros2_control/environment/library_path.dsv
[4.765s] -- Up-to-date: /home/dkflippo/aug2024/install/gazebo_ros2_control/include/gazebo_ros2_control
[4.765s] -- Up-to-date: /home/dkflippo/aug2024/install/gazebo_ros2_control/include/gazebo_ros2_control/gazebo_system.hpp
[4.765s] -- Up-to-date: /home/dkflippo/aug2024/install/gazebo_ros2_control/include/gazebo_ros2_control/gazebo_ros2_control_plugin.hpp
[4.765s] -- Up-to-date: /home/dkflippo/aug2024/install/gazebo_ros2_control/include/gazebo_ros2_control/gazebo_system_interface.hpp
[4.766s] -- Up-to-date: /home/dkflippo/aug2024/install/gazebo_ros2_control/share/gazebo_ros2_control/gazebo_hardware_plugins.xml
[4.766s] -- Up-to-date: /home/dkflippo/aug2024/install/gazebo_ros2_control/share/ament_index/resource_index/package_run_dependencies/gazebo_ros2_control
[4.766s] -- Installing: /home/dkflippo/aug2024/install/gazebo_ros2_control/share/ament_index/resource_index/parent_prefix_path/gazebo_ros2_control
[4.766s] -- Up-to-date: /home/dkflippo/aug2024/install/gazebo_ros2_control/share/gazebo_ros2_control/environment/ament_prefix_path.sh
[4.766s] -- Installing: /home/dkflippo/aug2024/install/gazebo_ros2_control/share/gazebo_ros2_control/environment/ament_prefix_path.dsv
[4.766s] -- Up-to-date: /home/dkflippo/aug2024/install/gazebo_ros2_control/share/gazebo_ros2_control/environment/path.sh
[4.767s] -- Installing: /home/dkflippo/aug2024/install/gazebo_ros2_control/share/gazebo_ros2_control/environment/path.dsv
[4.767s] -- Up-to-date: /home/dkflippo/aug2024/install/gazebo_ros2_control/share/gazebo_ros2_control/local_setup.bash
[4.768s] -- Up-to-date: /home/dkflippo/aug2024/install/gazebo_ros2_control/share/gazebo_ros2_control/local_setup.sh
[4.769s] -- Up-to-date: /home/dkflippo/aug2024/install/gazebo_ros2_control/share/gazebo_ros2_control/local_setup.zsh
[4.770s] -- Installing: /home/dkflippo/aug2024/install/gazebo_ros2_control/share/gazebo_ros2_control/local_setup.dsv
[4.770s] -- Installing: /home/dkflippo/aug2024/install/gazebo_ros2_control/share/gazebo_ros2_control/package.dsv
[4.770s] -- Up-to-date: /home/dkflippo/aug2024/install/gazebo_ros2_control/share/ament_index/resource_index/packages/gazebo_ros2_control
[4.770s] -- Up-to-date: /home/dkflippo/aug2024/install/gazebo_ros2_control/share/ament_index/resource_index/gazebo_ros2_control__pluginlib__plugin/gazebo_ros2_control
[4.770s] -- Up-to-date: /home/dkflippo/aug2024/install/gazebo_ros2_control/share/gazebo_ros2_control/cmake/ament_cmake_export_include_directories-extras.cmake
[4.771s] -- Up-to-date: /home/dkflippo/aug2024/install/gazebo_ros2_control/share/gazebo_ros2_control/cmake/ament_cmake_export_dependencies-extras.cmake
[4.771s] -- Up-to-date: /home/dkflippo/aug2024/install/gazebo_ros2_control/share/gazebo_ros2_control/cmake/ament_cmake_export_libraries-extras.cmake
[4.771s] -- Up-to-date: /home/dkflippo/aug2024/install/gazebo_ros2_control/share/gazebo_ros2_control/cmake/gazebo_ros2_controlConfig.cmake
[4.771s] -- Up-to-date: /home/dkflippo/aug2024/install/gazebo_ros2_control/share/gazebo_ros2_control/cmake/gazebo_ros2_controlConfig-version.cmake
[4.771s] -- Up-to-date: /home/dkflippo/aug2024/install/gazebo_ros2_control/share/gazebo_ros2_control/package.xml
[4.780s] Invoked command in '/home/dkflippo/aug2024/build/gazebo_ros2_control' returned '0': CMAKE_PREFIX_PATH=/opt/ros/humble /usr/bin/cmake --install /home/dkflippo/aug2024/build/gazebo_ros2_control
