[0.129s] Invoking command in '/home/dkflippo/aug2024/build/sllidar_ros2': CMAKE_PREFIX_PATH=${CMAKE_PREFIX_PATH}:/opt/ros/humble /usr/bin/cmake --build /home/dkflippo/aug2024/build/sllidar_ros2 -- -j12 -l12
[0.454s] [ 10%] Built target sllidar_client
[0.477s] [100%] Built target sllidar_node
[0.536s] Invoked command in '/home/dkflippo/aug2024/build/sllidar_ros2' returned '0': CMAKE_PREFIX_PATH=${CMAKE_PREFIX_PATH}:/opt/ros/humble /usr/bin/cmake --build /home/dkflippo/aug2024/build/sllidar_ros2 -- -j12 -l12
[0.976s] Invoking command in '/home/dkflippo/aug2024/build/sllidar_ros2': CMAKE_PREFIX_PATH=${CMAKE_PREFIX_PATH}:/opt/ros/humble /usr/bin/cmake --install /home/dkflippo/aug2024/build/sllidar_ros2
[1.014s] -- Install configuration: ""
[1.015s] -- Up-to-date: /home/dkflippo/aug2024/install/sllidar_ros2/share/sllidar_ros2/launch
[1.016s] -- Up-to-date: /home/dkflippo/aug2024/install/sllidar_ros2/share/sllidar_ros2/launch/sllidar_s3_launch.py
[1.018s] -- Up-to-date: /home/dkflippo/aug2024/install/sllidar_ros2/share/sllidar_ros2/launch/sllidar_a3_launch.py
[1.018s] -- Up-to-date: /home/dkflippo/aug2024/install/sllidar_ros2/share/sllidar_ros2/launch/view_sllidar_c1_launch.py
[1.023s] -- Up-to-date: /home/dkflippo/aug2024/install/sllidar_ros2/share/sllidar_ros2/launch/view_sllidar_s3_launch.py
[1.024s] -- Up-to-date: /home/dkflippo/aug2024/install/sllidar_ros2/share/sllidar_ros2/launch/view_sllidar_s2_launch.py
[1.025s] -- Up-to-date: /home/dkflippo/aug2024/install/sllidar_ros2/share/sllidar_ros2/launch/sllidar_a2m8_launch.py
[1.026s] -- Up-to-date: /home/dkflippo/aug2024/install/sllidar_ros2/share/sllidar_ros2/launch/view_sllidar_a2m7_launch.py
[1.026s] -- Up-to-date: /home/dkflippo/aug2024/install/sllidar_ros2/share/sllidar_ros2/launch/sllidar_a2m7_launch.py
[1.026s] -- Up-to-date: /home/dkflippo/aug2024/install/sllidar_ros2/share/sllidar_ros2/launch/sllidar_t1_launch.py
[1.028s] -- Up-to-date: /home/dkflippo/aug2024/install/sllidar_ros2/share/sllidar_ros2/launch/sllidar_s2e_launch.py
[1.030s] -- Up-to-date: /home/dkflippo/aug2024/install/sllidar_ros2/share/sllidar_ros2/launch/view_sllidar_a1_launch.py
[1.031s] -- Up-to-date: /home/dkflippo/aug2024/install/sllidar_ros2/share/sllidar_ros2/launch/sllidar_a1_launch.py
[1.032s] -- Up-to-date: /home/dkflippo/aug2024/install/sllidar_ros2/share/sllidar_ros2/launch/sllidar_s1_tcp_launch.py
[1.033s] -- Up-to-date: /home/dkflippo/aug2024/install/sllidar_ros2/share/sllidar_ros2/launch/sllidar_s1_launch.py
[1.035s] -- Up-to-date: /home/dkflippo/aug2024/install/sllidar_ros2/share/sllidar_ros2/launch/sllidar_a2m12_launch .py
[1.036s] -- Up-to-date: /home/dkflippo/aug2024/install/sllidar_ros2/share/sllidar_ros2/launch/view_sllidar_s1_launch.py
[1.040s] -- Up-to-date: /home/dkflippo/aug2024/install/sllidar_ros2/share/sllidar_ros2/launch/view_sllidar_s1_tcp_launch.py
[1.043s] -- Up-to-date: /home/dkflippo/aug2024/install/sllidar_ros2/share/sllidar_ros2/launch/view_sllidar_s2e_launch.py
[1.044s] -- Up-to-date: /home/dkflippo/aug2024/install/sllidar_ros2/share/sllidar_ros2/launch/sllidar_c1_launch.py
[1.045s] -- Up-to-date: /home/dkflippo/aug2024/install/sllidar_ros2/share/sllidar_ros2/launch/view_sllidar_a3_launch.py
[1.047s] -- Up-to-date: /home/dkflippo/aug2024/install/sllidar_ros2/share/sllidar_ros2/launch/view_sllidar_a2m12_launch.py
[1.047s] -- Up-to-date: /home/dkflippo/aug2024/install/sllidar_ros2/share/sllidar_ros2/launch/sllidar_s2_launch.py
[1.048s] -- Up-to-date: /home/dkflippo/aug2024/install/sllidar_ros2/share/sllidar_ros2/launch/view_sllidar_a2m8_launch.py
[1.049s] -- Up-to-date: /home/dkflippo/aug2024/install/sllidar_ros2/share/sllidar_ros2/launch/view_sllidar_t1_launch.py
[1.049s] -- Up-to-date: /home/dkflippo/aug2024/install/sllidar_ros2/share/sllidar_ros2/rviz
[1.049s] -- Up-to-date: /home/dkflippo/aug2024/install/sllidar_ros2/share/sllidar_ros2/rviz/sllidar_ros2.rviz
[1.050s] -- Up-to-date: /home/dkflippo/aug2024/install/sllidar_ros2/lib/sllidar_ros2/sllidar_node
[1.050s] -- Up-to-date: /home/dkflippo/aug2024/install/sllidar_ros2/lib/sllidar_ros2/sllidar_client
[1.050s] -- Up-to-date: /home/dkflippo/aug2024/install/sllidar_ros2/share/ament_index/resource_index/package_run_dependencies/sllidar_ros2
[1.050s] -- Up-to-date: /home/dkflippo/aug2024/install/sllidar_ros2/share/ament_index/resource_index/parent_prefix_path/sllidar_ros2
[1.052s] -- Up-to-date: /home/dkflippo/aug2024/install/sllidar_ros2/share/sllidar_ros2/environment/ament_prefix_path.sh
[1.053s] -- Up-to-date: /home/dkflippo/aug2024/install/sllidar_ros2/share/sllidar_ros2/environment/ament_prefix_path.dsv
[1.054s] -- Up-to-date: /home/dkflippo/aug2024/install/sllidar_ros2/share/sllidar_ros2/environment/path.sh
[1.055s] -- Up-to-date: /home/dkflippo/aug2024/install/sllidar_ros2/share/sllidar_ros2/environment/path.dsv
[1.057s] -- Up-to-date: /home/dkflippo/aug2024/install/sllidar_ros2/share/sllidar_ros2/local_setup.bash
[1.060s] -- Up-to-date: /home/dkflippo/aug2024/install/sllidar_ros2/share/sllidar_ros2/local_setup.sh
[1.061s] -- Up-to-date: /home/dkflippo/aug2024/install/sllidar_ros2/share/sllidar_ros2/local_setup.zsh
[1.062s] -- Up-to-date: /home/dkflippo/aug2024/install/sllidar_ros2/share/sllidar_ros2/local_setup.dsv
[1.063s] -- Installing: /home/dkflippo/aug2024/install/sllidar_ros2/share/sllidar_ros2/package.dsv
[1.064s] -- Up-to-date: /home/dkflippo/aug2024/install/sllidar_ros2/share/ament_index/resource_index/packages/sllidar_ros2
[1.065s] -- Up-to-date: /home/dkflippo/aug2024/install/sllidar_ros2/share/sllidar_ros2/cmake/ament_cmake_export_dependencies-extras.cmake
[1.066s] -- Up-to-date: /home/dkflippo/aug2024/install/sllidar_ros2/share/sllidar_ros2/cmake/ament_cmake_export_include_directories-extras.cmake
[1.067s] -- Up-to-date: /home/dkflippo/aug2024/install/sllidar_ros2/share/sllidar_ros2/cmake/sllidar_ros2Config.cmake
[1.069s] -- Up-to-date: /home/dkflippo/aug2024/install/sllidar_ros2/share/sllidar_ros2/cmake/sllidar_ros2Config-version.cmake
[1.076s] -- Up-to-date: /home/dkflippo/aug2024/install/sllidar_ros2/share/sllidar_ros2/package.xml
[1.077s] Invoked command in '/home/dkflippo/aug2024/build/sllidar_ros2' returned '0': CMAKE_PREFIX_PATH=${CMAKE_PREFIX_PATH}:/opt/ros/humble /usr/bin/cmake --install /home/dkflippo/aug2024/build/sllidar_ros2
