-- Install configuration: ""
-- Execute custom install script
-- Up-to-date symlink: /home/dkflippo/aug2024/install/aug_2024/share/aug_2024//config/flippo_controllers.yaml
-- Up-to-date symlink: /home/dkflippo/aug2024/install/aug_2024/share/aug_2024//description/config/aug_2024_joint_names.yaml
-- Up-to-date symlink: /home/dkflippo/aug2024/install/aug_2024/share/aug_2024//description/meshes/chassis_link.STL
-- Up-to-date symlink: /home/dkflippo/aug2024/install/aug_2024/share/aug_2024//description/meshes/front_left_wheel_link.STL
-- Up-to-date symlink: /home/dkflippo/aug2024/install/aug_2024/share/aug_2024//description/meshes/front_right_wheel_link.STL
-- Up-to-date symlink: /home/dkflippo/aug2024/install/aug_2024/share/aug_2024//description/meshes/rear_left_wheel_link.STL
-- Up-to-date symlink: /home/dkflippo/aug2024/install/aug_2024/share/aug_2024//description/meshes/rear_right_wheel_link.STL
-- Up-to-date symlink: /home/dkflippo/aug2024/install/aug_2024/share/aug_2024//description/urdf/aug_2024.xacro
-- Up-to-date symlink: /home/dkflippo/aug2024/install/aug_2024/share/aug_2024//description/urdf/aug_2024caster.xacro
-- Up-to-date symlink: /home/dkflippo/aug2024/install/aug_2024/share/aug_2024//launch/aug_2024_launch.py
-- Up-to-date symlink: /home/dkflippo/aug2024/install/aug_2024/share/aug_2024//launch/aug_2024_sim_launch copy.py
-- Up-to-date symlink: /home/dkflippo/aug2024/install/aug_2024/share/aug_2024//launch/aug_2024_sim_launch.py
-- Up-to-date symlink: /home/dkflippo/aug2024/install/aug_2024/share/ament_index/resource_index/package_run_dependencies/aug_2024
-- Up-to-date symlink: /home/dkflippo/aug2024/install/aug_2024/share/ament_index/resource_index/parent_prefix_path/aug_2024
-- Up-to-date symlink: /home/dkflippo/aug2024/install/aug_2024/share/aug_2024/environment/ament_prefix_path.sh
-- Up-to-date symlink: /home/dkflippo/aug2024/install/aug_2024/share/aug_2024/environment/ament_prefix_path.dsv
-- Up-to-date symlink: /home/dkflippo/aug2024/install/aug_2024/share/aug_2024/environment/path.sh
-- Up-to-date symlink: /home/dkflippo/aug2024/install/aug_2024/share/aug_2024/environment/path.dsv
-- Up-to-date symlink: /home/dkflippo/aug2024/install/aug_2024/share/aug_2024/local_setup.bash
-- Up-to-date symlink: /home/dkflippo/aug2024/install/aug_2024/share/aug_2024/local_setup.sh
-- Up-to-date symlink: /home/dkflippo/aug2024/install/aug_2024/share/aug_2024/local_setup.zsh
-- Up-to-date symlink: /home/dkflippo/aug2024/install/aug_2024/share/aug_2024/local_setup.dsv
-- Symlinking: /home/dkflippo/aug2024/install/aug_2024/share/aug_2024/package.dsv
-- Up-to-date symlink: /home/dkflippo/aug2024/install/aug_2024/share/ament_index/resource_index/packages/aug_2024
-- Up-to-date symlink: /home/dkflippo/aug2024/install/aug_2024/share/aug_2024/cmake/aug_2024Config.cmake
-- Up-to-date symlink: /home/dkflippo/aug2024/install/aug_2024/share/aug_2024/cmake/aug_2024Config-version.cmake
-- Up-to-date symlink: /home/dkflippo/aug2024/install/aug_2024/share/aug_2024/package.xml
