[0.011s] Invoking command in '/home/dkflippo/aug2024/build/BMC_2024': AMENT_PREFIX_PATH=/home/dkflippo/aug2024/install/gazebo_ros2_control CMAKE_PREFIX_PATH=/home/dkflippo/aug2024/install/gazebo_ros2_control LD_LIBRARY_PATH=/home/dkflippo/aug2024/install/gazebo_ros2_control/lib /usr/bin/cmake --build /home/dkflippo/aug2024/build/BMC_2024 -- -j12 -l12
[0.101s] [ 33%] [32mBuilding CXX object CMakeFiles/BMC_2024.dir/src/aug_2024_system.cpp.o[0m
[0.102s] [ 66%] [32mBuilding CXX object CMakeFiles/BMC_2024.dir/src/bmc_comms.cpp.o[0m
[3.978s] [01m[K/home/dkflippo/aug2024/src/BMC_2024/src/aug_2024_system.cpp:[m[K In member function ‘[01m[Kvirtual hardware_interface::return_type BMC_2024::AUG2024Hardware::read(const rclcpp::Time&, const rclcpp::Duration&)[m[K’:
[3.979s] [01m[K/home/dkflippo/aug2024/src/BMC_2024/src/aug_2024_system.cpp:266:59:[m[K [01;35m[Kwarning: [m[Kunused parameter ‘[01m[Kperiod[m[K’ [[01;35m[K]8;;https://gcc.gnu.org/onlinedocs/gcc/Warning-Options.html#index-Wunused-parameter-Wunused-parameter]8;;[m[K]
[3.980s]   266 |   const rclcpp::Time & /*time*/, [01;35m[Kconst rclcpp::Duration & period[m[K)
[3.981s]       |                                  [01;35m[K~~~~~~~~~~~~~~~~~~~~~~~~~^~~~~~[m[K
[5.544s] [100%] [32m[1mLinking CXX shared library libBMC_2024.so[0m
[6.054s] [100%] Built target BMC_2024
[6.074s] Invoked command in '/home/dkflippo/aug2024/build/BMC_2024' returned '0': AMENT_PREFIX_PATH=/home/dkflippo/aug2024/install/gazebo_ros2_control CMAKE_PREFIX_PATH=/home/dkflippo/aug2024/install/gazebo_ros2_control LD_LIBRARY_PATH=/home/dkflippo/aug2024/install/gazebo_ros2_control/lib /usr/bin/cmake --build /home/dkflippo/aug2024/build/BMC_2024 -- -j12 -l12
[6.127s] Invoking command in '/home/dkflippo/aug2024/build/BMC_2024': AMENT_PREFIX_PATH=/home/dkflippo/aug2024/install/gazebo_ros2_control CMAKE_PREFIX_PATH=/home/dkflippo/aug2024/install/gazebo_ros2_control LD_LIBRARY_PATH=/home/dkflippo/aug2024/install/gazebo_ros2_control/lib /usr/bin/cmake --install /home/dkflippo/aug2024/build/BMC_2024
[6.142s] -- Install configuration: ""
[6.143s] -- Installing: /home/dkflippo/aug2024/install/BMC_2024/lib/libBMC_2024.so
[6.146s] -- Set runtime path of "/home/dkflippo/aug2024/install/BMC_2024/lib/libBMC_2024.so" to ""
[6.146s] -- Up-to-date: /home/dkflippo/aug2024/install/BMC_2024/include
[6.146s] -- Up-to-date: /home/dkflippo/aug2024/install/BMC_2024/include/BMC_2024
[6.146s] -- Up-to-date: /home/dkflippo/aug2024/install/BMC_2024/include/BMC_2024/aug_2024_system.hpp
[6.146s] -- Up-to-date: /home/dkflippo/aug2024/install/BMC_2024/include/BMC_2024/visibility_control.h
[6.146s] -- Up-to-date: /home/dkflippo/aug2024/install/BMC_2024/include/BMC_2024/bmc_comms.hpp
[6.147s] -- Up-to-date: /home/dkflippo/aug2024/install/BMC_2024/share/BMC_2024/aug_2024_hardware.xml
[6.147s] -- Up-to-date: /home/dkflippo/aug2024/install/BMC_2024/lib/libBMC_2024.so
[6.148s] -- Up-to-date: /home/dkflippo/aug2024/install/BMC_2024/share/BMC_2024/environment/library_path.sh
[6.148s] -- Up-to-date: /home/dkflippo/aug2024/install/BMC_2024/share/BMC_2024/environment/library_path.dsv
[6.148s] -- Up-to-date: /home/dkflippo/aug2024/install/BMC_2024/share/ament_index/resource_index/package_run_dependencies/BMC_2024
[6.148s] -- Up-to-date: /home/dkflippo/aug2024/install/BMC_2024/share/ament_index/resource_index/parent_prefix_path/BMC_2024
[6.148s] -- Up-to-date: /home/dkflippo/aug2024/install/BMC_2024/share/BMC_2024/environment/ament_prefix_path.sh
[6.148s] -- Up-to-date: /home/dkflippo/aug2024/install/BMC_2024/share/BMC_2024/environment/ament_prefix_path.dsv
[6.148s] -- Up-to-date: /home/dkflippo/aug2024/install/BMC_2024/share/BMC_2024/environment/path.sh
[6.149s] -- Up-to-date: /home/dkflippo/aug2024/install/BMC_2024/share/BMC_2024/environment/path.dsv
[6.149s] -- Up-to-date: /home/dkflippo/aug2024/install/BMC_2024/share/BMC_2024/local_setup.bash
[6.149s] -- Up-to-date: /home/dkflippo/aug2024/install/BMC_2024/share/BMC_2024/local_setup.sh
[6.149s] -- Up-to-date: /home/dkflippo/aug2024/install/BMC_2024/share/BMC_2024/local_setup.zsh
[6.149s] -- Up-to-date: /home/dkflippo/aug2024/install/BMC_2024/share/BMC_2024/local_setup.dsv
[6.149s] -- Installing: /home/dkflippo/aug2024/install/BMC_2024/share/BMC_2024/package.dsv
[6.149s] -- Up-to-date: /home/dkflippo/aug2024/install/BMC_2024/share/ament_index/resource_index/packages/BMC_2024
[6.150s] -- Up-to-date: /home/dkflippo/aug2024/install/BMC_2024/share/ament_index/resource_index/hardware_interface__pluginlib__plugin/BMC_2024
[6.150s] -- Up-to-date: /home/dkflippo/aug2024/install/BMC_2024/share/BMC_2024/cmake/ament_cmake_export_include_directories-extras.cmake
[6.150s] -- Up-to-date: /home/dkflippo/aug2024/install/BMC_2024/share/BMC_2024/cmake/ament_cmake_export_libraries-extras.cmake
[6.150s] -- Up-to-date: /home/dkflippo/aug2024/install/BMC_2024/share/BMC_2024/cmake/ament_cmake_export_dependencies-extras.cmake
[6.150s] -- Up-to-date: /home/dkflippo/aug2024/install/BMC_2024/share/BMC_2024/cmake/BMC_2024Config.cmake
[6.150s] -- Up-to-date: /home/dkflippo/aug2024/install/BMC_2024/share/BMC_2024/cmake/BMC_2024Config-version.cmake
[6.150s] -- Up-to-date: /home/dkflippo/aug2024/install/BMC_2024/share/BMC_2024/package.xml
[6.156s] Invoked command in '/home/dkflippo/aug2024/build/BMC_2024' returned '0': AMENT_PREFIX_PATH=/home/dkflippo/aug2024/install/gazebo_ros2_control CMAKE_PREFIX_PATH=/home/dkflippo/aug2024/install/gazebo_ros2_control LD_LIBRARY_PATH=/home/dkflippo/aug2024/install/gazebo_ros2_control/lib /usr/bin/cmake --install /home/dkflippo/aug2024/build/BMC_2024
