[0.027s] Invoking command in '/home/dkflippo/aug2024/build/BMC_2024': CMAKE_PREFIX_PATH=/home/dkflippo/aug2024/install/gazebo_ros2_control:/home/dkflippo/aug2024/install/sllidar_ros2:/home/dkflippo/aug2024/install/my_robot_nav2:/home/dkflippo/aug2024/install/gazebo_ros2_control_demos:/home/dkflippo/aug2024/install/aug_2024:/home/dkflippo/aug2024/install/BMC_2024:/opt/ros/humble LD_LIBRARY_PATH=/home/dkflippo/aug2024/install/gazebo_ros2_control/lib:/home/dkflippo/aug2024/install/BMC_2024/lib:/usr/lib/x86_64-linux-gnu/gazebo-11/plugins:/opt/ros/humble/opt/rviz_ogre_vendor/lib:/opt/ros/humble/lib/x86_64-linux-gnu:/opt/ros/humble/lib /usr/bin/cmake --build /home/dkflippo/aug2024/build/BMC_2024 -- -j12 -l12
[0.197s] [ 33%] [32mBuilding CXX object CMakeFiles/BMC_2024.dir/src/aug_2024_system.cpp.o[0m
[0.210s] [ 66%] [32mBuilding CXX object CMakeFiles/BMC_2024.dir/src/bmc_comms.cpp.o[0m
[5.178s] [01m[K/home/dkflippo/aug2024/src/BMC_2024/src/aug_2024_system.cpp:[m[K In member function ‘[01m[Kvirtual hardware_interface::return_type BMC_2024::AUG2024Hardware::read(const rclcpp::Time&, const rclcpp::Duration&)[m[K’:
[5.178s] [01m[K/home/dkflippo/aug2024/src/BMC_2024/src/aug_2024_system.cpp:266:59:[m[K [01;35m[Kwarning: [m[Kunused parameter ‘[01m[Kperiod[m[K’ [[01;35m[K]8;;https://gcc.gnu.org/onlinedocs/gcc/Warning-Options.html#index-Wunused-parameter-Wunused-parameter]8;;[m[K]
[5.178s]   266 |   const rclcpp::Time & /*time*/, [01;35m[Kconst rclcpp::Duration & period[m[K)
[5.179s]       |                                  [01;35m[K~~~~~~~~~~~~~~~~~~~~~~~~~^~~~~~[m[K
[6.988s] [100%] [32m[1mLinking CXX shared library libBMC_2024.so[0m
[7.351s] [100%] Built target BMC_2024
[7.367s] Invoked command in '/home/dkflippo/aug2024/build/BMC_2024' returned '0': CMAKE_PREFIX_PATH=/home/dkflippo/aug2024/install/gazebo_ros2_control:/home/dkflippo/aug2024/install/sllidar_ros2:/home/dkflippo/aug2024/install/my_robot_nav2:/home/dkflippo/aug2024/install/gazebo_ros2_control_demos:/home/dkflippo/aug2024/install/aug_2024:/home/dkflippo/aug2024/install/BMC_2024:/opt/ros/humble LD_LIBRARY_PATH=/home/dkflippo/aug2024/install/gazebo_ros2_control/lib:/home/dkflippo/aug2024/install/BMC_2024/lib:/usr/lib/x86_64-linux-gnu/gazebo-11/plugins:/opt/ros/humble/opt/rviz_ogre_vendor/lib:/opt/ros/humble/lib/x86_64-linux-gnu:/opt/ros/humble/lib /usr/bin/cmake --build /home/dkflippo/aug2024/build/BMC_2024 -- -j12 -l12
[7.408s] Invoking command in '/home/dkflippo/aug2024/build/BMC_2024': CMAKE_PREFIX_PATH=/home/dkflippo/aug2024/install/gazebo_ros2_control:/home/dkflippo/aug2024/install/sllidar_ros2:/home/dkflippo/aug2024/install/my_robot_nav2:/home/dkflippo/aug2024/install/gazebo_ros2_control_demos:/home/dkflippo/aug2024/install/aug_2024:/home/dkflippo/aug2024/install/BMC_2024:/opt/ros/humble LD_LIBRARY_PATH=/home/dkflippo/aug2024/install/gazebo_ros2_control/lib:/home/dkflippo/aug2024/install/BMC_2024/lib:/usr/lib/x86_64-linux-gnu/gazebo-11/plugins:/opt/ros/humble/opt/rviz_ogre_vendor/lib:/opt/ros/humble/lib/x86_64-linux-gnu:/opt/ros/humble/lib /usr/bin/cmake --install /home/dkflippo/aug2024/build/BMC_2024
[7.417s] -- Install configuration: ""
[7.417s] -- Installing: /home/dkflippo/aug2024/install/BMC_2024/lib/libBMC_2024.so
[7.419s] -- Set runtime path of "/home/dkflippo/aug2024/install/BMC_2024/lib/libBMC_2024.so" to ""
[7.419s] -- Up-to-date: /home/dkflippo/aug2024/install/BMC_2024/include
[7.419s] -- Up-to-date: /home/dkflippo/aug2024/install/BMC_2024/include/BMC_2024
[7.419s] -- Up-to-date: /home/dkflippo/aug2024/install/BMC_2024/include/BMC_2024/aug_2024_system.hpp
[7.419s] -- Up-to-date: /home/dkflippo/aug2024/install/BMC_2024/include/BMC_2024/visibility_control.h
[7.419s] -- Up-to-date: /home/dkflippo/aug2024/install/BMC_2024/include/BMC_2024/bmc_comms.hpp
[7.419s] -- Up-to-date: /home/dkflippo/aug2024/install/BMC_2024/share/BMC_2024/aug_2024_hardware.xml
[7.420s] -- Up-to-date: /home/dkflippo/aug2024/install/BMC_2024/lib/libBMC_2024.so
[7.420s] -- Up-to-date: /home/dkflippo/aug2024/install/BMC_2024/share/BMC_2024/environment/library_path.sh
[7.420s] -- Up-to-date: /home/dkflippo/aug2024/install/BMC_2024/share/BMC_2024/environment/library_path.dsv
[7.420s] -- Up-to-date: /home/dkflippo/aug2024/install/BMC_2024/share/ament_index/resource_index/package_run_dependencies/BMC_2024
[7.420s] -- Up-to-date: /home/dkflippo/aug2024/install/BMC_2024/share/ament_index/resource_index/parent_prefix_path/BMC_2024
[7.420s] -- Up-to-date: /home/dkflippo/aug2024/install/BMC_2024/share/BMC_2024/environment/ament_prefix_path.sh
[7.420s] -- Up-to-date: /home/dkflippo/aug2024/install/BMC_2024/share/BMC_2024/environment/ament_prefix_path.dsv
[7.421s] -- Up-to-date: /home/dkflippo/aug2024/install/BMC_2024/share/BMC_2024/environment/path.sh
[7.421s] -- Up-to-date: /home/dkflippo/aug2024/install/BMC_2024/share/BMC_2024/environment/path.dsv
[7.421s] -- Up-to-date: /home/dkflippo/aug2024/install/BMC_2024/share/BMC_2024/local_setup.bash
[7.421s] -- Up-to-date: /home/dkflippo/aug2024/install/BMC_2024/share/BMC_2024/local_setup.sh
[7.421s] -- Up-to-date: /home/dkflippo/aug2024/install/BMC_2024/share/BMC_2024/local_setup.zsh
[7.421s] -- Up-to-date: /home/dkflippo/aug2024/install/BMC_2024/share/BMC_2024/local_setup.dsv
[7.421s] -- Installing: /home/dkflippo/aug2024/install/BMC_2024/share/BMC_2024/package.dsv
[7.421s] -- Up-to-date: /home/dkflippo/aug2024/install/BMC_2024/share/ament_index/resource_index/packages/BMC_2024
[7.421s] -- Up-to-date: /home/dkflippo/aug2024/install/BMC_2024/share/ament_index/resource_index/hardware_interface__pluginlib__plugin/BMC_2024
[7.421s] -- Up-to-date: /home/dkflippo/aug2024/install/BMC_2024/share/BMC_2024/cmake/ament_cmake_export_include_directories-extras.cmake
[7.422s] -- Up-to-date: /home/dkflippo/aug2024/install/BMC_2024/share/BMC_2024/cmake/ament_cmake_export_libraries-extras.cmake
[7.422s] -- Up-to-date: /home/dkflippo/aug2024/install/BMC_2024/share/BMC_2024/cmake/ament_cmake_export_dependencies-extras.cmake
[7.422s] -- Up-to-date: /home/dkflippo/aug2024/install/BMC_2024/share/BMC_2024/cmake/BMC_2024Config.cmake
[7.422s] -- Up-to-date: /home/dkflippo/aug2024/install/BMC_2024/share/BMC_2024/cmake/BMC_2024Config-version.cmake
[7.422s] -- Up-to-date: /home/dkflippo/aug2024/install/BMC_2024/share/BMC_2024/package.xml
[7.424s] Invoked command in '/home/dkflippo/aug2024/build/BMC_2024' returned '0': CMAKE_PREFIX_PATH=/home/dkflippo/aug2024/install/gazebo_ros2_control:/home/dkflippo/aug2024/install/sllidar_ros2:/home/dkflippo/aug2024/install/my_robot_nav2:/home/dkflippo/aug2024/install/gazebo_ros2_control_demos:/home/dkflippo/aug2024/install/aug_2024:/home/dkflippo/aug2024/install/BMC_2024:/opt/ros/humble LD_LIBRARY_PATH=/home/dkflippo/aug2024/install/gazebo_ros2_control/lib:/home/dkflippo/aug2024/install/BMC_2024/lib:/usr/lib/x86_64-linux-gnu/gazebo-11/plugins:/opt/ros/humble/opt/rviz_ogre_vendor/lib:/opt/ros/humble/lib/x86_64-linux-gnu:/opt/ros/humble/lib /usr/bin/cmake --install /home/dkflippo/aug2024/build/BMC_2024
