[0.013s] Invoking command in '/home/dkflippo/aug2024/build/aug_2024': CMAKE_PREFIX_PATH=/home/dkflippo/aug2024/install/BMC_2024:/home/dkflippo/aug2024/install/aug_2024:/opt/ros/humble /usr/bin/cmake /home/dkflippo/aug2024/src/aug_2024 -DAMENT_CMAKE_SYMLINK_INSTALL=1 -DCMAKE_INSTALL_PREFIX=/home/dkflippo/aug2024/install/aug_2024
[0.025s] -- Found ament_cmake: 1.3.10 (/opt/ros/humble/share/ament_cmake/cmake)
[0.125s] -- Override CMake install command with custom implementation using symlinks instead of copying resources
[0.133s] -- Found rclcpp: 16.0.10 (/opt/ros/humble/share/rclcpp/cmake)
[0.160s] -- Found rosidl_generator_c: 3.1.5 (/opt/ros/humble/share/rosidl_generator_c/cmake)
[0.162s] -- Found rosidl_adapter: 3.1.5 (/opt/ros/humble/share/rosidl_adapter/cmake)
[0.168s] -- Found rosidl_generator_cpp: 3.1.5 (/opt/ros/humble/share/rosidl_generator_cpp/cmake)
[0.176s] -- Using all available rosidl_typesupport_c: rosidl_typesupport_fastrtps_c;rosidl_typesupport_introspection_c
[0.187s] -- Using all available rosidl_typesupport_cpp: rosidl_typesupport_fastrtps_cpp;rosidl_typesupport_introspection_cpp
[0.217s] -- Found rmw_implementation_cmake: 6.1.2 (/opt/ros/humble/share/rmw_implementation_cmake/cmake)
[0.218s] -- Found rmw_fastrtps_cpp: 6.2.7 (/opt/ros/humble/share/rmw_fastrtps_cpp/cmake)
[0.313s] -- Using RMW implementation 'rmw_fastrtps_cpp' as default
[0.368s] -- Found sensor_msgs: 4.2.4 (/opt/ros/humble/share/sensor_msgs/cmake)
[0.396s] -- Found robot_state_publisher: 3.0.3 (/opt/ros/humble/share/robot_state_publisher/cmake)
[0.400s] -- Found eigen3_cmake_module: 0.1.1 (/opt/ros/humble/share/eigen3_cmake_module/cmake)
[0.401s] -- Ensuring Eigen3 include directory is part of orocos-kdl CMake target
[0.501s] -- Found xacro: 2.0.8 (/opt/ros/humble/share/xacro/cmake)
[0.502s] -- Found controller_manager: 2.42.0 (/opt/ros/humble/share/controller_manager/cmake)
[0.586s] -- Found joint_state_broadcaster: 2.37.0 (/opt/ros/humble/share/joint_state_broadcaster/cmake)
[0.590s] -- Found parameter_traits: 0.3.8 (/opt/ros/humble/share/parameter_traits/cmake)
[0.600s] -- Found diff_drive_controller: 2.37.0 (/opt/ros/humble/share/diff_drive_controller/cmake)
[0.625s] -- Found gazebo_ros: 3.7.0 (/opt/ros/humble/share/gazebo_ros/cmake)
[0.654s] -- Found DART: /usr/include (Required is at least version "6.6") found components: dart 
[0.679s] -- Found Protobuf: /usr/lib/x86_64-linux-gnu/libprotobuf.so (found version "3.12.4") 
[0.681s] -- Looking for ignition-math6 -- found version 6.15.1
[0.684s] -- Searching for dependencies of ignition-math6
[0.686s] -- Looking for OGRE...
[0.691s] -- Found Ogre Ghadamon (1.9.0)
[0.691s] -- Found OGRE: optimized;/usr/lib/x86_64-linux-gnu/libOgreMain.so;debug;/usr/lib/x86_64-linux-gnu/libOgreMain.so
[0.699s] -- Looking for OGRE_Paging...
[0.699s] -- Found OGRE_Paging: optimized;/usr/lib/x86_64-linux-gnu/libOgrePaging.so;debug;/usr/lib/x86_64-linux-gnu/libOgrePaging.so
[0.699s] -- Looking for OGRE_Terrain...
[0.699s] -- Found OGRE_Terrain: optimized;/usr/lib/x86_64-linux-gnu/libOgreTerrain.so;debug;/usr/lib/x86_64-linux-gnu/libOgreTerrain.so
[0.699s] -- Looking for OGRE_Property...
[0.699s] -- Found OGRE_Property: optimized;/usr/lib/x86_64-linux-gnu/libOgreProperty.so;debug;/usr/lib/x86_64-linux-gnu/libOgreProperty.so
[0.700s] -- Looking for OGRE_RTShaderSystem...
[0.700s] -- Found OGRE_RTShaderSystem: optimized;/usr/lib/x86_64-linux-gnu/libOgreRTShaderSystem.so;debug;/usr/lib/x86_64-linux-gnu/libOgreRTShaderSystem.so
[0.700s] -- Looking for OGRE_Volume...
[0.700s] -- Found OGRE_Volume: optimized;/usr/lib/x86_64-linux-gnu/libOgreVolume.so;debug;/usr/lib/x86_64-linux-gnu/libOgreVolume.so
[0.700s] -- Looking for OGRE_Overlay...
[0.700s] -- Found OGRE_Overlay: optimized;/usr/lib/x86_64-linux-gnu/libOgreOverlay.so;debug;/usr/lib/x86_64-linux-gnu/libOgreOverlay.so
[0.790s] -- Looking for ignition-math6 -- found version 6.15.1
[0.790s] -- Looking for ignition-transport8 -- found version 8.2.1
[0.790s] -- Searching for dependencies of ignition-transport8
[0.807s] -- Found Protobuf: /usr/lib/x86_64-linux-gnu/libprotobuf.so (found suitable version "3.12.4", minimum required is "3") 
[0.818s] -- Config-file not installed for ZeroMQ -- checking for pkg-config
[0.822s] -- Checking for module 'libzmq >= 4'
[0.835s] --   Found libzmq , version 4.3.4
[0.873s] -- Checking for module 'uuid'
[0.884s] --   Found uuid, version 2.37.2
[0.913s] -- Looking for ignition-msgs5 -- found version 5.8.1
[0.914s] -- Searching for dependencies of ignition-msgs5
[0.932s] -- Looking for ignition-math6 -- found version 6.15.1
[0.938s] -- Looking for ignition-msgs5 -- found version 5.8.1
[0.939s] -- Looking for ignition-common3 -- found version 3.14.0
[0.939s] -- Searching for dependencies of ignition-common3
[0.939s] -- Looking for dlfcn.h - found
[0.939s] -- Looking for libdl - found
[0.950s] -- Searching for <ignition-common3> component [graphics]
[0.950s] -- Looking for ignition-common3-graphics -- found version 3.14.0
[0.950s] -- Searching for dependencies of ignition-common3-graphics
[0.951s] -- Looking for ignition-math6 -- found version 6.15.1
[0.952s] -- Looking for ignition-fuel_tools4 -- found version 4.4.0
[0.952s] -- Searching for dependencies of ignition-fuel_tools4
[0.987s] -- Checking for module 'jsoncpp'
[0.998s] --   Found jsoncpp, version 1.9.5
[1.033s] -- Checking for module 'libzip'
[1.045s] --   Found libzip, version 1.7.3
[1.076s] -- Looking for ignition-common3 -- found version 3.14.0
[1.076s] -- Looking for ignition-math6 -- found version 6.15.1
[1.076s] -- Looking for ignition-msgs5 -- found version 5.8.1
[1.077s] -- Gazebo version: 11.10
[1.078s] -- Found gazebo_ros2_control: 0.4.9 (/opt/ros/humble/share/gazebo_ros2_control/cmake)
[1.091s] -- Found ros2_control: 2.42.0 (/opt/ros/humble/share/ros2_control/cmake)
[1.091s] -- Found ros2_controllers: 2.37.0 (/opt/ros/humble/share/ros2_controllers/cmake)
[1.091s] -- Found BMC_2024: 0.0.0 (/home/dkflippo/aug2024/install/BMC_2024/share/BMC_2024/cmake)
[1.158s] -- Configuring done
[1.164s] -- Generating done
[1.167s] -- Build files have been written to: /home/dkflippo/aug2024/build/aug_2024
[1.177s] Invoked command in '/home/dkflippo/aug2024/build/aug_2024' returned '0': CMAKE_PREFIX_PATH=/home/dkflippo/aug2024/install/BMC_2024:/home/dkflippo/aug2024/install/aug_2024:/opt/ros/humble /usr/bin/cmake /home/dkflippo/aug2024/src/aug_2024 -DAMENT_CMAKE_SYMLINK_INSTALL=1 -DCMAKE_INSTALL_PREFIX=/home/dkflippo/aug2024/install/aug_2024
[1.179s] Invoking command in '/home/dkflippo/aug2024/build/aug_2024': CMAKE_PREFIX_PATH=/home/dkflippo/aug2024/install/BMC_2024:/home/dkflippo/aug2024/install/aug_2024:/opt/ros/humble /usr/bin/cmake --build /home/dkflippo/aug2024/build/aug_2024 -- -j12 -l12
[1.220s] Invoked command in '/home/dkflippo/aug2024/build/aug_2024' returned '0': CMAKE_PREFIX_PATH=/home/dkflippo/aug2024/install/BMC_2024:/home/dkflippo/aug2024/install/aug_2024:/opt/ros/humble /usr/bin/cmake --build /home/dkflippo/aug2024/build/aug_2024 -- -j12 -l12
[1.252s] Invoking command in '/home/dkflippo/aug2024/build/aug_2024': CMAKE_PREFIX_PATH=/home/dkflippo/aug2024/install/BMC_2024:/home/dkflippo/aug2024/install/aug_2024:/opt/ros/humble /usr/bin/cmake --install /home/dkflippo/aug2024/build/aug_2024
[1.258s] -- Install configuration: ""
[1.259s] -- Execute custom install script
[1.259s] -- Up-to-date symlink: /home/dkflippo/aug2024/install/aug_2024/share/aug_2024//config/flippo_controllers.yaml
[1.260s] -- Up-to-date symlink: /home/dkflippo/aug2024/install/aug_2024/share/aug_2024//description/config/aug_2024_joint_names.yaml
[1.260s] -- Up-to-date symlink: /home/dkflippo/aug2024/install/aug_2024/share/aug_2024//description/meshes/chassis_link.STL
[1.260s] -- Up-to-date symlink: /home/dkflippo/aug2024/install/aug_2024/share/aug_2024//description/meshes/front_left_wheel_link.STL
[1.260s] -- Up-to-date symlink: /home/dkflippo/aug2024/install/aug_2024/share/aug_2024//description/meshes/front_right_wheel_link.STL
[1.260s] -- Up-to-date symlink: /home/dkflippo/aug2024/install/aug_2024/share/aug_2024//description/meshes/rear_left_wheel_link.STL
[1.260s] -- Up-to-date symlink: /home/dkflippo/aug2024/install/aug_2024/share/aug_2024//description/meshes/rear_right_wheel_link.STL
[1.260s] -- Up-to-date symlink: /home/dkflippo/aug2024/install/aug_2024/share/aug_2024//description/urdf/aug_2024.xacro
[1.260s] -- Up-to-date symlink: /home/dkflippo/aug2024/install/aug_2024/share/aug_2024//description/urdf/aug_2024_old.xacro
[1.261s] -- Up-to-date symlink: /home/dkflippo/aug2024/install/aug_2024/share/aug_2024//launch/aug_2024_launch.py
[1.261s] -- Up-to-date symlink: /home/dkflippo/aug2024/install/aug_2024/share/aug_2024//launch/aug_2024_sim_launch copy.py
[1.261s] -- Up-to-date symlink: /home/dkflippo/aug2024/install/aug_2024/share/aug_2024//launch/aug_2024_sim_launch.py
[1.261s] -- Up-to-date symlink: /home/dkflippo/aug2024/install/aug_2024/share/ament_index/resource_index/package_run_dependencies/aug_2024
[1.261s] -- Up-to-date symlink: /home/dkflippo/aug2024/install/aug_2024/share/ament_index/resource_index/parent_prefix_path/aug_2024
[1.261s] -- Up-to-date symlink: /home/dkflippo/aug2024/install/aug_2024/share/aug_2024/environment/ament_prefix_path.sh
[1.262s] -- Up-to-date symlink: /home/dkflippo/aug2024/install/aug_2024/share/aug_2024/environment/ament_prefix_path.dsv
[1.262s] -- Up-to-date symlink: /home/dkflippo/aug2024/install/aug_2024/share/aug_2024/environment/path.sh
[1.262s] -- Up-to-date symlink: /home/dkflippo/aug2024/install/aug_2024/share/aug_2024/environment/path.dsv
[1.262s] -- Up-to-date symlink: /home/dkflippo/aug2024/install/aug_2024/share/aug_2024/local_setup.bash
[1.263s] -- Up-to-date symlink: /home/dkflippo/aug2024/install/aug_2024/share/aug_2024/local_setup.sh
[1.263s] -- Up-to-date symlink: /home/dkflippo/aug2024/install/aug_2024/share/aug_2024/local_setup.zsh
[1.263s] -- Up-to-date symlink: /home/dkflippo/aug2024/install/aug_2024/share/aug_2024/local_setup.dsv
[1.263s] -- Symlinking: /home/dkflippo/aug2024/install/aug_2024/share/aug_2024/package.dsv
[1.272s] -- Up-to-date symlink: /home/dkflippo/aug2024/install/aug_2024/share/ament_index/resource_index/packages/aug_2024
[1.272s] -- Up-to-date symlink: /home/dkflippo/aug2024/install/aug_2024/share/aug_2024/cmake/aug_2024Config.cmake
[1.272s] -- Up-to-date symlink: /home/dkflippo/aug2024/install/aug_2024/share/aug_2024/cmake/aug_2024Config-version.cmake
[1.272s] -- Up-to-date symlink: /home/dkflippo/aug2024/install/aug_2024/share/aug_2024/package.xml
[1.274s] Invoked command in '/home/dkflippo/aug2024/build/aug_2024' returned '0': CMAKE_PREFIX_PATH=/home/dkflippo/aug2024/install/BMC_2024:/home/dkflippo/aug2024/install/aug_2024:/opt/ros/humble /usr/bin/cmake --install /home/dkflippo/aug2024/build/aug_2024
