[0.123s] Invoking command in '/home/dkflippo/aug2024/build/sllidar_ros2': CMAKE_PREFIX_PATH=${CMAKE_PREFIX_PATH}:/opt/ros/humble /usr/bin/cmake --build /home/dkflippo/aug2024/build/sllidar_ros2 -- -j12 -l12
[0.502s] [ 90%] Built target sllidar_node
[0.700s] [100%] Built target sllidar_client
[0.802s] Invoked command in '/home/dkflippo/aug2024/build/sllidar_ros2' returned '0': CMAKE_PREFIX_PATH=${CMAKE_PREFIX_PATH}:/opt/ros/humble /usr/bin/cmake --build /home/dkflippo/aug2024/build/sllidar_ros2 -- -j12 -l12
[1.447s] Invoking command in '/home/dkflippo/aug2024/build/sllidar_ros2': CMAKE_PREFIX_PATH=${CMAKE_PREFIX_PATH}:/opt/ros/humble /usr/bin/cmake --install /home/dkflippo/aug2024/build/sllidar_ros2
[1.490s] -- Install configuration: ""
[1.492s] -- Up-to-date: /home/dkflippo/aug2024/install/sllidar_ros2/share/sllidar_ros2/launch
[1.496s] -- Up-to-date: /home/dkflippo/aug2024/install/sllidar_ros2/share/sllidar_ros2/launch/sllidar_s3_launch.py
[1.497s] -- Up-to-date: /home/dkflippo/aug2024/install/sllidar_ros2/share/sllidar_ros2/launch/sllidar_a3_launch.py
[1.499s] -- Up-to-date: /home/dkflippo/aug2024/install/sllidar_ros2/share/sllidar_ros2/launch/view_sllidar_c1_launch.py
[1.500s] -- Up-to-date: /home/dkflippo/aug2024/install/sllidar_ros2/share/sllidar_ros2/launch/view_sllidar_s3_launch.py
[1.502s] -- Up-to-date: /home/dkflippo/aug2024/install/sllidar_ros2/share/sllidar_ros2/launch/view_sllidar_s2_launch.py
[1.503s] -- Up-to-date: /home/dkflippo/aug2024/install/sllidar_ros2/share/sllidar_ros2/launch/sllidar_a2m8_launch.py
[1.504s] -- Up-to-date: /home/dkflippo/aug2024/install/sllidar_ros2/share/sllidar_ros2/launch/view_sllidar_a2m7_launch.py
[1.505s] -- Up-to-date: /home/dkflippo/aug2024/install/sllidar_ros2/share/sllidar_ros2/launch/sllidar_a2m7_launch.py
[1.505s] -- Up-to-date: /home/dkflippo/aug2024/install/sllidar_ros2/share/sllidar_ros2/launch/sllidar_t1_launch.py
[1.506s] -- Up-to-date: /home/dkflippo/aug2024/install/sllidar_ros2/share/sllidar_ros2/launch/sllidar_s2e_launch.py
[1.508s] -- Up-to-date: /home/dkflippo/aug2024/install/sllidar_ros2/share/sllidar_ros2/launch/view_sllidar_a1_launch.py
[1.508s] -- Up-to-date: /home/dkflippo/aug2024/install/sllidar_ros2/share/sllidar_ros2/launch/sllidar_a1_launch.py
[1.511s] -- Up-to-date: /home/dkflippo/aug2024/install/sllidar_ros2/share/sllidar_ros2/launch/sllidar_s1_tcp_launch.py
[1.522s] -- Up-to-date: /home/dkflippo/aug2024/install/sllidar_ros2/share/sllidar_ros2/launch/sllidar_s1_launch.py
[1.525s] -- Up-to-date: /home/dkflippo/aug2024/install/sllidar_ros2/share/sllidar_ros2/launch/sllidar_a2m12_launch .py
[1.527s] -- Up-to-date: /home/dkflippo/aug2024/install/sllidar_ros2/share/sllidar_ros2/launch/view_sllidar_s1_launch.py
[1.528s] -- Up-to-date: /home/dkflippo/aug2024/install/sllidar_ros2/share/sllidar_ros2/launch/view_sllidar_s1_tcp_launch.py
[1.530s] -- Up-to-date: /home/dkflippo/aug2024/install/sllidar_ros2/share/sllidar_ros2/launch/view_sllidar_s2e_launch.py
[1.532s] -- Up-to-date: /home/dkflippo/aug2024/install/sllidar_ros2/share/sllidar_ros2/launch/sllidar_c1_launch.py
[1.535s] -- Up-to-date: /home/dkflippo/aug2024/install/sllidar_ros2/share/sllidar_ros2/launch/view_sllidar_a3_launch.py
[1.537s] -- Up-to-date: /home/dkflippo/aug2024/install/sllidar_ros2/share/sllidar_ros2/launch/view_sllidar_a2m12_launch.py
[1.544s] -- Up-to-date: /home/dkflippo/aug2024/install/sllidar_ros2/share/sllidar_ros2/launch/sllidar_s2_launch.py
[1.546s] -- Up-to-date: /home/dkflippo/aug2024/install/sllidar_ros2/share/sllidar_ros2/launch/view_sllidar_a2m8_launch.py
[1.547s] -- Up-to-date: /home/dkflippo/aug2024/install/sllidar_ros2/share/sllidar_ros2/launch/view_sllidar_t1_launch.py
[1.549s] -- Up-to-date: /home/dkflippo/aug2024/install/sllidar_ros2/share/sllidar_ros2/rviz
[1.551s] -- Up-to-date: /home/dkflippo/aug2024/install/sllidar_ros2/share/sllidar_ros2/rviz/sllidar_ros2.rviz
[1.555s] -- Up-to-date: /home/dkflippo/aug2024/install/sllidar_ros2/lib/sllidar_ros2/sllidar_node
[1.557s] -- Up-to-date: /home/dkflippo/aug2024/install/sllidar_ros2/lib/sllidar_ros2/sllidar_client
[1.558s] -- Up-to-date: /home/dkflippo/aug2024/install/sllidar_ros2/share/ament_index/resource_index/package_run_dependencies/sllidar_ros2
[1.561s] -- Up-to-date: /home/dkflippo/aug2024/install/sllidar_ros2/share/ament_index/resource_index/parent_prefix_path/sllidar_ros2
[1.562s] -- Up-to-date: /home/dkflippo/aug2024/install/sllidar_ros2/share/sllidar_ros2/environment/ament_prefix_path.sh
[1.563s] -- Up-to-date: /home/dkflippo/aug2024/install/sllidar_ros2/share/sllidar_ros2/environment/ament_prefix_path.dsv
[1.564s] -- Up-to-date: /home/dkflippo/aug2024/install/sllidar_ros2/share/sllidar_ros2/environment/path.sh
[1.568s] -- Up-to-date: /home/dkflippo/aug2024/install/sllidar_ros2/share/sllidar_ros2/environment/path.dsv
[1.578s] -- Up-to-date: /home/dkflippo/aug2024/install/sllidar_ros2/share/sllidar_ros2/local_setup.bash
[1.581s] -- Up-to-date: /home/dkflippo/aug2024/install/sllidar_ros2/share/sllidar_ros2/local_setup.sh
[1.585s] -- Up-to-date: /home/dkflippo/aug2024/install/sllidar_ros2/share/sllidar_ros2/local_setup.zsh
[1.586s] -- Up-to-date: /home/dkflippo/aug2024/install/sllidar_ros2/share/sllidar_ros2/local_setup.dsv
[1.586s] -- Installing: /home/dkflippo/aug2024/install/sllidar_ros2/share/sllidar_ros2/package.dsv
[1.587s] -- Up-to-date: /home/dkflippo/aug2024/install/sllidar_ros2/share/ament_index/resource_index/packages/sllidar_ros2
[1.594s] -- Up-to-date: /home/dkflippo/aug2024/install/sllidar_ros2/share/sllidar_ros2/cmake/ament_cmake_export_dependencies-extras.cmake
[1.597s] -- Up-to-date: /home/dkflippo/aug2024/install/sllidar_ros2/share/sllidar_ros2/cmake/ament_cmake_export_include_directories-extras.cmake
[1.599s] -- Up-to-date: /home/dkflippo/aug2024/install/sllidar_ros2/share/sllidar_ros2/cmake/sllidar_ros2Config.cmake
[1.601s] -- Up-to-date: /home/dkflippo/aug2024/install/sllidar_ros2/share/sllidar_ros2/cmake/sllidar_ros2Config-version.cmake
[1.601s] -- Up-to-date: /home/dkflippo/aug2024/install/sllidar_ros2/share/sllidar_ros2/package.xml
[1.602s] Invoked command in '/home/dkflippo/aug2024/build/sllidar_ros2' returned '0': CMAKE_PREFIX_PATH=${CMAKE_PREFIX_PATH}:/opt/ros/humble /usr/bin/cmake --install /home/dkflippo/aug2024/build/sllidar_ros2
