[0.014s] Invoking command in '/home/dkflippo/aug2024/build/gazebo_ros2_control': /usr/bin/cmake --build /home/dkflippo/aug2024/build/gazebo_ros2_control -- -j12 -l12
[0.277s] [ 25%] [32mBuilding CXX object CMakeFiles/gazebo_ros2_control.dir/src/gazebo_ros2_control_plugin.cpp.o[0m
[0.286s] [ 50%] [32mBuilding CXX object CMakeFiles/gazebo_hardware_plugins.dir/src/gazebo_system.cpp.o[0m
[16.276s] [ 75%] [32m[1mLinking CXX shared library libgazebo_hardware_plugins.so[0m
[17.925s] [ 75%] Built target gazebo_hardware_plugins
[19.095s] [100%] [32m[1mLinking CXX shared library libgazebo_ros2_control.so[0m
[20.851s] [100%] Built target gazebo_ros2_control
[20.867s] Invoked command in '/home/dkflippo/aug2024/build/gazebo_ros2_control' returned '0': /usr/bin/cmake --build /home/dkflippo/aug2024/build/gazebo_ros2_control -- -j12 -l12
[20.902s] Invoking command in '/home/dkflippo/aug2024/build/gazebo_ros2_control': /usr/bin/cmake --install /home/dkflippo/aug2024/build/gazebo_ros2_control
[20.910s] -- Install configuration: ""
[20.910s] -- Installing: /home/dkflippo/aug2024/install/gazebo_ros2_control/lib/libgazebo_ros2_control.so
[20.917s] -- Set runtime path of "/home/dkflippo/aug2024/install/gazebo_ros2_control/lib/libgazebo_ros2_control.so" to ""
[20.917s] -- Installing: /home/dkflippo/aug2024/install/gazebo_ros2_control/lib/libgazebo_hardware_plugins.so
[20.921s] -- Set runtime path of "/home/dkflippo/aug2024/install/gazebo_ros2_control/lib/libgazebo_hardware_plugins.so" to ""
[20.921s] -- Up-to-date: /home/dkflippo/aug2024/install/gazebo_ros2_control/share/gazebo_ros2_control/environment/library_path.sh
[20.921s] -- Up-to-date: /home/dkflippo/aug2024/install/gazebo_ros2_control/share/gazebo_ros2_control/environment/library_path.dsv
[20.921s] -- Up-to-date: /home/dkflippo/aug2024/install/gazebo_ros2_control/include/gazebo_ros2_control
[20.921s] -- Up-to-date: /home/dkflippo/aug2024/install/gazebo_ros2_control/include/gazebo_ros2_control/gazebo_system.hpp
[20.922s] -- Up-to-date: /home/dkflippo/aug2024/install/gazebo_ros2_control/include/gazebo_ros2_control/gazebo_ros2_control_plugin.hpp
[20.922s] -- Up-to-date: /home/dkflippo/aug2024/install/gazebo_ros2_control/include/gazebo_ros2_control/gazebo_system_interface.hpp
[20.922s] -- Up-to-date: /home/dkflippo/aug2024/install/gazebo_ros2_control/share/gazebo_ros2_control/gazebo_hardware_plugins.xml
[20.922s] -- Up-to-date: /home/dkflippo/aug2024/install/gazebo_ros2_control/share/ament_index/resource_index/package_run_dependencies/gazebo_ros2_control
[20.922s] -- Up-to-date: /home/dkflippo/aug2024/install/gazebo_ros2_control/share/ament_index/resource_index/parent_prefix_path/gazebo_ros2_control
[20.922s] -- Up-to-date: /home/dkflippo/aug2024/install/gazebo_ros2_control/share/gazebo_ros2_control/environment/ament_prefix_path.sh
[20.922s] -- Up-to-date: /home/dkflippo/aug2024/install/gazebo_ros2_control/share/gazebo_ros2_control/environment/ament_prefix_path.dsv
[20.922s] -- Up-to-date: /home/dkflippo/aug2024/install/gazebo_ros2_control/share/gazebo_ros2_control/environment/path.sh
[20.922s] -- Up-to-date: /home/dkflippo/aug2024/install/gazebo_ros2_control/share/gazebo_ros2_control/environment/path.dsv
[20.923s] -- Up-to-date: /home/dkflippo/aug2024/install/gazebo_ros2_control/share/gazebo_ros2_control/local_setup.bash
[20.923s] -- Up-to-date: /home/dkflippo/aug2024/install/gazebo_ros2_control/share/gazebo_ros2_control/local_setup.sh
[20.923s] -- Up-to-date: /home/dkflippo/aug2024/install/gazebo_ros2_control/share/gazebo_ros2_control/local_setup.zsh
[20.923s] -- Up-to-date: /home/dkflippo/aug2024/install/gazebo_ros2_control/share/gazebo_ros2_control/local_setup.dsv
[20.923s] -- Installing: /home/dkflippo/aug2024/install/gazebo_ros2_control/share/gazebo_ros2_control/package.dsv
[20.923s] -- Up-to-date: /home/dkflippo/aug2024/install/gazebo_ros2_control/share/ament_index/resource_index/packages/gazebo_ros2_control
[20.923s] -- Up-to-date: /home/dkflippo/aug2024/install/gazebo_ros2_control/share/ament_index/resource_index/gazebo_ros2_control__pluginlib__plugin/gazebo_ros2_control
[20.923s] -- Up-to-date: /home/dkflippo/aug2024/install/gazebo_ros2_control/share/gazebo_ros2_control/cmake/ament_cmake_export_include_directories-extras.cmake
[20.923s] -- Up-to-date: /home/dkflippo/aug2024/install/gazebo_ros2_control/share/gazebo_ros2_control/cmake/ament_cmake_export_dependencies-extras.cmake
[20.924s] -- Up-to-date: /home/dkflippo/aug2024/install/gazebo_ros2_control/share/gazebo_ros2_control/cmake/ament_cmake_export_libraries-extras.cmake
[20.924s] -- Up-to-date: /home/dkflippo/aug2024/install/gazebo_ros2_control/share/gazebo_ros2_control/cmake/gazebo_ros2_controlConfig.cmake
[20.924s] -- Up-to-date: /home/dkflippo/aug2024/install/gazebo_ros2_control/share/gazebo_ros2_control/cmake/gazebo_ros2_controlConfig-version.cmake
[20.924s] -- Up-to-date: /home/dkflippo/aug2024/install/gazebo_ros2_control/share/gazebo_ros2_control/package.xml
[20.925s] Invoked command in '/home/dkflippo/aug2024/build/gazebo_ros2_control' returned '0': /usr/bin/cmake --install /home/dkflippo/aug2024/build/gazebo_ros2_control
