[0.042s] Invoking command in '/home/dkflippo/aug2024/build/gazebo_ros2_control': CMAKE_PREFIX_PATH=${CMAKE_PREFIX_PATH}:/opt/ros/humble /usr/bin/cmake --build /home/dkflippo/aug2024/build/gazebo_ros2_control -- -j12 -l12
[0.259s] [ 50%] Built target gazebo_hardware_plugins
[0.259s] [100%] Built target gazebo_ros2_control
[0.303s] Invoked command in '/home/dkflippo/aug2024/build/gazebo_ros2_control' returned '0': CMAKE_PREFIX_PATH=${CMAKE_PREFIX_PATH}:/opt/ros/humble /usr/bin/cmake --build /home/dkflippo/aug2024/build/gazebo_ros2_control -- -j12 -l12
[0.404s] Invoking command in '/home/dkflippo/aug2024/build/gazebo_ros2_control': CMAKE_PREFIX_PATH=${CMAKE_PREFIX_PATH}:/opt/ros/humble /usr/bin/cmake --install /home/dkflippo/aug2024/build/gazebo_ros2_control
[0.427s] -- Install configuration: ""
[0.428s] -- Up-to-date: /home/dkflippo/aug2024/install/gazebo_ros2_control/lib/libgazebo_ros2_control.so
[0.428s] -- Up-to-date: /home/dkflippo/aug2024/install/gazebo_ros2_control/lib/libgazebo_hardware_plugins.so
[0.429s] -- Up-to-date: /home/dkflippo/aug2024/install/gazebo_ros2_control/share/gazebo_ros2_control/environment/library_path.sh
[0.429s] -- Up-to-date: /home/dkflippo/aug2024/install/gazebo_ros2_control/share/gazebo_ros2_control/environment/library_path.dsv
[0.429s] -- Up-to-date: /home/dkflippo/aug2024/install/gazebo_ros2_control/include/gazebo_ros2_control
[0.429s] -- Up-to-date: /home/dkflippo/aug2024/install/gazebo_ros2_control/include/gazebo_ros2_control/gazebo_system.hpp
[0.430s] -- Up-to-date: /home/dkflippo/aug2024/install/gazebo_ros2_control/include/gazebo_ros2_control/gazebo_ros2_control_plugin.hpp
[0.430s] -- Up-to-date: /home/dkflippo/aug2024/install/gazebo_ros2_control/include/gazebo_ros2_control/gazebo_system_interface.hpp
[0.431s] -- Up-to-date: /home/dkflippo/aug2024/install/gazebo_ros2_control/share/gazebo_ros2_control/gazebo_hardware_plugins.xml
[0.432s] -- Up-to-date: /home/dkflippo/aug2024/install/gazebo_ros2_control/share/ament_index/resource_index/package_run_dependencies/gazebo_ros2_control
[0.432s] -- Up-to-date: /home/dkflippo/aug2024/install/gazebo_ros2_control/share/ament_index/resource_index/parent_prefix_path/gazebo_ros2_control
[0.433s] -- Up-to-date: /home/dkflippo/aug2024/install/gazebo_ros2_control/share/gazebo_ros2_control/environment/ament_prefix_path.sh
[0.434s] -- Up-to-date: /home/dkflippo/aug2024/install/gazebo_ros2_control/share/gazebo_ros2_control/environment/ament_prefix_path.dsv
[0.435s] -- Up-to-date: /home/dkflippo/aug2024/install/gazebo_ros2_control/share/gazebo_ros2_control/environment/path.sh
[0.435s] -- Up-to-date: /home/dkflippo/aug2024/install/gazebo_ros2_control/share/gazebo_ros2_control/environment/path.dsv
[0.435s] -- Up-to-date: /home/dkflippo/aug2024/install/gazebo_ros2_control/share/gazebo_ros2_control/local_setup.bash
[0.436s] -- Up-to-date: /home/dkflippo/aug2024/install/gazebo_ros2_control/share/gazebo_ros2_control/local_setup.sh
[0.437s] -- Up-to-date: /home/dkflippo/aug2024/install/gazebo_ros2_control/share/gazebo_ros2_control/local_setup.zsh
[0.438s] -- Up-to-date: /home/dkflippo/aug2024/install/gazebo_ros2_control/share/gazebo_ros2_control/local_setup.dsv
[0.440s] -- Installing: /home/dkflippo/aug2024/install/gazebo_ros2_control/share/gazebo_ros2_control/package.dsv
[0.444s] -- Up-to-date: /home/dkflippo/aug2024/install/gazebo_ros2_control/share/ament_index/resource_index/packages/gazebo_ros2_control
[0.445s] -- Up-to-date: /home/dkflippo/aug2024/install/gazebo_ros2_control/share/ament_index/resource_index/gazebo_ros2_control__pluginlib__plugin/gazebo_ros2_control
[0.446s] -- Up-to-date: /home/dkflippo/aug2024/install/gazebo_ros2_control/share/gazebo_ros2_control/cmake/ament_cmake_export_include_directories-extras.cmake
[0.447s] -- Up-to-date: /home/dkflippo/aug2024/install/gazebo_ros2_control/share/gazebo_ros2_control/cmake/ament_cmake_export_dependencies-extras.cmake
[0.448s] -- Up-to-date: /home/dkflippo/aug2024/install/gazebo_ros2_control/share/gazebo_ros2_control/cmake/ament_cmake_export_libraries-extras.cmake
[0.448s] -- Up-to-date: /home/dkflippo/aug2024/install/gazebo_ros2_control/share/gazebo_ros2_control/cmake/gazebo_ros2_controlConfig.cmake
[0.451s] -- Up-to-date: /home/dkflippo/aug2024/install/gazebo_ros2_control/share/gazebo_ros2_control/cmake/gazebo_ros2_controlConfig-version.cmake
[0.452s] -- Up-to-date: /home/dkflippo/aug2024/install/gazebo_ros2_control/share/gazebo_ros2_control/package.xml
[0.462s] Invoked command in '/home/dkflippo/aug2024/build/gazebo_ros2_control' returned '0': CMAKE_PREFIX_PATH=${CMAKE_PREFIX_PATH}:/opt/ros/humble /usr/bin/cmake --install /home/dkflippo/aug2024/build/gazebo_ros2_control
