[0.011s] Invoking command in '/home/dkflippo/aug2024/src/my_robot_nav2/build/my_robot_nav2': CMAKE_PREFIX_PATH=${CMAKE_PREFIX_PATH}:/opt/ros/humble /usr/bin/cmake --build /home/dkflippo/aug2024/src/my_robot_nav2/build/my_robot_nav2 -- -j12 -l12
[0.032s] -- Found ament_cmake: 1.3.10 (/opt/ros/humble/share/ament_cmake/cmake)
[0.143s] -- Found ament_lint_auto: 0.12.11 (/opt/ros/humble/share/ament_lint_auto/cmake)
[0.214s] -- Added test 'cppcheck' to perform static code analysis on C / C++ code
[0.214s] -- Configured cppcheck include dirs: 
[0.214s] -- Configured cppcheck exclude dirs and/or files: 
[0.216s] -- Added test 'flake8' to check Python code syntax and style conventions
[0.219s] -- Added test 'lint_cmake' to check CMake code style
[0.221s] -- Added test 'pep257' to check Python code against some of the docstring style conventions in PEP 257
[0.234s] -- Added test 'uncrustify' to check C / C++ code style
[0.234s] -- Configured uncrustify additional arguments: 
[0.236s] -- Added test 'xmllint' to check XML markup files
[0.237s] -- Configuring done
[0.240s] -- Generating done
[0.241s] -- Build files have been written to: /home/dkflippo/aug2024/src/my_robot_nav2/build/my_robot_nav2
[0.262s] Invoked command in '/home/dkflippo/aug2024/src/my_robot_nav2/build/my_robot_nav2' returned '0': CMAKE_PREFIX_PATH=${CMAKE_PREFIX_PATH}:/opt/ros/humble /usr/bin/cmake --build /home/dkflippo/aug2024/src/my_robot_nav2/build/my_robot_nav2 -- -j12 -l12
[0.293s] Invoking command in '/home/dkflippo/aug2024/src/my_robot_nav2/build/my_robot_nav2': CMAKE_PREFIX_PATH=${CMAKE_PREFIX_PATH}:/opt/ros/humble /usr/bin/cmake --install /home/dkflippo/aug2024/src/my_robot_nav2/build/my_robot_nav2
[0.300s] -- Install configuration: ""
[0.300s] -- Up-to-date: /home/dkflippo/aug2024/src/my_robot_nav2/install/my_robot_nav2/share/my_robot_nav2//config
[0.300s] -- Up-to-date: /home/dkflippo/aug2024/src/my_robot_nav2/install/my_robot_nav2/share/my_robot_nav2//config/slam_toolbox_params.yaml
[0.300s] -- Installing: /home/dkflippo/aug2024/src/my_robot_nav2/install/my_robot_nav2/share/my_robot_nav2//include
[0.300s] -- Installing: /home/dkflippo/aug2024/src/my_robot_nav2/install/my_robot_nav2/share/my_robot_nav2//include/my_robot_nav2
[0.300s] -- Installing: /home/dkflippo/aug2024/src/my_robot_nav2/install/my_robot_nav2/share/my_robot_nav2//launch
[0.300s] -- Installing: /home/dkflippo/aug2024/src/my_robot_nav2/install/my_robot_nav2/share/my_robot_nav2//launch/slam_toolbox.launch.py
[0.301s] -- Installing: /home/dkflippo/aug2024/src/my_robot_nav2/install/my_robot_nav2/share/my_robot_nav2//maps
[0.301s] -- Up-to-date: /home/dkflippo/aug2024/src/my_robot_nav2/install/my_robot_nav2/share/ament_index/resource_index/package_run_dependencies/my_robot_nav2
[0.301s] -- Installing: /home/dkflippo/aug2024/src/my_robot_nav2/install/my_robot_nav2/share/ament_index/resource_index/parent_prefix_path/my_robot_nav2
[0.301s] -- Up-to-date: /home/dkflippo/aug2024/src/my_robot_nav2/install/my_robot_nav2/share/my_robot_nav2/environment/ament_prefix_path.sh
[0.301s] -- Installing: /home/dkflippo/aug2024/src/my_robot_nav2/install/my_robot_nav2/share/my_robot_nav2/environment/ament_prefix_path.dsv
[0.301s] -- Up-to-date: /home/dkflippo/aug2024/src/my_robot_nav2/install/my_robot_nav2/share/my_robot_nav2/environment/path.sh
[0.301s] -- Installing: /home/dkflippo/aug2024/src/my_robot_nav2/install/my_robot_nav2/share/my_robot_nav2/environment/path.dsv
[0.301s] -- Up-to-date: /home/dkflippo/aug2024/src/my_robot_nav2/install/my_robot_nav2/share/my_robot_nav2/local_setup.bash
[0.301s] -- Up-to-date: /home/dkflippo/aug2024/src/my_robot_nav2/install/my_robot_nav2/share/my_robot_nav2/local_setup.sh
[0.302s] -- Up-to-date: /home/dkflippo/aug2024/src/my_robot_nav2/install/my_robot_nav2/share/my_robot_nav2/local_setup.zsh
[0.302s] -- Installing: /home/dkflippo/aug2024/src/my_robot_nav2/install/my_robot_nav2/share/my_robot_nav2/local_setup.dsv
[0.302s] -- Installing: /home/dkflippo/aug2024/src/my_robot_nav2/install/my_robot_nav2/share/my_robot_nav2/package.dsv
[0.302s] -- Up-to-date: /home/dkflippo/aug2024/src/my_robot_nav2/install/my_robot_nav2/share/ament_index/resource_index/packages/my_robot_nav2
[0.302s] -- Up-to-date: /home/dkflippo/aug2024/src/my_robot_nav2/install/my_robot_nav2/share/my_robot_nav2/cmake/my_robot_nav2Config.cmake
[0.302s] -- Up-to-date: /home/dkflippo/aug2024/src/my_robot_nav2/install/my_robot_nav2/share/my_robot_nav2/cmake/my_robot_nav2Config-version.cmake
[0.302s] -- Up-to-date: /home/dkflippo/aug2024/src/my_robot_nav2/install/my_robot_nav2/share/my_robot_nav2/package.xml
[0.304s] Invoked command in '/home/dkflippo/aug2024/src/my_robot_nav2/build/my_robot_nav2' returned '0': CMAKE_PREFIX_PATH=${CMAKE_PREFIX_PATH}:/opt/ros/humble /usr/bin/cmake --install /home/dkflippo/aug2024/src/my_robot_nav2/build/my_robot_nav2
