-- The C compiler identification is GNU 11.4.0
-- The CXX compiler identification is GNU 11.4.0
-- Detecting C compiler ABI info
-- Detecting C compiler ABI info - done
-- Check for working C compiler: /usr/bin/cc - skipped
-- Detecting C compile features
-- Detecting C compile features - done
-- Detecting CXX compiler ABI info
-- Detecting CXX compiler ABI info - done
-- Check for working CXX compiler: /usr/bin/c++ - skipped
-- Detecting CXX compile features
-- Detecting CXX compile features - done
-- Found ament_cmake: 1.3.9 (/opt/ros/humble/share/ament_cmake/cmake)
-- Found Python3: /usr/bin/python3 (found version "3.10.12") found components: Interpreter 
-- Found hardware_interface: 2.41.0 (/opt/ros/humble/share/hardware_interface/cmake)
-- Found rosidl_generator_c: 3.1.5 (/opt/ros/humble/share/rosidl_generator_c/cmake)
-- Found rosidl_adapter: 3.1.5 (/opt/ros/humble/share/rosidl_adapter/cmake)
-- Found rosidl_generator_cpp: 3.1.5 (/opt/ros/humble/share/rosidl_generator_cpp/cmake)
-- Using all available rosidl_typesupport_c: rosidl_typesupport_fastrtps_c;rosidl_typesupport_introspection_c
-- Using all available rosidl_typesupport_cpp: rosidl_typesupport_fastrtps_cpp;rosidl_typesupport_introspection_cpp
-- Found rmw_implementation_cmake: 6.1.2 (/opt/ros/humble/share/rmw_implementation_cmake/cmake)
-- Found rmw_fastrtps_cpp: 6.2.6 (/opt/ros/humble/share/rmw_fastrtps_cpp/cmake)
-- Found TinyXML2 via Config file: TinyXML2_DIR-NOTFOUND
-- Found OpenSSL: /usr/lib/x86_64-linux-gnu/libcrypto.so (found version "3.0.2")  
-- Found TinyXML2 via Config file: TinyXML2_DIR-NOTFOUND
-- Found FastRTPS: /opt/ros/humble/include  
-- Found TinyXML2 via Config file: TinyXML2_DIR-NOTFOUND
-- Found TinyXML2 via Config file: TinyXML2_DIR-NOTFOUND
-- Using RMW implementation 'rmw_fastrtps_cpp' as default
-- Looking for pthread.h
-- Looking for pthread.h - found
-- Performing Test CMAKE_HAVE_LIBC_PTHREAD
-- Performing Test CMAKE_HAVE_LIBC_PTHREAD - Success
-- Found Threads: TRUE  
WARNING: Package name "BMC_2024" does not follow the naming conventions. It should start with a lower case letter and only contain lower case letters, digits, underscores, and dashes.
-- Configuring done
-- Generating done
-- Build files have been written to: /home/dkflippo/aug2024/build/BMC_2024
[ 33%] [32mBuilding CXX object CMakeFiles/BMC_2024.dir/src/aug_2024_system.cpp.o[0m
[ 66%] [32mBuilding CXX object CMakeFiles/BMC_2024.dir/src/bmc_comms.cpp.o[0m
[100%] [32m[1mLinking CXX shared library libBMC_2024.so[0m
[100%] Built target BMC_2024
-- Install configuration: ""
-- Installing: /home/dkflippo/aug2024/install/BMC_2024/share/BMC_2024/aug_2024_hardware.xml
-- Installing: /home/dkflippo/aug2024/install/BMC_2024/lib/libBMC_2024.so
-- Set runtime path of "/home/dkflippo/aug2024/install/BMC_2024/lib/libBMC_2024.so" to ""
-- Installing: /home/dkflippo/aug2024/install/BMC_2024/include
-- Installing: /home/dkflippo/aug2024/install/BMC_2024/include/BMC_2024
-- Installing: /home/dkflippo/aug2024/install/BMC_2024/include/BMC_2024/aug_2024_system.hpp
-- Installing: /home/dkflippo/aug2024/install/BMC_2024/include/BMC_2024/visibility_control.h
-- Installing: /home/dkflippo/aug2024/install/BMC_2024/include/BMC_2024/bmc_comms.hpp
-- Installing: /home/dkflippo/aug2024/install/BMC_2024/share/BMC_2024/environment/library_path.sh
-- Installing: /home/dkflippo/aug2024/install/BMC_2024/share/BMC_2024/environment/library_path.dsv
-- Installing: /home/dkflippo/aug2024/install/BMC_2024/share/ament_index/resource_index/package_run_dependencies/BMC_2024
-- Installing: /home/dkflippo/aug2024/install/BMC_2024/share/ament_index/resource_index/parent_prefix_path/BMC_2024
-- Installing: /home/dkflippo/aug2024/install/BMC_2024/share/BMC_2024/environment/ament_prefix_path.sh
-- Installing: /home/dkflippo/aug2024/install/BMC_2024/share/BMC_2024/environment/ament_prefix_path.dsv
-- Installing: /home/dkflippo/aug2024/install/BMC_2024/share/BMC_2024/environment/path.sh
-- Installing: /home/dkflippo/aug2024/install/BMC_2024/share/BMC_2024/environment/path.dsv
-- Installing: /home/dkflippo/aug2024/install/BMC_2024/share/BMC_2024/local_setup.bash
-- Installing: /home/dkflippo/aug2024/install/BMC_2024/share/BMC_2024/local_setup.sh
-- Installing: /home/dkflippo/aug2024/install/BMC_2024/share/BMC_2024/local_setup.zsh
-- Installing: /home/dkflippo/aug2024/install/BMC_2024/share/BMC_2024/local_setup.dsv
-- Installing: /home/dkflippo/aug2024/install/BMC_2024/share/BMC_2024/package.dsv
-- Installing: /home/dkflippo/aug2024/install/BMC_2024/share/ament_index/resource_index/packages/BMC_2024
-- Installing: /home/dkflippo/aug2024/install/BMC_2024/share/ament_index/resource_index/hardware_interface__pluginlib__plugin/BMC_2024
-- Installing: /home/dkflippo/aug2024/install/BMC_2024/share/BMC_2024/cmake/ament_cmake_export_include_directories-extras.cmake
-- Installing: /home/dkflippo/aug2024/install/BMC_2024/share/BMC_2024/cmake/ament_cmake_export_libraries-extras.cmake
-- Installing: /home/dkflippo/aug2024/install/BMC_2024/share/BMC_2024/cmake/ament_cmake_export_dependencies-extras.cmake
-- Installing: /home/dkflippo/aug2024/install/BMC_2024/share/BMC_2024/cmake/BMC_2024Config.cmake
-- Installing: /home/dkflippo/aug2024/install/BMC_2024/share/BMC_2024/cmake/BMC_2024Config-version.cmake
-- Installing: /home/dkflippo/aug2024/install/BMC_2024/share/BMC_2024/package.xml
