[0.012s] Invoking command in '/home/dkflippo/aug2024/src/my_robot_nav2/build/my_robot_nav2': CMAKE_PREFIX_PATH=${CMAKE_PREFIX_PATH}:/opt/ros/humble /usr/bin/cmake --build /home/dkflippo/aug2024/src/my_robot_nav2/build/my_robot_nav2 -- -j12 -l12
[0.040s] -- Found ament_cmake: 1.3.10 (/opt/ros/humble/share/ament_cmake/cmake)
[0.177s] -- Found ament_lint_auto: 0.12.11 (/opt/ros/humble/share/ament_lint_auto/cmake)
[0.256s] -- Added test 'cppcheck' to perform static code analysis on C / C++ code
[0.256s] -- Configured cppcheck include dirs: 
[0.256s] -- Configured cppcheck exclude dirs and/or files: 
[0.258s] -- Added test 'flake8' to check Python code syntax and style conventions
[0.262s] -- Added test 'lint_cmake' to check CMake code style
[0.264s] -- Added test 'pep257' to check Python code against some of the docstring style conventions in PEP 257
[0.276s] -- Added test 'uncrustify' to check C / C++ code style
[0.276s] -- Configured uncrustify additional arguments: 
[0.278s] -- Added test 'xmllint' to check XML markup files
[0.279s] -- Configuring done
[0.283s] -- Generating done
[0.285s] -- Build files have been written to: /home/dkflippo/aug2024/src/my_robot_nav2/build/my_robot_nav2
[0.306s] Invoked command in '/home/dkflippo/aug2024/src/my_robot_nav2/build/my_robot_nav2' returned '0': CMAKE_PREFIX_PATH=${CMAKE_PREFIX_PATH}:/opt/ros/humble /usr/bin/cmake --build /home/dkflippo/aug2024/src/my_robot_nav2/build/my_robot_nav2 -- -j12 -l12
[0.337s] Invoking command in '/home/dkflippo/aug2024/src/my_robot_nav2/build/my_robot_nav2': CMAKE_PREFIX_PATH=${CMAKE_PREFIX_PATH}:/opt/ros/humble /usr/bin/cmake --install /home/dkflippo/aug2024/src/my_robot_nav2/build/my_robot_nav2
[0.344s] -- Install configuration: ""
[0.344s] -- Installing: /home/dkflippo/aug2024/src/my_robot_nav2/install/my_robot_nav2/share/my_robot_nav2//config
[0.344s] -- Installing: /home/dkflippo/aug2024/src/my_robot_nav2/install/my_robot_nav2/share/my_robot_nav2//config/slam_toolbox_params.yaml
[0.344s] [31mCMake Error at cmake_install.cmake:46 (file):
[0.344s]   file INSTALL cannot find
[0.344s]   "/home/dkflippo/aug2024/src/my_robot_nav2/description": No such file or
[0.344s]   directory.
[0.345s] 
[0.345s] [0m
[0.346s] Invoked command in '/home/dkflippo/aug2024/src/my_robot_nav2/build/my_robot_nav2' returned '1': CMAKE_PREFIX_PATH=${CMAKE_PREFIX_PATH}:/opt/ros/humble /usr/bin/cmake --install /home/dkflippo/aug2024/src/my_robot_nav2/build/my_robot_nav2
