[0.065s] Invoking command in '/home/dkflippo/aug2024/build/BMC_2024': CMAKE_PREFIX_PATH=${CMAKE_PREFIX_PATH}:/opt/ros/humble /usr/bin/cmake --build /home/dkflippo/aug2024/build/BMC_2024 -- -j12 -l12
[0.302s] [100%] Built target BMC_2024
[0.395s] Invoked command in '/home/dkflippo/aug2024/build/BMC_2024' returned '0': CMAKE_PREFIX_PATH=${CMAKE_PREFIX_PATH}:/opt/ros/humble /usr/bin/cmake --build /home/dkflippo/aug2024/build/BMC_2024 -- -j12 -l12
[0.550s] Invoking command in '/home/dkflippo/aug2024/build/BMC_2024': CMAKE_PREFIX_PATH=${CMAKE_PREFIX_PATH}:/opt/ros/humble /usr/bin/cmake --install /home/dkflippo/aug2024/build/BMC_2024
[0.581s] -- Install configuration: ""
[0.582s] -- Execute custom install script
[0.582s] -- Up-to-date symlink: /home/dkflippo/aug2024/install/BMC_2024/lib/libBMC_2024.so
[0.587s] -- Up-to-date symlink: /home/dkflippo/aug2024/install/BMC_2024/include/BMC_2024/aug_2024_system.hpp
[0.592s] -- Up-to-date symlink: /home/dkflippo/aug2024/install/BMC_2024/include/BMC_2024/bmc_comms.hpp
[0.594s] -- Up-to-date symlink: /home/dkflippo/aug2024/install/BMC_2024/include/BMC_2024/visibility_control.h
[0.597s] -- Up-to-date symlink: /home/dkflippo/aug2024/install/BMC_2024/share/BMC_2024//aug_2024_hardware.xml
[0.598s] -- Up-to-date symlink: /home/dkflippo/aug2024/install/BMC_2024/share/BMC_2024/environment/library_path.sh
[0.599s] -- Up-to-date symlink: /home/dkflippo/aug2024/install/BMC_2024/share/BMC_2024/environment/library_path.dsv
[0.600s] -- Up-to-date symlink: /home/dkflippo/aug2024/install/BMC_2024/share/ament_index/resource_index/package_run_dependencies/BMC_2024
[0.601s] -- Up-to-date symlink: /home/dkflippo/aug2024/install/BMC_2024/share/ament_index/resource_index/parent_prefix_path/BMC_2024
[0.601s] -- Up-to-date symlink: /home/dkflippo/aug2024/install/BMC_2024/share/BMC_2024/environment/ament_prefix_path.sh
[0.602s] -- Up-to-date symlink: /home/dkflippo/aug2024/install/BMC_2024/share/BMC_2024/environment/ament_prefix_path.dsv
[0.602s] -- Up-to-date symlink: /home/dkflippo/aug2024/install/BMC_2024/share/BMC_2024/environment/path.sh
[0.603s] -- Up-to-date symlink: /home/dkflippo/aug2024/install/BMC_2024/share/BMC_2024/environment/path.dsv
[0.603s] -- Up-to-date symlink: /home/dkflippo/aug2024/install/BMC_2024/share/BMC_2024/local_setup.bash
[0.603s] -- Up-to-date symlink: /home/dkflippo/aug2024/install/BMC_2024/share/BMC_2024/local_setup.sh
[0.603s] -- Up-to-date symlink: /home/dkflippo/aug2024/install/BMC_2024/share/BMC_2024/local_setup.zsh
[0.604s] -- Up-to-date symlink: /home/dkflippo/aug2024/install/BMC_2024/share/BMC_2024/local_setup.dsv
[0.604s] -- Symlinking: /home/dkflippo/aug2024/install/BMC_2024/share/BMC_2024/package.dsv
[0.651s] -- Up-to-date symlink: /home/dkflippo/aug2024/install/BMC_2024/share/ament_index/resource_index/packages/BMC_2024
[0.652s] -- Up-to-date symlink: /home/dkflippo/aug2024/install/BMC_2024/share/ament_index/resource_index/hardware_interface__pluginlib__plugin/BMC_2024
[0.652s] -- Up-to-date symlink: /home/dkflippo/aug2024/install/BMC_2024/share/BMC_2024/cmake/ament_cmake_export_include_directories-extras.cmake
[0.653s] -- Up-to-date symlink: /home/dkflippo/aug2024/install/BMC_2024/share/BMC_2024/cmake/ament_cmake_export_libraries-extras.cmake
[0.654s] -- Up-to-date symlink: /home/dkflippo/aug2024/install/BMC_2024/share/BMC_2024/cmake/ament_cmake_export_dependencies-extras.cmake
[0.654s] -- Up-to-date symlink: /home/dkflippo/aug2024/install/BMC_2024/share/BMC_2024/cmake/BMC_2024Config.cmake
[0.655s] -- Up-to-date symlink: /home/dkflippo/aug2024/install/BMC_2024/share/BMC_2024/cmake/BMC_2024Config-version.cmake
[0.655s] -- Up-to-date symlink: /home/dkflippo/aug2024/install/BMC_2024/share/BMC_2024/package.xml
[0.695s] Invoked command in '/home/dkflippo/aug2024/build/BMC_2024' returned '0': CMAKE_PREFIX_PATH=${CMAKE_PREFIX_PATH}:/opt/ros/humble /usr/bin/cmake --install /home/dkflippo/aug2024/build/BMC_2024
