[0.140s] DEBUG:colcon:Command line arguments: ['/usr/bin/colcon', 'build']
[0.140s] DEBUG:colcon:Parsed command line arguments: Namespace(log_base=None, log_level=None, verb_name='build', build_base='build', install_base='install', merge_install=False, symlink_install=False, test_result_base=None, continue_on_error=False, executor='parallel', parallel_workers=12, event_handlers=None, ignore_user_meta=False, metas=['./colcon.meta'], base_paths=['.'], packages_ignore=None, packages_ignore_regex=None, paths=None, packages_up_to=None, packages_up_to_regex=None, packages_above=None, packages_above_and_dependencies=None, packages_above_depth=None, packages_select_by_dep=None, packages_skip_by_dep=None, packages_skip_up_to=None, packages_select_build_failed=False, packages_skip_build_finished=False, packages_select_test_failures=False, packages_skip_test_passed=False, packages_select=None, packages_skip=None, packages_select_regex=None, packages_skip_regex=None, packages_start=None, packages_end=None, allow_overriding=[], cmake_args=None, cmake_target=None, cmake_target_skip_unavailable=False, cmake_clean_cache=False, cmake_clean_first=False, cmake_force_configure=False, ament_cmake_args=None, catkin_cmake_args=None, catkin_skip_building_tests=False, mixin_files=None, mixin=None, verb_parser=<colcon_mixin.mixin.mixin_argument.MixinArgumentDecorator object at 0x7359f8166ef0>, verb_extension=<colcon_core.verb.build.BuildVerb object at 0x7359f8388220>, main=<bound method BuildVerb.main of <colcon_core.verb.build.BuildVerb object at 0x7359f8388220>>, mixin_verb=('build',))
[0.343s] Level 1:colcon.colcon_core.package_discovery:discover_packages(colcon_meta) check parameters
[0.343s] Level 1:colcon.colcon_core.package_discovery:discover_packages(recursive) check parameters
[0.343s] Level 1:colcon.colcon_core.package_discovery:discover_packages(ignore) check parameters
[0.343s] Level 1:colcon.colcon_core.package_discovery:discover_packages(path) check parameters
[0.343s] Level 1:colcon.colcon_core.package_discovery:discover_packages(colcon_meta) discover
[0.343s] Level 1:colcon.colcon_core.package_discovery:discover_packages(recursive) discover
[0.343s] INFO:colcon.colcon_core.package_discovery:Crawling recursively for packages in '/home/dkflippo/aug2024'
[0.343s] Level 1:colcon.colcon_core.package_identification:_identify(.) by extensions ['ignore', 'ignore_ament_install']
[0.343s] Level 1:colcon.colcon_core.package_identification:_identify(.) by extension 'ignore'
[0.343s] Level 1:colcon.colcon_core.package_identification:_identify(.) by extension 'ignore_ament_install'
[0.343s] Level 1:colcon.colcon_core.package_identification:_identify(.) by extensions ['colcon_pkg']
[0.343s] Level 1:colcon.colcon_core.package_identification:_identify(.) by extension 'colcon_pkg'
[0.344s] Level 1:colcon.colcon_core.package_identification:_identify(.) by extensions ['colcon_meta']
[0.344s] Level 1:colcon.colcon_core.package_identification:_identify(.) by extension 'colcon_meta'
[0.344s] Level 1:colcon.colcon_core.package_identification:_identify(.) by extensions ['ros']
[0.344s] Level 1:colcon.colcon_core.package_identification:_identify(.) by extension 'ros'
[0.371s] Level 1:colcon.colcon_core.package_identification:_identify(.) by extensions ['cmake', 'python']
[0.371s] Level 1:colcon.colcon_core.package_identification:_identify(.) by extension 'cmake'
[0.371s] Level 1:colcon.colcon_core.package_identification:_identify(.) by extension 'python'
[0.371s] Level 1:colcon.colcon_core.package_identification:_identify(.) by extensions ['python_setup_py']
[0.371s] Level 1:colcon.colcon_core.package_identification:_identify(.) by extension 'python_setup_py'
[0.371s] Level 1:colcon.colcon_core.package_identification:_identify(build) by extensions ['ignore', 'ignore_ament_install']
[0.372s] Level 1:colcon.colcon_core.package_identification:_identify(build) by extension 'ignore'
[0.372s] Level 1:colcon.colcon_core.package_identification:_identify(build) ignored
[0.372s] Level 1:colcon.colcon_core.package_identification:_identify(install) by extensions ['ignore', 'ignore_ament_install']
[0.372s] Level 1:colcon.colcon_core.package_identification:_identify(install) by extension 'ignore'
[0.372s] Level 1:colcon.colcon_core.package_identification:_identify(install) ignored
[0.373s] Level 1:colcon.colcon_core.package_identification:_identify(log) by extensions ['ignore', 'ignore_ament_install']
[0.373s] Level 1:colcon.colcon_core.package_identification:_identify(log) by extension 'ignore'
[0.373s] Level 1:colcon.colcon_core.package_identification:_identify(log) ignored
[0.373s] Level 1:colcon.colcon_core.package_identification:_identify(src) by extensions ['ignore', 'ignore_ament_install']
[0.373s] Level 1:colcon.colcon_core.package_identification:_identify(src) by extension 'ignore'
[0.373s] Level 1:colcon.colcon_core.package_identification:_identify(src) by extension 'ignore_ament_install'
[0.373s] Level 1:colcon.colcon_core.package_identification:_identify(src) by extensions ['colcon_pkg']
[0.373s] Level 1:colcon.colcon_core.package_identification:_identify(src) by extension 'colcon_pkg'
[0.373s] Level 1:colcon.colcon_core.package_identification:_identify(src) by extensions ['colcon_meta']
[0.373s] Level 1:colcon.colcon_core.package_identification:_identify(src) by extension 'colcon_meta'
[0.373s] Level 1:colcon.colcon_core.package_identification:_identify(src) by extensions ['ros']
[0.373s] Level 1:colcon.colcon_core.package_identification:_identify(src) by extension 'ros'
[0.373s] Level 1:colcon.colcon_core.package_identification:_identify(src) by extensions ['cmake', 'python']
[0.373s] Level 1:colcon.colcon_core.package_identification:_identify(src) by extension 'cmake'
[0.373s] Level 1:colcon.colcon_core.package_identification:_identify(src) by extension 'python'
[0.373s] Level 1:colcon.colcon_core.package_identification:_identify(src) by extensions ['python_setup_py']
[0.374s] Level 1:colcon.colcon_core.package_identification:_identify(src) by extension 'python_setup_py'
[0.374s] Level 1:colcon.colcon_core.package_identification:_identify(src/BMC_2024) by extensions ['ignore', 'ignore_ament_install']
[0.374s] Level 1:colcon.colcon_core.package_identification:_identify(src/BMC_2024) by extension 'ignore'
[0.374s] Level 1:colcon.colcon_core.package_identification:_identify(src/BMC_2024) by extension 'ignore_ament_install'
[0.374s] Level 1:colcon.colcon_core.package_identification:_identify(src/BMC_2024) by extensions ['colcon_pkg']
[0.374s] Level 1:colcon.colcon_core.package_identification:_identify(src/BMC_2024) by extension 'colcon_pkg'
[0.374s] Level 1:colcon.colcon_core.package_identification:_identify(src/BMC_2024) by extensions ['colcon_meta']
[0.374s] Level 1:colcon.colcon_core.package_identification:_identify(src/BMC_2024) by extension 'colcon_meta'
[0.374s] Level 1:colcon.colcon_core.package_identification:_identify(src/BMC_2024) by extensions ['ros']
[0.374s] Level 1:colcon.colcon_core.package_identification:_identify(src/BMC_2024) by extension 'ros'
[0.377s] DEBUG:colcon.colcon_core.package_identification:Package 'src/BMC_2024' with type 'ros.ament_cmake' and name 'BMC_2024'
[0.377s] Level 1:colcon.colcon_core.package_identification:_identify(src/aug_2024) by extensions ['ignore', 'ignore_ament_install']
[0.377s] Level 1:colcon.colcon_core.package_identification:_identify(src/aug_2024) by extension 'ignore'
[0.377s] Level 1:colcon.colcon_core.package_identification:_identify(src/aug_2024) by extension 'ignore_ament_install'
[0.378s] Level 1:colcon.colcon_core.package_identification:_identify(src/aug_2024) by extensions ['colcon_pkg']
[0.378s] Level 1:colcon.colcon_core.package_identification:_identify(src/aug_2024) by extension 'colcon_pkg'
[0.378s] Level 1:colcon.colcon_core.package_identification:_identify(src/aug_2024) by extensions ['colcon_meta']
[0.378s] Level 1:colcon.colcon_core.package_identification:_identify(src/aug_2024) by extension 'colcon_meta'
[0.378s] Level 1:colcon.colcon_core.package_identification:_identify(src/aug_2024) by extensions ['ros']
[0.378s] Level 1:colcon.colcon_core.package_identification:_identify(src/aug_2024) by extension 'ros'
[0.380s] DEBUG:colcon.colcon_core.package_identification:Package 'src/aug_2024' with type 'ros.ament_cmake' and name 'aug_2024'
[0.380s] Level 1:colcon.colcon_core.package_identification:_identify(src/bmc_2024) by extensions ['ignore', 'ignore_ament_install']
[0.380s] Level 1:colcon.colcon_core.package_identification:_identify(src/bmc_2024) by extension 'ignore'
[0.380s] Level 1:colcon.colcon_core.package_identification:_identify(src/bmc_2024) by extension 'ignore_ament_install'
[0.380s] Level 1:colcon.colcon_core.package_identification:_identify(src/bmc_2024) by extensions ['colcon_pkg']
[0.380s] Level 1:colcon.colcon_core.package_identification:_identify(src/bmc_2024) by extension 'colcon_pkg'
[0.380s] Level 1:colcon.colcon_core.package_identification:_identify(src/bmc_2024) by extensions ['colcon_meta']
[0.380s] Level 1:colcon.colcon_core.package_identification:_identify(src/bmc_2024) by extension 'colcon_meta'
[0.380s] Level 1:colcon.colcon_core.package_identification:_identify(src/bmc_2024) by extensions ['ros']
[0.380s] Level 1:colcon.colcon_core.package_identification:_identify(src/bmc_2024) by extension 'ros'
[0.381s] Level 1:colcon.colcon_core.package_identification:_identify(src/bmc_2024) by extensions ['cmake', 'python']
[0.381s] Level 1:colcon.colcon_core.package_identification:_identify(src/bmc_2024) by extension 'cmake'
[0.381s] Level 1:colcon.colcon_core.package_identification:_identify(src/bmc_2024) by extension 'python'
[0.381s] Level 1:colcon.colcon_core.package_identification:_identify(src/bmc_2024) by extensions ['python_setup_py']
[0.381s] Level 1:colcon.colcon_core.package_identification:_identify(src/bmc_2024) by extension 'python_setup_py'
[0.381s] Level 1:colcon.colcon_core.package_identification:_identify(src/bmc_2024/hardware) by extensions ['ignore', 'ignore_ament_install']
[0.381s] Level 1:colcon.colcon_core.package_identification:_identify(src/bmc_2024/hardware) by extension 'ignore'
[0.381s] Level 1:colcon.colcon_core.package_identification:_identify(src/bmc_2024/hardware) by extension 'ignore_ament_install'
[0.381s] Level 1:colcon.colcon_core.package_identification:_identify(src/bmc_2024/hardware) by extensions ['colcon_pkg']
[0.381s] Level 1:colcon.colcon_core.package_identification:_identify(src/bmc_2024/hardware) by extension 'colcon_pkg'
[0.381s] Level 1:colcon.colcon_core.package_identification:_identify(src/bmc_2024/hardware) by extensions ['colcon_meta']
[0.381s] Level 1:colcon.colcon_core.package_identification:_identify(src/bmc_2024/hardware) by extension 'colcon_meta'
[0.381s] Level 1:colcon.colcon_core.package_identification:_identify(src/bmc_2024/hardware) by extensions ['ros']
[0.381s] Level 1:colcon.colcon_core.package_identification:_identify(src/bmc_2024/hardware) by extension 'ros'
[0.381s] Level 1:colcon.colcon_core.package_identification:_identify(src/bmc_2024/hardware) by extensions ['cmake', 'python']
[0.381s] Level 1:colcon.colcon_core.package_identification:_identify(src/bmc_2024/hardware) by extension 'cmake'
[0.382s] Level 1:colcon.colcon_core.package_identification:_identify(src/bmc_2024/hardware) by extension 'python'
[0.382s] Level 1:colcon.colcon_core.package_identification:_identify(src/bmc_2024/hardware) by extensions ['python_setup_py']
[0.382s] Level 1:colcon.colcon_core.package_identification:_identify(src/bmc_2024/hardware) by extension 'python_setup_py'
[0.382s] Level 1:colcon.colcon_core.package_identification:_identify(src/bmc_2024/hardware/include) by extensions ['ignore', 'ignore_ament_install']
[0.382s] Level 1:colcon.colcon_core.package_identification:_identify(src/bmc_2024/hardware/include) by extension 'ignore'
[0.382s] Level 1:colcon.colcon_core.package_identification:_identify(src/bmc_2024/hardware/include) by extension 'ignore_ament_install'
[0.382s] Level 1:colcon.colcon_core.package_identification:_identify(src/bmc_2024/hardware/include) by extensions ['colcon_pkg']
[0.382s] Level 1:colcon.colcon_core.package_identification:_identify(src/bmc_2024/hardware/include) by extension 'colcon_pkg'
[0.382s] Level 1:colcon.colcon_core.package_identification:_identify(src/bmc_2024/hardware/include) by extensions ['colcon_meta']
[0.383s] Level 1:colcon.colcon_core.package_identification:_identify(src/bmc_2024/hardware/include) by extension 'colcon_meta'
[0.383s] Level 1:colcon.colcon_core.package_identification:_identify(src/bmc_2024/hardware/include) by extensions ['ros']
[0.383s] Level 1:colcon.colcon_core.package_identification:_identify(src/bmc_2024/hardware/include) by extension 'ros'
[0.383s] Level 1:colcon.colcon_core.package_identification:_identify(src/bmc_2024/hardware/include) by extensions ['cmake', 'python']
[0.383s] Level 1:colcon.colcon_core.package_identification:_identify(src/bmc_2024/hardware/include) by extension 'cmake'
[0.383s] Level 1:colcon.colcon_core.package_identification:_identify(src/bmc_2024/hardware/include) by extension 'python'
[0.383s] Level 1:colcon.colcon_core.package_identification:_identify(src/bmc_2024/hardware/include) by extensions ['python_setup_py']
[0.383s] Level 1:colcon.colcon_core.package_identification:_identify(src/bmc_2024/hardware/include) by extension 'python_setup_py'
[0.383s] Level 1:colcon.colcon_core.package_identification:_identify(src/bmc_2024/hardware/include/rowbot_bmc) by extensions ['ignore', 'ignore_ament_install']
[0.383s] Level 1:colcon.colcon_core.package_identification:_identify(src/bmc_2024/hardware/include/rowbot_bmc) by extension 'ignore'
[0.383s] Level 1:colcon.colcon_core.package_identification:_identify(src/bmc_2024/hardware/include/rowbot_bmc) by extension 'ignore_ament_install'
[0.383s] Level 1:colcon.colcon_core.package_identification:_identify(src/bmc_2024/hardware/include/rowbot_bmc) by extensions ['colcon_pkg']
[0.383s] Level 1:colcon.colcon_core.package_identification:_identify(src/bmc_2024/hardware/include/rowbot_bmc) by extension 'colcon_pkg'
[0.383s] Level 1:colcon.colcon_core.package_identification:_identify(src/bmc_2024/hardware/include/rowbot_bmc) by extensions ['colcon_meta']
[0.383s] Level 1:colcon.colcon_core.package_identification:_identify(src/bmc_2024/hardware/include/rowbot_bmc) by extension 'colcon_meta'
[0.383s] Level 1:colcon.colcon_core.package_identification:_identify(src/bmc_2024/hardware/include/rowbot_bmc) by extensions ['ros']
[0.383s] Level 1:colcon.colcon_core.package_identification:_identify(src/bmc_2024/hardware/include/rowbot_bmc) by extension 'ros'
[0.383s] Level 1:colcon.colcon_core.package_identification:_identify(src/bmc_2024/hardware/include/rowbot_bmc) by extensions ['cmake', 'python']
[0.383s] Level 1:colcon.colcon_core.package_identification:_identify(src/bmc_2024/hardware/include/rowbot_bmc) by extension 'cmake'
[0.383s] Level 1:colcon.colcon_core.package_identification:_identify(src/bmc_2024/hardware/include/rowbot_bmc) by extension 'python'
[0.383s] Level 1:colcon.colcon_core.package_identification:_identify(src/bmc_2024/hardware/include/rowbot_bmc) by extensions ['python_setup_py']
[0.384s] Level 1:colcon.colcon_core.package_identification:_identify(src/bmc_2024/hardware/include/rowbot_bmc) by extension 'python_setup_py'
[0.384s] Level 1:colcon.colcon_core.package_identification:_identify(src/bmc_2024/include) by extensions ['ignore', 'ignore_ament_install']
[0.384s] Level 1:colcon.colcon_core.package_identification:_identify(src/bmc_2024/include) by extension 'ignore'
[0.384s] Level 1:colcon.colcon_core.package_identification:_identify(src/bmc_2024/include) by extension 'ignore_ament_install'
[0.384s] Level 1:colcon.colcon_core.package_identification:_identify(src/bmc_2024/include) by extensions ['colcon_pkg']
[0.384s] Level 1:colcon.colcon_core.package_identification:_identify(src/bmc_2024/include) by extension 'colcon_pkg'
[0.384s] Level 1:colcon.colcon_core.package_identification:_identify(src/bmc_2024/include) by extensions ['colcon_meta']
[0.384s] Level 1:colcon.colcon_core.package_identification:_identify(src/bmc_2024/include) by extension 'colcon_meta'
[0.384s] Level 1:colcon.colcon_core.package_identification:_identify(src/bmc_2024/include) by extensions ['ros']
[0.384s] Level 1:colcon.colcon_core.package_identification:_identify(src/bmc_2024/include) by extension 'ros'
[0.384s] Level 1:colcon.colcon_core.package_identification:_identify(src/bmc_2024/include) by extensions ['cmake', 'python']
[0.384s] Level 1:colcon.colcon_core.package_identification:_identify(src/bmc_2024/include) by extension 'cmake'
[0.384s] Level 1:colcon.colcon_core.package_identification:_identify(src/bmc_2024/include) by extension 'python'
[0.384s] Level 1:colcon.colcon_core.package_identification:_identify(src/bmc_2024/include) by extensions ['python_setup_py']
[0.384s] Level 1:colcon.colcon_core.package_identification:_identify(src/bmc_2024/include) by extension 'python_setup_py'
[0.384s] Level 1:colcon.colcon_core.package_identification:_identify(src/bmc_2024/include/bmc_2024) by extensions ['ignore', 'ignore_ament_install']
[0.384s] Level 1:colcon.colcon_core.package_identification:_identify(src/bmc_2024/include/bmc_2024) by extension 'ignore'
[0.384s] Level 1:colcon.colcon_core.package_identification:_identify(src/bmc_2024/include/bmc_2024) by extension 'ignore_ament_install'
[0.384s] Level 1:colcon.colcon_core.package_identification:_identify(src/bmc_2024/include/bmc_2024) by extensions ['colcon_pkg']
[0.385s] Level 1:colcon.colcon_core.package_identification:_identify(src/bmc_2024/include/bmc_2024) by extension 'colcon_pkg'
[0.385s] Level 1:colcon.colcon_core.package_identification:_identify(src/bmc_2024/include/bmc_2024) by extensions ['colcon_meta']
[0.385s] Level 1:colcon.colcon_core.package_identification:_identify(src/bmc_2024/include/bmc_2024) by extension 'colcon_meta'
[0.385s] Level 1:colcon.colcon_core.package_identification:_identify(src/bmc_2024/include/bmc_2024) by extensions ['ros']
[0.385s] Level 1:colcon.colcon_core.package_identification:_identify(src/bmc_2024/include/bmc_2024) by extension 'ros'
[0.385s] Level 1:colcon.colcon_core.package_identification:_identify(src/bmc_2024/include/bmc_2024) by extensions ['cmake', 'python']
[0.385s] Level 1:colcon.colcon_core.package_identification:_identify(src/bmc_2024/include/bmc_2024) by extension 'cmake'
[0.385s] Level 1:colcon.colcon_core.package_identification:_identify(src/bmc_2024/include/bmc_2024) by extension 'python'
[0.385s] Level 1:colcon.colcon_core.package_identification:_identify(src/bmc_2024/include/bmc_2024) by extensions ['python_setup_py']
[0.385s] Level 1:colcon.colcon_core.package_identification:_identify(src/bmc_2024/include/bmc_2024) by extension 'python_setup_py'
[0.385s] Level 1:colcon.colcon_core.package_identification:_identify(src/bmc_2024/src) by extensions ['ignore', 'ignore_ament_install']
[0.385s] Level 1:colcon.colcon_core.package_identification:_identify(src/bmc_2024/src) by extension 'ignore'
[0.385s] Level 1:colcon.colcon_core.package_identification:_identify(src/bmc_2024/src) by extension 'ignore_ament_install'
[0.385s] Level 1:colcon.colcon_core.package_identification:_identify(src/bmc_2024/src) by extensions ['colcon_pkg']
[0.385s] Level 1:colcon.colcon_core.package_identification:_identify(src/bmc_2024/src) by extension 'colcon_pkg'
[0.385s] Level 1:colcon.colcon_core.package_identification:_identify(src/bmc_2024/src) by extensions ['colcon_meta']
[0.385s] Level 1:colcon.colcon_core.package_identification:_identify(src/bmc_2024/src) by extension 'colcon_meta'
[0.385s] Level 1:colcon.colcon_core.package_identification:_identify(src/bmc_2024/src) by extensions ['ros']
[0.385s] Level 1:colcon.colcon_core.package_identification:_identify(src/bmc_2024/src) by extension 'ros'
[0.385s] Level 1:colcon.colcon_core.package_identification:_identify(src/bmc_2024/src) by extensions ['cmake', 'python']
[0.385s] Level 1:colcon.colcon_core.package_identification:_identify(src/bmc_2024/src) by extension 'cmake'
[0.385s] Level 1:colcon.colcon_core.package_identification:_identify(src/bmc_2024/src) by extension 'python'
[0.385s] Level 1:colcon.colcon_core.package_identification:_identify(src/bmc_2024/src) by extensions ['python_setup_py']
[0.386s] Level 1:colcon.colcon_core.package_identification:_identify(src/bmc_2024/src) by extension 'python_setup_py'
[0.386s] Level 1:colcon.colcon_core.package_identification:_identify(src/gazebo_ros2_control) by extensions ['ignore', 'ignore_ament_install']
[0.386s] Level 1:colcon.colcon_core.package_identification:_identify(src/gazebo_ros2_control) by extension 'ignore'
[0.386s] Level 1:colcon.colcon_core.package_identification:_identify(src/gazebo_ros2_control) by extension 'ignore_ament_install'
[0.386s] Level 1:colcon.colcon_core.package_identification:_identify(src/gazebo_ros2_control) by extensions ['colcon_pkg']
[0.386s] Level 1:colcon.colcon_core.package_identification:_identify(src/gazebo_ros2_control) by extension 'colcon_pkg'
[0.386s] Level 1:colcon.colcon_core.package_identification:_identify(src/gazebo_ros2_control) by extensions ['colcon_meta']
[0.386s] Level 1:colcon.colcon_core.package_identification:_identify(src/gazebo_ros2_control) by extension 'colcon_meta'
[0.386s] Level 1:colcon.colcon_core.package_identification:_identify(src/gazebo_ros2_control) by extensions ['ros']
[0.386s] Level 1:colcon.colcon_core.package_identification:_identify(src/gazebo_ros2_control) by extension 'ros'
[0.386s] Level 1:colcon.colcon_core.package_identification:_identify(src/gazebo_ros2_control) by extensions ['cmake', 'python']
[0.386s] Level 1:colcon.colcon_core.package_identification:_identify(src/gazebo_ros2_control) by extension 'cmake'
[0.386s] Level 1:colcon.colcon_core.package_identification:_identify(src/gazebo_ros2_control) by extension 'python'
[0.386s] Level 1:colcon.colcon_core.package_identification:_identify(src/gazebo_ros2_control) by extensions ['python_setup_py']
[0.386s] Level 1:colcon.colcon_core.package_identification:_identify(src/gazebo_ros2_control) by extension 'python_setup_py'
[0.386s] Level 1:colcon.colcon_core.package_identification:_identify(src/gazebo_ros2_control/Docker) by extensions ['ignore', 'ignore_ament_install']
[0.387s] Level 1:colcon.colcon_core.package_identification:_identify(src/gazebo_ros2_control/Docker) by extension 'ignore'
[0.387s] Level 1:colcon.colcon_core.package_identification:_identify(src/gazebo_ros2_control/Docker) by extension 'ignore_ament_install'
[0.387s] Level 1:colcon.colcon_core.package_identification:_identify(src/gazebo_ros2_control/Docker) by extensions ['colcon_pkg']
[0.387s] Level 1:colcon.colcon_core.package_identification:_identify(src/gazebo_ros2_control/Docker) by extension 'colcon_pkg'
[0.387s] Level 1:colcon.colcon_core.package_identification:_identify(src/gazebo_ros2_control/Docker) by extensions ['colcon_meta']
[0.387s] Level 1:colcon.colcon_core.package_identification:_identify(src/gazebo_ros2_control/Docker) by extension 'colcon_meta'
[0.387s] Level 1:colcon.colcon_core.package_identification:_identify(src/gazebo_ros2_control/Docker) by extensions ['ros']
[0.387s] Level 1:colcon.colcon_core.package_identification:_identify(src/gazebo_ros2_control/Docker) by extension 'ros'
[0.387s] Level 1:colcon.colcon_core.package_identification:_identify(src/gazebo_ros2_control/Docker) by extensions ['cmake', 'python']
[0.387s] Level 1:colcon.colcon_core.package_identification:_identify(src/gazebo_ros2_control/Docker) by extension 'cmake'
[0.387s] Level 1:colcon.colcon_core.package_identification:_identify(src/gazebo_ros2_control/Docker) by extension 'python'
[0.387s] Level 1:colcon.colcon_core.package_identification:_identify(src/gazebo_ros2_control/Docker) by extensions ['python_setup_py']
[0.387s] Level 1:colcon.colcon_core.package_identification:_identify(src/gazebo_ros2_control/Docker) by extension 'python_setup_py'
[0.387s] Level 1:colcon.colcon_core.package_identification:_identify(src/gazebo_ros2_control/doc) by extensions ['ignore', 'ignore_ament_install']
[0.388s] Level 1:colcon.colcon_core.package_identification:_identify(src/gazebo_ros2_control/doc) by extension 'ignore'
[0.388s] Level 1:colcon.colcon_core.package_identification:_identify(src/gazebo_ros2_control/doc) by extension 'ignore_ament_install'
[0.388s] Level 1:colcon.colcon_core.package_identification:_identify(src/gazebo_ros2_control/doc) by extensions ['colcon_pkg']
[0.388s] Level 1:colcon.colcon_core.package_identification:_identify(src/gazebo_ros2_control/doc) by extension 'colcon_pkg'
[0.388s] Level 1:colcon.colcon_core.package_identification:_identify(src/gazebo_ros2_control/doc) by extensions ['colcon_meta']
[0.388s] Level 1:colcon.colcon_core.package_identification:_identify(src/gazebo_ros2_control/doc) by extension 'colcon_meta'
[0.388s] Level 1:colcon.colcon_core.package_identification:_identify(src/gazebo_ros2_control/doc) by extensions ['ros']
[0.388s] Level 1:colcon.colcon_core.package_identification:_identify(src/gazebo_ros2_control/doc) by extension 'ros'
[0.388s] Level 1:colcon.colcon_core.package_identification:_identify(src/gazebo_ros2_control/doc) by extensions ['cmake', 'python']
[0.388s] Level 1:colcon.colcon_core.package_identification:_identify(src/gazebo_ros2_control/doc) by extension 'cmake'
[0.388s] Level 1:colcon.colcon_core.package_identification:_identify(src/gazebo_ros2_control/doc) by extension 'python'
[0.388s] Level 1:colcon.colcon_core.package_identification:_identify(src/gazebo_ros2_control/doc) by extensions ['python_setup_py']
[0.388s] Level 1:colcon.colcon_core.package_identification:_identify(src/gazebo_ros2_control/doc) by extension 'python_setup_py'
[0.388s] Level 1:colcon.colcon_core.package_identification:_identify(src/gazebo_ros2_control/doc/img) by extensions ['ignore', 'ignore_ament_install']
[0.389s] Level 1:colcon.colcon_core.package_identification:_identify(src/gazebo_ros2_control/doc/img) by extension 'ignore'
[0.389s] Level 1:colcon.colcon_core.package_identification:_identify(src/gazebo_ros2_control/doc/img) by extension 'ignore_ament_install'
[0.389s] Level 1:colcon.colcon_core.package_identification:_identify(src/gazebo_ros2_control/doc/img) by extensions ['colcon_pkg']
[0.389s] Level 1:colcon.colcon_core.package_identification:_identify(src/gazebo_ros2_control/doc/img) by extension 'colcon_pkg'
[0.389s] Level 1:colcon.colcon_core.package_identification:_identify(src/gazebo_ros2_control/doc/img) by extensions ['colcon_meta']
[0.389s] Level 1:colcon.colcon_core.package_identification:_identify(src/gazebo_ros2_control/doc/img) by extension 'colcon_meta'
[0.389s] Level 1:colcon.colcon_core.package_identification:_identify(src/gazebo_ros2_control/doc/img) by extensions ['ros']
[0.389s] Level 1:colcon.colcon_core.package_identification:_identify(src/gazebo_ros2_control/doc/img) by extension 'ros'
[0.389s] Level 1:colcon.colcon_core.package_identification:_identify(src/gazebo_ros2_control/doc/img) by extensions ['cmake', 'python']
[0.389s] Level 1:colcon.colcon_core.package_identification:_identify(src/gazebo_ros2_control/doc/img) by extension 'cmake'
[0.389s] Level 1:colcon.colcon_core.package_identification:_identify(src/gazebo_ros2_control/doc/img) by extension 'python'
[0.389s] Level 1:colcon.colcon_core.package_identification:_identify(src/gazebo_ros2_control/doc/img) by extensions ['python_setup_py']
[0.389s] Level 1:colcon.colcon_core.package_identification:_identify(src/gazebo_ros2_control/doc/img) by extension 'python_setup_py'
[0.389s] Level 1:colcon.colcon_core.package_identification:_identify(src/gazebo_ros2_control/gazebo_ros2_control) by extensions ['ignore', 'ignore_ament_install']
[0.389s] Level 1:colcon.colcon_core.package_identification:_identify(src/gazebo_ros2_control/gazebo_ros2_control) by extension 'ignore'
[0.390s] Level 1:colcon.colcon_core.package_identification:_identify(src/gazebo_ros2_control/gazebo_ros2_control) by extension 'ignore_ament_install'
[0.390s] Level 1:colcon.colcon_core.package_identification:_identify(src/gazebo_ros2_control/gazebo_ros2_control) by extensions ['colcon_pkg']
[0.390s] Level 1:colcon.colcon_core.package_identification:_identify(src/gazebo_ros2_control/gazebo_ros2_control) by extension 'colcon_pkg'
[0.390s] Level 1:colcon.colcon_core.package_identification:_identify(src/gazebo_ros2_control/gazebo_ros2_control) by extensions ['colcon_meta']
[0.390s] Level 1:colcon.colcon_core.package_identification:_identify(src/gazebo_ros2_control/gazebo_ros2_control) by extension 'colcon_meta'
[0.390s] Level 1:colcon.colcon_core.package_identification:_identify(src/gazebo_ros2_control/gazebo_ros2_control) by extensions ['ros']
[0.390s] Level 1:colcon.colcon_core.package_identification:_identify(src/gazebo_ros2_control/gazebo_ros2_control) by extension 'ros'
[0.391s] DEBUG:colcon.colcon_core.package_identification:Package 'src/gazebo_ros2_control/gazebo_ros2_control' with type 'ros.ament_cmake' and name 'gazebo_ros2_control'
[0.391s] Level 1:colcon.colcon_core.package_identification:_identify(src/gazebo_ros2_control/gazebo_ros2_control_demos) by extensions ['ignore', 'ignore_ament_install']
[0.391s] Level 1:colcon.colcon_core.package_identification:_identify(src/gazebo_ros2_control/gazebo_ros2_control_demos) by extension 'ignore'
[0.391s] Level 1:colcon.colcon_core.package_identification:_identify(src/gazebo_ros2_control/gazebo_ros2_control_demos) by extension 'ignore_ament_install'
[0.391s] Level 1:colcon.colcon_core.package_identification:_identify(src/gazebo_ros2_control/gazebo_ros2_control_demos) by extensions ['colcon_pkg']
[0.391s] Level 1:colcon.colcon_core.package_identification:_identify(src/gazebo_ros2_control/gazebo_ros2_control_demos) by extension 'colcon_pkg'
[0.391s] Level 1:colcon.colcon_core.package_identification:_identify(src/gazebo_ros2_control/gazebo_ros2_control_demos) by extensions ['colcon_meta']
[0.391s] Level 1:colcon.colcon_core.package_identification:_identify(src/gazebo_ros2_control/gazebo_ros2_control_demos) by extension 'colcon_meta'
[0.391s] Level 1:colcon.colcon_core.package_identification:_identify(src/gazebo_ros2_control/gazebo_ros2_control_demos) by extensions ['ros']
[0.391s] Level 1:colcon.colcon_core.package_identification:_identify(src/gazebo_ros2_control/gazebo_ros2_control_demos) by extension 'ros'
[0.392s] DEBUG:colcon.colcon_core.package_identification:Package 'src/gazebo_ros2_control/gazebo_ros2_control_demos' with type 'ros.ament_cmake' and name 'gazebo_ros2_control_demos'
[0.392s] Level 1:colcon.colcon_core.package_identification:_identify(src/my_robot_nav2) by extensions ['ignore', 'ignore_ament_install']
[0.392s] Level 1:colcon.colcon_core.package_identification:_identify(src/my_robot_nav2) by extension 'ignore'
[0.392s] Level 1:colcon.colcon_core.package_identification:_identify(src/my_robot_nav2) by extension 'ignore_ament_install'
[0.392s] Level 1:colcon.colcon_core.package_identification:_identify(src/my_robot_nav2) by extensions ['colcon_pkg']
[0.393s] Level 1:colcon.colcon_core.package_identification:_identify(src/my_robot_nav2) by extension 'colcon_pkg'
[0.393s] Level 1:colcon.colcon_core.package_identification:_identify(src/my_robot_nav2) by extensions ['colcon_meta']
[0.393s] Level 1:colcon.colcon_core.package_identification:_identify(src/my_robot_nav2) by extension 'colcon_meta'
[0.393s] Level 1:colcon.colcon_core.package_identification:_identify(src/my_robot_nav2) by extensions ['ros']
[0.393s] Level 1:colcon.colcon_core.package_identification:_identify(src/my_robot_nav2) by extension 'ros'
[0.393s] DEBUG:colcon.colcon_core.package_identification:Package 'src/my_robot_nav2' with type 'ros.ament_cmake' and name 'my_robot_nav2'
[0.393s] Level 1:colcon.colcon_core.package_identification:_identify(src/sllidar_ros2) by extensions ['ignore', 'ignore_ament_install']
[0.393s] Level 1:colcon.colcon_core.package_identification:_identify(src/sllidar_ros2) by extension 'ignore'
[0.393s] Level 1:colcon.colcon_core.package_identification:_identify(src/sllidar_ros2) by extension 'ignore_ament_install'
[0.393s] Level 1:colcon.colcon_core.package_identification:_identify(src/sllidar_ros2) by extensions ['colcon_pkg']
[0.393s] Level 1:colcon.colcon_core.package_identification:_identify(src/sllidar_ros2) by extension 'colcon_pkg'
[0.393s] Level 1:colcon.colcon_core.package_identification:_identify(src/sllidar_ros2) by extensions ['colcon_meta']
[0.393s] Level 1:colcon.colcon_core.package_identification:_identify(src/sllidar_ros2) by extension 'colcon_meta'
[0.394s] Level 1:colcon.colcon_core.package_identification:_identify(src/sllidar_ros2) by extensions ['ros']
[0.394s] Level 1:colcon.colcon_core.package_identification:_identify(src/sllidar_ros2) by extension 'ros'
[0.394s] DEBUG:colcon.colcon_core.package_identification:Package 'src/sllidar_ros2' with type 'ros.ament_cmake' and name 'sllidar_ros2'
[0.394s] Level 1:colcon.colcon_core.package_discovery:discover_packages(recursive) using defaults
[0.394s] Level 1:colcon.colcon_core.package_discovery:discover_packages(ignore) discover
[0.394s] Level 1:colcon.colcon_core.package_discovery:discover_packages(ignore) using defaults
[0.394s] Level 1:colcon.colcon_core.package_discovery:discover_packages(path) discover
[0.394s] Level 1:colcon.colcon_core.package_discovery:discover_packages(path) using defaults
[0.427s] Level 1:colcon.colcon_core.package_discovery:discover_packages(prefix_path) check parameters
[0.427s] Level 1:colcon.colcon_core.package_discovery:discover_packages(prefix_path) discover
[0.429s] DEBUG:colcon.colcon_installed_package_information.package_discovery:Found 6 installed packages in /home/dkflippo/aug2024/install
[0.431s] DEBUG:colcon.colcon_installed_package_information.package_discovery:Found 407 installed packages in /opt/ros/humble
[0.433s] Level 1:colcon.colcon_core.package_discovery:discover_packages(prefix_path) using defaults
[0.486s] Level 5:colcon.colcon_core.verb:set package 'gazebo_ros2_control' build argument 'cmake_args' from command line to 'None'
[0.486s] Level 5:colcon.colcon_core.verb:set package 'gazebo_ros2_control' build argument 'cmake_target' from command line to 'None'
[0.487s] Level 5:colcon.colcon_core.verb:set package 'gazebo_ros2_control' build argument 'cmake_target_skip_unavailable' from command line to 'False'
[0.487s] Level 5:colcon.colcon_core.verb:set package 'gazebo_ros2_control' build argument 'cmake_clean_cache' from command line to 'False'
[0.487s] Level 5:colcon.colcon_core.verb:set package 'gazebo_ros2_control' build argument 'cmake_clean_first' from command line to 'False'
[0.487s] Level 5:colcon.colcon_core.verb:set package 'gazebo_ros2_control' build argument 'cmake_force_configure' from command line to 'False'
[0.487s] Level 5:colcon.colcon_core.verb:set package 'gazebo_ros2_control' build argument 'ament_cmake_args' from command line to 'None'
[0.487s] Level 5:colcon.colcon_core.verb:set package 'gazebo_ros2_control' build argument 'catkin_cmake_args' from command line to 'None'
[0.487s] Level 5:colcon.colcon_core.verb:set package 'gazebo_ros2_control' build argument 'catkin_skip_building_tests' from command line to 'False'
[0.487s] DEBUG:colcon.colcon_core.verb:Building package 'gazebo_ros2_control' with the following arguments: {'ament_cmake_args': None, 'build_base': '/home/dkflippo/aug2024/build/gazebo_ros2_control', 'catkin_cmake_args': None, 'catkin_skip_building_tests': False, 'cmake_args': None, 'cmake_clean_cache': False, 'cmake_clean_first': False, 'cmake_force_configure': False, 'cmake_target': None, 'cmake_target_skip_unavailable': False, 'install_base': '/home/dkflippo/aug2024/install/gazebo_ros2_control', 'merge_install': False, 'path': '/home/dkflippo/aug2024/src/gazebo_ros2_control/gazebo_ros2_control', 'symlink_install': False, 'test_result_base': None}
[0.487s] Level 5:colcon.colcon_core.verb:set package 'my_robot_nav2' build argument 'cmake_args' from command line to 'None'
[0.487s] Level 5:colcon.colcon_core.verb:set package 'my_robot_nav2' build argument 'cmake_target' from command line to 'None'
[0.487s] Level 5:colcon.colcon_core.verb:set package 'my_robot_nav2' build argument 'cmake_target_skip_unavailable' from command line to 'False'
[0.487s] Level 5:colcon.colcon_core.verb:set package 'my_robot_nav2' build argument 'cmake_clean_cache' from command line to 'False'
[0.487s] Level 5:colcon.colcon_core.verb:set package 'my_robot_nav2' build argument 'cmake_clean_first' from command line to 'False'
[0.487s] Level 5:colcon.colcon_core.verb:set package 'my_robot_nav2' build argument 'cmake_force_configure' from command line to 'False'
[0.487s] Level 5:colcon.colcon_core.verb:set package 'my_robot_nav2' build argument 'ament_cmake_args' from command line to 'None'
[0.487s] Level 5:colcon.colcon_core.verb:set package 'my_robot_nav2' build argument 'catkin_cmake_args' from command line to 'None'
[0.487s] Level 5:colcon.colcon_core.verb:set package 'my_robot_nav2' build argument 'catkin_skip_building_tests' from command line to 'False'
[0.487s] DEBUG:colcon.colcon_core.verb:Building package 'my_robot_nav2' with the following arguments: {'ament_cmake_args': None, 'build_base': '/home/dkflippo/aug2024/build/my_robot_nav2', 'catkin_cmake_args': None, 'catkin_skip_building_tests': False, 'cmake_args': None, 'cmake_clean_cache': False, 'cmake_clean_first': False, 'cmake_force_configure': False, 'cmake_target': None, 'cmake_target_skip_unavailable': False, 'install_base': '/home/dkflippo/aug2024/install/my_robot_nav2', 'merge_install': False, 'path': '/home/dkflippo/aug2024/src/my_robot_nav2', 'symlink_install': False, 'test_result_base': None}
[0.488s] Level 5:colcon.colcon_core.verb:set package 'sllidar_ros2' build argument 'cmake_args' from command line to 'None'
[0.488s] Level 5:colcon.colcon_core.verb:set package 'sllidar_ros2' build argument 'cmake_target' from command line to 'None'
[0.488s] Level 5:colcon.colcon_core.verb:set package 'sllidar_ros2' build argument 'cmake_target_skip_unavailable' from command line to 'False'
[0.488s] Level 5:colcon.colcon_core.verb:set package 'sllidar_ros2' build argument 'cmake_clean_cache' from command line to 'False'
[0.488s] Level 5:colcon.colcon_core.verb:set package 'sllidar_ros2' build argument 'cmake_clean_first' from command line to 'False'
[0.488s] Level 5:colcon.colcon_core.verb:set package 'sllidar_ros2' build argument 'cmake_force_configure' from command line to 'False'
[0.488s] Level 5:colcon.colcon_core.verb:set package 'sllidar_ros2' build argument 'ament_cmake_args' from command line to 'None'
[0.488s] Level 5:colcon.colcon_core.verb:set package 'sllidar_ros2' build argument 'catkin_cmake_args' from command line to 'None'
[0.488s] Level 5:colcon.colcon_core.verb:set package 'sllidar_ros2' build argument 'catkin_skip_building_tests' from command line to 'False'
[0.488s] DEBUG:colcon.colcon_core.verb:Building package 'sllidar_ros2' with the following arguments: {'ament_cmake_args': None, 'build_base': '/home/dkflippo/aug2024/build/sllidar_ros2', 'catkin_cmake_args': None, 'catkin_skip_building_tests': False, 'cmake_args': None, 'cmake_clean_cache': False, 'cmake_clean_first': False, 'cmake_force_configure': False, 'cmake_target': None, 'cmake_target_skip_unavailable': False, 'install_base': '/home/dkflippo/aug2024/install/sllidar_ros2', 'merge_install': False, 'path': '/home/dkflippo/aug2024/src/sllidar_ros2', 'symlink_install': False, 'test_result_base': None}
[0.488s] Level 5:colcon.colcon_core.verb:set package 'BMC_2024' build argument 'cmake_args' from command line to 'None'
[0.488s] Level 5:colcon.colcon_core.verb:set package 'BMC_2024' build argument 'cmake_target' from command line to 'None'
[0.488s] Level 5:colcon.colcon_core.verb:set package 'BMC_2024' build argument 'cmake_target_skip_unavailable' from command line to 'False'
[0.488s] Level 5:colcon.colcon_core.verb:set package 'BMC_2024' build argument 'cmake_clean_cache' from command line to 'False'
[0.488s] Level 5:colcon.colcon_core.verb:set package 'BMC_2024' build argument 'cmake_clean_first' from command line to 'False'
[0.488s] Level 5:colcon.colcon_core.verb:set package 'BMC_2024' build argument 'cmake_force_configure' from command line to 'False'
[0.488s] Level 5:colcon.colcon_core.verb:set package 'BMC_2024' build argument 'ament_cmake_args' from command line to 'None'
[0.488s] Level 5:colcon.colcon_core.verb:set package 'BMC_2024' build argument 'catkin_cmake_args' from command line to 'None'
[0.488s] Level 5:colcon.colcon_core.verb:set package 'BMC_2024' build argument 'catkin_skip_building_tests' from command line to 'False'
[0.488s] DEBUG:colcon.colcon_core.verb:Building package 'BMC_2024' with the following arguments: {'ament_cmake_args': None, 'build_base': '/home/dkflippo/aug2024/build/BMC_2024', 'catkin_cmake_args': None, 'catkin_skip_building_tests': False, 'cmake_args': None, 'cmake_clean_cache': False, 'cmake_clean_first': False, 'cmake_force_configure': False, 'cmake_target': None, 'cmake_target_skip_unavailable': False, 'install_base': '/home/dkflippo/aug2024/install/BMC_2024', 'merge_install': False, 'path': '/home/dkflippo/aug2024/src/BMC_2024', 'symlink_install': False, 'test_result_base': None}
[0.489s] Level 5:colcon.colcon_core.verb:set package 'gazebo_ros2_control_demos' build argument 'cmake_args' from command line to 'None'
[0.489s] Level 5:colcon.colcon_core.verb:set package 'gazebo_ros2_control_demos' build argument 'cmake_target' from command line to 'None'
[0.489s] Level 5:colcon.colcon_core.verb:set package 'gazebo_ros2_control_demos' build argument 'cmake_target_skip_unavailable' from command line to 'False'
[0.489s] Level 5:colcon.colcon_core.verb:set package 'gazebo_ros2_control_demos' build argument 'cmake_clean_cache' from command line to 'False'
[0.489s] Level 5:colcon.colcon_core.verb:set package 'gazebo_ros2_control_demos' build argument 'cmake_clean_first' from command line to 'False'
[0.489s] Level 5:colcon.colcon_core.verb:set package 'gazebo_ros2_control_demos' build argument 'cmake_force_configure' from command line to 'False'
[0.489s] Level 5:colcon.colcon_core.verb:set package 'gazebo_ros2_control_demos' build argument 'ament_cmake_args' from command line to 'None'
[0.489s] Level 5:colcon.colcon_core.verb:set package 'gazebo_ros2_control_demos' build argument 'catkin_cmake_args' from command line to 'None'
[0.489s] Level 5:colcon.colcon_core.verb:set package 'gazebo_ros2_control_demos' build argument 'catkin_skip_building_tests' from command line to 'False'
[0.489s] DEBUG:colcon.colcon_core.verb:Building package 'gazebo_ros2_control_demos' with the following arguments: {'ament_cmake_args': None, 'build_base': '/home/dkflippo/aug2024/build/gazebo_ros2_control_demos', 'catkin_cmake_args': None, 'catkin_skip_building_tests': False, 'cmake_args': None, 'cmake_clean_cache': False, 'cmake_clean_first': False, 'cmake_force_configure': False, 'cmake_target': None, 'cmake_target_skip_unavailable': False, 'install_base': '/home/dkflippo/aug2024/install/gazebo_ros2_control_demos', 'merge_install': False, 'path': '/home/dkflippo/aug2024/src/gazebo_ros2_control/gazebo_ros2_control_demos', 'symlink_install': False, 'test_result_base': None}
[0.489s] Level 5:colcon.colcon_core.verb:set package 'aug_2024' build argument 'cmake_args' from command line to 'None'
[0.489s] Level 5:colcon.colcon_core.verb:set package 'aug_2024' build argument 'cmake_target' from command line to 'None'
[0.489s] Level 5:colcon.colcon_core.verb:set package 'aug_2024' build argument 'cmake_target_skip_unavailable' from command line to 'False'
[0.489s] Level 5:colcon.colcon_core.verb:set package 'aug_2024' build argument 'cmake_clean_cache' from command line to 'False'
[0.489s] Level 5:colcon.colcon_core.verb:set package 'aug_2024' build argument 'cmake_clean_first' from command line to 'False'
[0.489s] Level 5:colcon.colcon_core.verb:set package 'aug_2024' build argument 'cmake_force_configure' from command line to 'False'
[0.489s] Level 5:colcon.colcon_core.verb:set package 'aug_2024' build argument 'ament_cmake_args' from command line to 'None'
[0.489s] Level 5:colcon.colcon_core.verb:set package 'aug_2024' build argument 'catkin_cmake_args' from command line to 'None'
[0.489s] Level 5:colcon.colcon_core.verb:set package 'aug_2024' build argument 'catkin_skip_building_tests' from command line to 'False'
[0.489s] DEBUG:colcon.colcon_core.verb:Building package 'aug_2024' with the following arguments: {'ament_cmake_args': None, 'build_base': '/home/dkflippo/aug2024/build/aug_2024', 'catkin_cmake_args': None, 'catkin_skip_building_tests': False, 'cmake_args': None, 'cmake_clean_cache': False, 'cmake_clean_first': False, 'cmake_force_configure': False, 'cmake_target': None, 'cmake_target_skip_unavailable': False, 'install_base': '/home/dkflippo/aug2024/install/aug_2024', 'merge_install': False, 'path': '/home/dkflippo/aug2024/src/aug_2024', 'symlink_install': False, 'test_result_base': None}
[0.490s] INFO:colcon.colcon_core.executor:Executing jobs using 'parallel' executor
[0.490s] DEBUG:colcon.colcon_parallel_executor.executor.parallel:run_until_complete
[0.491s] INFO:colcon.colcon_ros.task.ament_cmake.build:Building ROS package in '/home/dkflippo/aug2024/src/gazebo_ros2_control/gazebo_ros2_control' with build type 'ament_cmake'
[0.491s] INFO:colcon.colcon_cmake.task.cmake.build:Building CMake package in '/home/dkflippo/aug2024/src/gazebo_ros2_control/gazebo_ros2_control'
[0.493s] INFO:colcon.colcon_core.plugin_system:Skipping extension 'colcon_core.shell.bat': Not used on non-Windows systems
[0.493s] INFO:colcon.colcon_core.shell:Skip shell extension 'powershell' for command environment: Not usable outside of PowerShell
[0.493s] DEBUG:colcon.colcon_core.shell:Skip shell extension 'dsv' for command environment
[0.496s] INFO:colcon.colcon_ros.task.ament_cmake.build:Building ROS package in '/home/dkflippo/aug2024/src/my_robot_nav2' with build type 'ament_cmake'
[0.497s] INFO:colcon.colcon_cmake.task.cmake.build:Building CMake package in '/home/dkflippo/aug2024/src/my_robot_nav2'
[0.497s] INFO:colcon.colcon_core.shell:Skip shell extension 'powershell' for command environment: Not usable outside of PowerShell
[0.497s] DEBUG:colcon.colcon_core.shell:Skip shell extension 'dsv' for command environment
[0.503s] INFO:colcon.colcon_ros.task.ament_cmake.build:Building ROS package in '/home/dkflippo/aug2024/src/sllidar_ros2' with build type 'ament_cmake'
[0.503s] INFO:colcon.colcon_cmake.task.cmake.build:Building CMake package in '/home/dkflippo/aug2024/src/sllidar_ros2'
[0.504s] INFO:colcon.colcon_core.shell:Skip shell extension 'powershell' for command environment: Not usable outside of PowerShell
[0.504s] DEBUG:colcon.colcon_core.shell:Skip shell extension 'dsv' for command environment
[0.516s] DEBUG:colcon.colcon_core.event_handler.log_command:Invoking command in '/home/dkflippo/aug2024/build/gazebo_ros2_control': CMAKE_PREFIX_PATH=${CMAKE_PREFIX_PATH}:/opt/ros/humble /usr/bin/cmake --build /home/dkflippo/aug2024/build/gazebo_ros2_control -- -j12 -l12
[0.524s] DEBUG:colcon.colcon_core.event_handler.log_command:Invoking command in '/home/dkflippo/aug2024/build/my_robot_nav2': CMAKE_PREFIX_PATH=${CMAKE_PREFIX_PATH}:/opt/ros/humble /usr/bin/cmake --build /home/dkflippo/aug2024/build/my_robot_nav2 -- -j12 -l12
[0.531s] DEBUG:colcon.colcon_core.event_handler.log_command:Invoking command in '/home/dkflippo/aug2024/build/sllidar_ros2': CMAKE_PREFIX_PATH=${CMAKE_PREFIX_PATH}:/opt/ros/humble /usr/bin/cmake --build /home/dkflippo/aug2024/build/sllidar_ros2 -- -j12 -l12
[0.633s] DEBUG:colcon.colcon_core.event_handler.log_command:Invoked command in '/home/dkflippo/aug2024/build/my_robot_nav2' returned '0': CMAKE_PREFIX_PATH=${CMAKE_PREFIX_PATH}:/opt/ros/humble /usr/bin/cmake --build /home/dkflippo/aug2024/build/my_robot_nav2 -- -j12 -l12
[0.691s] DEBUG:colcon.colcon_core.event_handler.log_command:Invoking command in '/home/dkflippo/aug2024/build/my_robot_nav2': CMAKE_PREFIX_PATH=${CMAKE_PREFIX_PATH}:/opt/ros/humble /usr/bin/cmake --install /home/dkflippo/aug2024/build/my_robot_nav2
[0.698s] DEBUG:colcon.colcon_core.event_handler.log_command:Invoked command in '/home/dkflippo/aug2024/build/sllidar_ros2' returned '0': CMAKE_PREFIX_PATH=${CMAKE_PREFIX_PATH}:/opt/ros/humble /usr/bin/cmake --build /home/dkflippo/aug2024/build/sllidar_ros2 -- -j12 -l12
[0.705s] Level 1:colcon.colcon_core.environment:create_environment_scripts_only(my_robot_nav2)
[0.706s] DEBUG:colcon.colcon_core.event_handler.log_command:Invoked command in '/home/dkflippo/aug2024/build/my_robot_nav2' returned '0': CMAKE_PREFIX_PATH=${CMAKE_PREFIX_PATH}:/opt/ros/humble /usr/bin/cmake --install /home/dkflippo/aug2024/build/my_robot_nav2
[0.710s] Level 1:colcon.colcon_core.environment:checking '/home/dkflippo/aug2024/install/my_robot_nav2' for CMake module files
[0.711s] Level 1:colcon.colcon_core.environment:checking '/home/dkflippo/aug2024/install/my_robot_nav2' for CMake config files
[0.712s] Level 1:colcon.colcon_core.shell:create_environment_hook('my_robot_nav2', 'cmake_prefix_path')
[0.712s] INFO:colcon.colcon_core.shell:Creating environment hook '/home/dkflippo/aug2024/install/my_robot_nav2/share/my_robot_nav2/hook/cmake_prefix_path.ps1'
[0.714s] INFO:colcon.colcon_core.shell:Creating environment descriptor '/home/dkflippo/aug2024/install/my_robot_nav2/share/my_robot_nav2/hook/cmake_prefix_path.dsv'
[0.715s] INFO:colcon.colcon_core.shell:Creating environment hook '/home/dkflippo/aug2024/install/my_robot_nav2/share/my_robot_nav2/hook/cmake_prefix_path.sh'
[0.716s] Level 1:colcon.colcon_core.environment:checking '/home/dkflippo/aug2024/install/my_robot_nav2/bin'
[0.716s] Level 1:colcon.colcon_core.environment:checking '/home/dkflippo/aug2024/install/my_robot_nav2/lib/pkgconfig/my_robot_nav2.pc'
[0.717s] Level 1:colcon.colcon_core.environment:checking '/home/dkflippo/aug2024/install/my_robot_nav2/lib/python3.10/site-packages'
[0.717s] Level 1:colcon.colcon_core.environment:checking '/home/dkflippo/aug2024/install/my_robot_nav2/bin'
[0.718s] INFO:colcon.colcon_core.shell:Creating package script '/home/dkflippo/aug2024/install/my_robot_nav2/share/my_robot_nav2/package.ps1'
[0.720s] INFO:colcon.colcon_core.shell:Creating package descriptor '/home/dkflippo/aug2024/install/my_robot_nav2/share/my_robot_nav2/package.dsv'
[0.722s] INFO:colcon.colcon_core.shell:Creating package script '/home/dkflippo/aug2024/install/my_robot_nav2/share/my_robot_nav2/package.sh'
[0.725s] INFO:colcon.colcon_core.shell:Creating package script '/home/dkflippo/aug2024/install/my_robot_nav2/share/my_robot_nav2/package.bash'
[0.728s] INFO:colcon.colcon_core.shell:Creating package script '/home/dkflippo/aug2024/install/my_robot_nav2/share/my_robot_nav2/package.zsh'
[0.731s] Level 1:colcon.colcon_core.environment:create_file_with_runtime_dependencies(/home/dkflippo/aug2024/install/my_robot_nav2/share/colcon-core/packages/my_robot_nav2)
[0.735s] DEBUG:colcon.colcon_core.event_handler.log_command:Invoked command in '/home/dkflippo/aug2024/build/gazebo_ros2_control' returned '0': CMAKE_PREFIX_PATH=${CMAKE_PREFIX_PATH}:/opt/ros/humble /usr/bin/cmake --build /home/dkflippo/aug2024/build/gazebo_ros2_control -- -j12 -l12
[0.775s] Level 1:colcon.colcon_core.environment:create_environment_scripts_only(my_robot_nav2)
[0.776s] Level 1:colcon.colcon_core.environment:checking '/home/dkflippo/aug2024/install/my_robot_nav2' for CMake module files
[0.776s] Level 1:colcon.colcon_core.environment:checking '/home/dkflippo/aug2024/install/my_robot_nav2' for CMake config files
[0.777s] Level 1:colcon.colcon_core.shell:create_environment_hook('my_robot_nav2', 'cmake_prefix_path')
[0.777s] INFO:colcon.colcon_core.shell:Creating environment hook '/home/dkflippo/aug2024/install/my_robot_nav2/share/my_robot_nav2/hook/cmake_prefix_path.ps1'
[0.778s] INFO:colcon.colcon_core.shell:Creating environment descriptor '/home/dkflippo/aug2024/install/my_robot_nav2/share/my_robot_nav2/hook/cmake_prefix_path.dsv'
[0.779s] INFO:colcon.colcon_core.shell:Creating environment hook '/home/dkflippo/aug2024/install/my_robot_nav2/share/my_robot_nav2/hook/cmake_prefix_path.sh'
[0.779s] Level 1:colcon.colcon_core.environment:checking '/home/dkflippo/aug2024/install/my_robot_nav2/bin'
[0.779s] Level 1:colcon.colcon_core.environment:checking '/home/dkflippo/aug2024/install/my_robot_nav2/lib/pkgconfig/my_robot_nav2.pc'
[0.780s] Level 1:colcon.colcon_core.environment:checking '/home/dkflippo/aug2024/install/my_robot_nav2/lib/python3.10/site-packages'
[0.780s] Level 1:colcon.colcon_core.environment:checking '/home/dkflippo/aug2024/install/my_robot_nav2/bin'
[0.780s] INFO:colcon.colcon_core.shell:Creating package script '/home/dkflippo/aug2024/install/my_robot_nav2/share/my_robot_nav2/package.ps1'
[0.782s] INFO:colcon.colcon_core.shell:Creating package descriptor '/home/dkflippo/aug2024/install/my_robot_nav2/share/my_robot_nav2/package.dsv'
[0.783s] INFO:colcon.colcon_core.shell:Creating package script '/home/dkflippo/aug2024/install/my_robot_nav2/share/my_robot_nav2/package.sh'
[0.783s] INFO:colcon.colcon_core.shell:Creating package script '/home/dkflippo/aug2024/install/my_robot_nav2/share/my_robot_nav2/package.bash'
[0.784s] INFO:colcon.colcon_core.shell:Creating package script '/home/dkflippo/aug2024/install/my_robot_nav2/share/my_robot_nav2/package.zsh'
[0.784s] Level 1:colcon.colcon_core.environment:create_file_with_runtime_dependencies(/home/dkflippo/aug2024/install/my_robot_nav2/share/colcon-core/packages/my_robot_nav2)
[0.799s] DEBUG:colcon.colcon_core.event_handler.log_command:Invoking command in '/home/dkflippo/aug2024/build/gazebo_ros2_control': CMAKE_PREFIX_PATH=${CMAKE_PREFIX_PATH}:/opt/ros/humble /usr/bin/cmake --install /home/dkflippo/aug2024/build/gazebo_ros2_control
[0.823s] Level 1:colcon.colcon_core.environment:create_environment_scripts_only(gazebo_ros2_control)
[0.824s] Level 1:colcon.colcon_core.environment:checking '/home/dkflippo/aug2024/install/gazebo_ros2_control' for CMake module files
[0.825s] DEBUG:colcon.colcon_core.event_handler.log_command:Invoked command in '/home/dkflippo/aug2024/build/gazebo_ros2_control' returned '0': CMAKE_PREFIX_PATH=${CMAKE_PREFIX_PATH}:/opt/ros/humble /usr/bin/cmake --install /home/dkflippo/aug2024/build/gazebo_ros2_control
[0.826s] Level 1:colcon.colcon_core.environment:checking '/home/dkflippo/aug2024/install/gazebo_ros2_control' for CMake config files
[0.827s] Level 1:colcon.colcon_core.shell:create_environment_hook('gazebo_ros2_control', 'cmake_prefix_path')
[0.828s] INFO:colcon.colcon_core.shell:Creating environment hook '/home/dkflippo/aug2024/install/gazebo_ros2_control/share/gazebo_ros2_control/hook/cmake_prefix_path.ps1'
[0.831s] INFO:colcon.colcon_core.shell:Creating environment descriptor '/home/dkflippo/aug2024/install/gazebo_ros2_control/share/gazebo_ros2_control/hook/cmake_prefix_path.dsv'
[0.833s] INFO:colcon.colcon_core.shell:Creating environment hook '/home/dkflippo/aug2024/install/gazebo_ros2_control/share/gazebo_ros2_control/hook/cmake_prefix_path.sh'
[0.835s] Level 1:colcon.colcon_core.environment:checking '/home/dkflippo/aug2024/install/gazebo_ros2_control/lib'
[0.835s] Level 1:colcon.colcon_core.shell:create_environment_hook('gazebo_ros2_control', 'ld_library_path_lib')
[0.835s] INFO:colcon.colcon_core.shell:Creating environment hook '/home/dkflippo/aug2024/install/gazebo_ros2_control/share/gazebo_ros2_control/hook/ld_library_path_lib.ps1'
[0.837s] INFO:colcon.colcon_core.shell:Creating environment descriptor '/home/dkflippo/aug2024/install/gazebo_ros2_control/share/gazebo_ros2_control/hook/ld_library_path_lib.dsv'
[0.840s] INFO:colcon.colcon_core.shell:Creating environment hook '/home/dkflippo/aug2024/install/gazebo_ros2_control/share/gazebo_ros2_control/hook/ld_library_path_lib.sh'
[0.841s] Level 1:colcon.colcon_core.environment:checking '/home/dkflippo/aug2024/install/gazebo_ros2_control/bin'
[0.841s] Level 1:colcon.colcon_core.environment:checking '/home/dkflippo/aug2024/install/gazebo_ros2_control/lib/pkgconfig/gazebo_ros2_control.pc'
[0.841s] Level 1:colcon.colcon_core.environment:checking '/home/dkflippo/aug2024/install/gazebo_ros2_control/lib/python3.10/site-packages'
[0.842s] Level 1:colcon.colcon_core.environment:checking '/home/dkflippo/aug2024/install/gazebo_ros2_control/bin'
[0.843s] INFO:colcon.colcon_core.shell:Creating package script '/home/dkflippo/aug2024/install/gazebo_ros2_control/share/gazebo_ros2_control/package.ps1'
[0.844s] INFO:colcon.colcon_core.shell:Creating package descriptor '/home/dkflippo/aug2024/install/gazebo_ros2_control/share/gazebo_ros2_control/package.dsv'
[0.845s] INFO:colcon.colcon_core.shell:Creating package script '/home/dkflippo/aug2024/install/gazebo_ros2_control/share/gazebo_ros2_control/package.sh'
[0.846s] INFO:colcon.colcon_core.shell:Creating package script '/home/dkflippo/aug2024/install/gazebo_ros2_control/share/gazebo_ros2_control/package.bash'
[0.847s] INFO:colcon.colcon_core.shell:Creating package script '/home/dkflippo/aug2024/install/gazebo_ros2_control/share/gazebo_ros2_control/package.zsh'
[0.849s] Level 1:colcon.colcon_core.environment:create_file_with_runtime_dependencies(/home/dkflippo/aug2024/install/gazebo_ros2_control/share/colcon-core/packages/gazebo_ros2_control)
[0.861s] DEBUG:colcon.colcon_core.event_handler.log_command:Invoking command in '/home/dkflippo/aug2024/build/sllidar_ros2': CMAKE_PREFIX_PATH=${CMAKE_PREFIX_PATH}:/opt/ros/humble /usr/bin/cmake --install /home/dkflippo/aug2024/build/sllidar_ros2
[0.881s] Level 1:colcon.colcon_core.environment:create_environment_scripts_only(sllidar_ros2)
[0.882s] Level 1:colcon.colcon_core.environment:checking '/home/dkflippo/aug2024/install/sllidar_ros2' for CMake module files
[0.884s] DEBUG:colcon.colcon_core.event_handler.log_command:Invoked command in '/home/dkflippo/aug2024/build/sllidar_ros2' returned '0': CMAKE_PREFIX_PATH=${CMAKE_PREFIX_PATH}:/opt/ros/humble /usr/bin/cmake --install /home/dkflippo/aug2024/build/sllidar_ros2
[0.884s] Level 1:colcon.colcon_core.environment:checking '/home/dkflippo/aug2024/install/sllidar_ros2' for CMake config files
[0.885s] Level 1:colcon.colcon_core.shell:create_environment_hook('sllidar_ros2', 'cmake_prefix_path')
[0.885s] INFO:colcon.colcon_core.shell:Creating environment hook '/home/dkflippo/aug2024/install/sllidar_ros2/share/sllidar_ros2/hook/cmake_prefix_path.ps1'
[0.887s] INFO:colcon.colcon_core.shell:Creating environment descriptor '/home/dkflippo/aug2024/install/sllidar_ros2/share/sllidar_ros2/hook/cmake_prefix_path.dsv'
[0.888s] INFO:colcon.colcon_core.shell:Creating environment hook '/home/dkflippo/aug2024/install/sllidar_ros2/share/sllidar_ros2/hook/cmake_prefix_path.sh'
[0.889s] Level 1:colcon.colcon_core.environment:checking '/home/dkflippo/aug2024/install/sllidar_ros2/lib'
[0.889s] Level 1:colcon.colcon_core.environment:checking '/home/dkflippo/aug2024/install/sllidar_ros2/bin'
[0.890s] Level 1:colcon.colcon_core.environment:checking '/home/dkflippo/aug2024/install/sllidar_ros2/lib/pkgconfig/sllidar_ros2.pc'
[0.890s] Level 1:colcon.colcon_core.environment:checking '/home/dkflippo/aug2024/install/sllidar_ros2/lib/python3.10/site-packages'
[0.891s] Level 1:colcon.colcon_core.environment:checking '/home/dkflippo/aug2024/install/sllidar_ros2/bin'
[0.891s] INFO:colcon.colcon_core.shell:Creating package script '/home/dkflippo/aug2024/install/sllidar_ros2/share/sllidar_ros2/package.ps1'
[0.893s] INFO:colcon.colcon_core.shell:Creating package descriptor '/home/dkflippo/aug2024/install/sllidar_ros2/share/sllidar_ros2/package.dsv'
[0.893s] INFO:colcon.colcon_core.shell:Creating package script '/home/dkflippo/aug2024/install/sllidar_ros2/share/sllidar_ros2/package.sh'
[0.894s] INFO:colcon.colcon_core.shell:Creating package script '/home/dkflippo/aug2024/install/sllidar_ros2/share/sllidar_ros2/package.bash'
[0.894s] INFO:colcon.colcon_core.shell:Creating package script '/home/dkflippo/aug2024/install/sllidar_ros2/share/sllidar_ros2/package.zsh'
[0.895s] Level 1:colcon.colcon_core.environment:create_file_with_runtime_dependencies(/home/dkflippo/aug2024/install/sllidar_ros2/share/colcon-core/packages/sllidar_ros2)
[0.906s] Level 1:colcon.colcon_core.environment:create_environment_scripts_only(gazebo_ros2_control)
[0.906s] Level 1:colcon.colcon_core.environment:checking '/home/dkflippo/aug2024/install/gazebo_ros2_control' for CMake module files
[0.907s] Level 1:colcon.colcon_core.environment:checking '/home/dkflippo/aug2024/install/gazebo_ros2_control' for CMake config files
[0.907s] Level 1:colcon.colcon_core.shell:create_environment_hook('gazebo_ros2_control', 'cmake_prefix_path')
[0.907s] INFO:colcon.colcon_core.shell:Creating environment hook '/home/dkflippo/aug2024/install/gazebo_ros2_control/share/gazebo_ros2_control/hook/cmake_prefix_path.ps1'
[0.908s] INFO:colcon.colcon_core.shell:Creating environment descriptor '/home/dkflippo/aug2024/install/gazebo_ros2_control/share/gazebo_ros2_control/hook/cmake_prefix_path.dsv'
[0.908s] INFO:colcon.colcon_core.shell:Creating environment hook '/home/dkflippo/aug2024/install/gazebo_ros2_control/share/gazebo_ros2_control/hook/cmake_prefix_path.sh'
[0.909s] Level 1:colcon.colcon_core.environment:checking '/home/dkflippo/aug2024/install/gazebo_ros2_control/lib'
[0.909s] Level 1:colcon.colcon_core.shell:create_environment_hook('gazebo_ros2_control', 'ld_library_path_lib')
[0.909s] INFO:colcon.colcon_core.shell:Creating environment hook '/home/dkflippo/aug2024/install/gazebo_ros2_control/share/gazebo_ros2_control/hook/ld_library_path_lib.ps1'
[0.909s] INFO:colcon.colcon_core.shell:Creating environment descriptor '/home/dkflippo/aug2024/install/gazebo_ros2_control/share/gazebo_ros2_control/hook/ld_library_path_lib.dsv'
[0.910s] INFO:colcon.colcon_core.shell:Creating environment hook '/home/dkflippo/aug2024/install/gazebo_ros2_control/share/gazebo_ros2_control/hook/ld_library_path_lib.sh'
[0.910s] Level 1:colcon.colcon_core.environment:checking '/home/dkflippo/aug2024/install/gazebo_ros2_control/bin'
[0.910s] Level 1:colcon.colcon_core.environment:checking '/home/dkflippo/aug2024/install/gazebo_ros2_control/lib/pkgconfig/gazebo_ros2_control.pc'
[0.910s] Level 1:colcon.colcon_core.environment:checking '/home/dkflippo/aug2024/install/gazebo_ros2_control/lib/python3.10/site-packages'
[0.911s] Level 1:colcon.colcon_core.environment:checking '/home/dkflippo/aug2024/install/gazebo_ros2_control/bin'
[0.911s] INFO:colcon.colcon_core.shell:Creating package script '/home/dkflippo/aug2024/install/gazebo_ros2_control/share/gazebo_ros2_control/package.ps1'
[0.911s] INFO:colcon.colcon_core.shell:Creating package descriptor '/home/dkflippo/aug2024/install/gazebo_ros2_control/share/gazebo_ros2_control/package.dsv'
[0.912s] INFO:colcon.colcon_core.shell:Creating package script '/home/dkflippo/aug2024/install/gazebo_ros2_control/share/gazebo_ros2_control/package.sh'
[0.912s] INFO:colcon.colcon_core.shell:Creating package script '/home/dkflippo/aug2024/install/gazebo_ros2_control/share/gazebo_ros2_control/package.bash'
[0.913s] INFO:colcon.colcon_core.shell:Creating package script '/home/dkflippo/aug2024/install/gazebo_ros2_control/share/gazebo_ros2_control/package.zsh'
[0.913s] Level 1:colcon.colcon_core.environment:create_file_with_runtime_dependencies(/home/dkflippo/aug2024/install/gazebo_ros2_control/share/colcon-core/packages/gazebo_ros2_control)
[0.914s] INFO:colcon.colcon_ros.task.ament_cmake.build:Building ROS package in '/home/dkflippo/aug2024/src/BMC_2024' with build type 'ament_cmake'
[0.914s] INFO:colcon.colcon_cmake.task.cmake.build:Building CMake package in '/home/dkflippo/aug2024/src/BMC_2024'
[0.914s] INFO:colcon.colcon_core.shell:Skip shell extension 'powershell' for command environment: Not usable outside of PowerShell
[0.914s] DEBUG:colcon.colcon_core.shell:Skip shell extension 'dsv' for command environment
[0.923s] INFO:colcon.colcon_ros.task.ament_cmake.build:Building ROS package in '/home/dkflippo/aug2024/src/gazebo_ros2_control/gazebo_ros2_control_demos' with build type 'ament_cmake'
[0.923s] INFO:colcon.colcon_cmake.task.cmake.build:Building CMake package in '/home/dkflippo/aug2024/src/gazebo_ros2_control/gazebo_ros2_control_demos'
[0.924s] INFO:colcon.colcon_core.shell:Skip shell extension 'powershell' for command environment: Not usable outside of PowerShell
[0.924s] DEBUG:colcon.colcon_core.shell:Skip shell extension 'dsv' for command environment
[0.944s] DEBUG:colcon.colcon_core.event_handler.log_command:Invoking command in '/home/dkflippo/aug2024/build/BMC_2024': CMAKE_PREFIX_PATH=/home/dkflippo/aug2024/install/gazebo_ros2_control:/home/dkflippo/aug2024/install/sllidar_ros2:/home/dkflippo/aug2024/install/my_robot_nav2:/home/dkflippo/aug2024/install/gazebo_ros2_control_demos:/home/dkflippo/aug2024/install/aug_2024:/home/dkflippo/aug2024/install/BMC_2024:/opt/ros/humble LD_LIBRARY_PATH=/home/dkflippo/aug2024/install/gazebo_ros2_control/lib:/home/dkflippo/aug2024/install/BMC_2024/lib:/usr/lib/x86_64-linux-gnu/gazebo-11/plugins:/opt/ros/humble/opt/rviz_ogre_vendor/lib:/opt/ros/humble/lib/x86_64-linux-gnu:/opt/ros/humble/lib /usr/bin/cmake --build /home/dkflippo/aug2024/build/BMC_2024 -- -j12 -l12
[0.949s] DEBUG:colcon.colcon_core.event_handler.log_command:Invoking command in '/home/dkflippo/aug2024/build/gazebo_ros2_control_demos': CMAKE_PREFIX_PATH=/home/dkflippo/aug2024/install/gazebo_ros2_control:/home/dkflippo/aug2024/install/sllidar_ros2:/home/dkflippo/aug2024/install/my_robot_nav2:/home/dkflippo/aug2024/install/gazebo_ros2_control_demos:/home/dkflippo/aug2024/install/aug_2024:/home/dkflippo/aug2024/install/BMC_2024:/opt/ros/humble LD_LIBRARY_PATH=/home/dkflippo/aug2024/install/gazebo_ros2_control/lib:/home/dkflippo/aug2024/install/BMC_2024/lib:/usr/lib/x86_64-linux-gnu/gazebo-11/plugins:/opt/ros/humble/opt/rviz_ogre_vendor/lib:/opt/ros/humble/lib/x86_64-linux-gnu:/opt/ros/humble/lib /usr/bin/cmake --build /home/dkflippo/aug2024/build/gazebo_ros2_control_demos -- -j12 -l12
[1.043s] Level 1:colcon.colcon_core.environment:create_environment_scripts_only(sllidar_ros2)
[1.045s] Level 1:colcon.colcon_core.environment:checking '/home/dkflippo/aug2024/install/sllidar_ros2' for CMake module files
[1.046s] Level 1:colcon.colcon_core.environment:checking '/home/dkflippo/aug2024/install/sllidar_ros2' for CMake config files
[1.047s] Level 1:colcon.colcon_core.shell:create_environment_hook('sllidar_ros2', 'cmake_prefix_path')
[1.049s] INFO:colcon.colcon_core.shell:Creating environment hook '/home/dkflippo/aug2024/install/sllidar_ros2/share/sllidar_ros2/hook/cmake_prefix_path.ps1'
[1.051s] INFO:colcon.colcon_core.shell:Creating environment descriptor '/home/dkflippo/aug2024/install/sllidar_ros2/share/sllidar_ros2/hook/cmake_prefix_path.dsv'
[1.055s] INFO:colcon.colcon_core.shell:Creating environment hook '/home/dkflippo/aug2024/install/sllidar_ros2/share/sllidar_ros2/hook/cmake_prefix_path.sh'
[1.057s] Level 1:colcon.colcon_core.environment:checking '/home/dkflippo/aug2024/install/sllidar_ros2/lib'
[1.058s] Level 1:colcon.colcon_core.environment:checking '/home/dkflippo/aug2024/install/sllidar_ros2/bin'
[1.058s] Level 1:colcon.colcon_core.environment:checking '/home/dkflippo/aug2024/install/sllidar_ros2/lib/pkgconfig/sllidar_ros2.pc'
[1.059s] Level 1:colcon.colcon_core.environment:checking '/home/dkflippo/aug2024/install/sllidar_ros2/lib/python3.10/site-packages'
[1.060s] Level 1:colcon.colcon_core.environment:checking '/home/dkflippo/aug2024/install/sllidar_ros2/bin'
[1.060s] INFO:colcon.colcon_core.shell:Creating package script '/home/dkflippo/aug2024/install/sllidar_ros2/share/sllidar_ros2/package.ps1'
[1.061s] INFO:colcon.colcon_core.shell:Creating package descriptor '/home/dkflippo/aug2024/install/sllidar_ros2/share/sllidar_ros2/package.dsv'
[1.064s] INFO:colcon.colcon_core.shell:Creating package script '/home/dkflippo/aug2024/install/sllidar_ros2/share/sllidar_ros2/package.sh'
[1.067s] INFO:colcon.colcon_core.shell:Creating package script '/home/dkflippo/aug2024/install/sllidar_ros2/share/sllidar_ros2/package.bash'
[1.068s] INFO:colcon.colcon_core.shell:Creating package script '/home/dkflippo/aug2024/install/sllidar_ros2/share/sllidar_ros2/package.zsh'
[1.074s] Level 1:colcon.colcon_core.environment:create_file_with_runtime_dependencies(/home/dkflippo/aug2024/install/sllidar_ros2/share/colcon-core/packages/sllidar_ros2)
[1.121s] DEBUG:colcon.colcon_core.event_handler.log_command:Invoked command in '/home/dkflippo/aug2024/build/BMC_2024' returned '0': CMAKE_PREFIX_PATH=/home/dkflippo/aug2024/install/gazebo_ros2_control:/home/dkflippo/aug2024/install/sllidar_ros2:/home/dkflippo/aug2024/install/my_robot_nav2:/home/dkflippo/aug2024/install/gazebo_ros2_control_demos:/home/dkflippo/aug2024/install/aug_2024:/home/dkflippo/aug2024/install/BMC_2024:/opt/ros/humble LD_LIBRARY_PATH=/home/dkflippo/aug2024/install/gazebo_ros2_control/lib:/home/dkflippo/aug2024/install/BMC_2024/lib:/usr/lib/x86_64-linux-gnu/gazebo-11/plugins:/opt/ros/humble/opt/rviz_ogre_vendor/lib:/opt/ros/humble/lib/x86_64-linux-gnu:/opt/ros/humble/lib /usr/bin/cmake --build /home/dkflippo/aug2024/build/BMC_2024 -- -j12 -l12
[1.136s] DEBUG:colcon.colcon_core.event_handler.log_command:Invoked command in '/home/dkflippo/aug2024/build/gazebo_ros2_control_demos' returned '0': CMAKE_PREFIX_PATH=/home/dkflippo/aug2024/install/gazebo_ros2_control:/home/dkflippo/aug2024/install/sllidar_ros2:/home/dkflippo/aug2024/install/my_robot_nav2:/home/dkflippo/aug2024/install/gazebo_ros2_control_demos:/home/dkflippo/aug2024/install/aug_2024:/home/dkflippo/aug2024/install/BMC_2024:/opt/ros/humble LD_LIBRARY_PATH=/home/dkflippo/aug2024/install/gazebo_ros2_control/lib:/home/dkflippo/aug2024/install/BMC_2024/lib:/usr/lib/x86_64-linux-gnu/gazebo-11/plugins:/opt/ros/humble/opt/rviz_ogre_vendor/lib:/opt/ros/humble/lib/x86_64-linux-gnu:/opt/ros/humble/lib /usr/bin/cmake --build /home/dkflippo/aug2024/build/gazebo_ros2_control_demos -- -j12 -l12
[1.185s] DEBUG:colcon.colcon_core.event_handler.log_command:Invoking command in '/home/dkflippo/aug2024/build/BMC_2024': CMAKE_PREFIX_PATH=/home/dkflippo/aug2024/install/gazebo_ros2_control:/home/dkflippo/aug2024/install/sllidar_ros2:/home/dkflippo/aug2024/install/my_robot_nav2:/home/dkflippo/aug2024/install/gazebo_ros2_control_demos:/home/dkflippo/aug2024/install/aug_2024:/home/dkflippo/aug2024/install/BMC_2024:/opt/ros/humble LD_LIBRARY_PATH=/home/dkflippo/aug2024/install/gazebo_ros2_control/lib:/home/dkflippo/aug2024/install/BMC_2024/lib:/usr/lib/x86_64-linux-gnu/gazebo-11/plugins:/opt/ros/humble/opt/rviz_ogre_vendor/lib:/opt/ros/humble/lib/x86_64-linux-gnu:/opt/ros/humble/lib /usr/bin/cmake --install /home/dkflippo/aug2024/build/BMC_2024
[1.202s] Level 1:colcon.colcon_core.environment:create_environment_scripts_only(BMC_2024)
[1.203s] Level 1:colcon.colcon_core.environment:checking '/home/dkflippo/aug2024/install/BMC_2024' for CMake module files
[1.204s] DEBUG:colcon.colcon_core.event_handler.log_command:Invoked command in '/home/dkflippo/aug2024/build/BMC_2024' returned '0': CMAKE_PREFIX_PATH=/home/dkflippo/aug2024/install/gazebo_ros2_control:/home/dkflippo/aug2024/install/sllidar_ros2:/home/dkflippo/aug2024/install/my_robot_nav2:/home/dkflippo/aug2024/install/gazebo_ros2_control_demos:/home/dkflippo/aug2024/install/aug_2024:/home/dkflippo/aug2024/install/BMC_2024:/opt/ros/humble LD_LIBRARY_PATH=/home/dkflippo/aug2024/install/gazebo_ros2_control/lib:/home/dkflippo/aug2024/install/BMC_2024/lib:/usr/lib/x86_64-linux-gnu/gazebo-11/plugins:/opt/ros/humble/opt/rviz_ogre_vendor/lib:/opt/ros/humble/lib/x86_64-linux-gnu:/opt/ros/humble/lib /usr/bin/cmake --install /home/dkflippo/aug2024/build/BMC_2024
[1.205s] Level 1:colcon.colcon_core.environment:checking '/home/dkflippo/aug2024/install/BMC_2024' for CMake config files
[1.206s] Level 1:colcon.colcon_core.shell:create_environment_hook('BMC_2024', 'cmake_prefix_path')
[1.206s] INFO:colcon.colcon_core.shell:Creating environment hook '/home/dkflippo/aug2024/install/BMC_2024/share/BMC_2024/hook/cmake_prefix_path.ps1'
[1.207s] INFO:colcon.colcon_core.shell:Creating environment descriptor '/home/dkflippo/aug2024/install/BMC_2024/share/BMC_2024/hook/cmake_prefix_path.dsv'
[1.207s] INFO:colcon.colcon_core.shell:Creating environment hook '/home/dkflippo/aug2024/install/BMC_2024/share/BMC_2024/hook/cmake_prefix_path.sh'
[1.208s] Level 1:colcon.colcon_core.environment:checking '/home/dkflippo/aug2024/install/BMC_2024/lib'
[1.208s] Level 1:colcon.colcon_core.shell:create_environment_hook('BMC_2024', 'ld_library_path_lib')
[1.208s] INFO:colcon.colcon_core.shell:Creating environment hook '/home/dkflippo/aug2024/install/BMC_2024/share/BMC_2024/hook/ld_library_path_lib.ps1'
[1.209s] INFO:colcon.colcon_core.shell:Creating environment descriptor '/home/dkflippo/aug2024/install/BMC_2024/share/BMC_2024/hook/ld_library_path_lib.dsv'
[1.209s] INFO:colcon.colcon_core.shell:Creating environment hook '/home/dkflippo/aug2024/install/BMC_2024/share/BMC_2024/hook/ld_library_path_lib.sh'
[1.210s] Level 1:colcon.colcon_core.environment:checking '/home/dkflippo/aug2024/install/BMC_2024/bin'
[1.210s] Level 1:colcon.colcon_core.environment:checking '/home/dkflippo/aug2024/install/BMC_2024/lib/pkgconfig/BMC_2024.pc'
[1.210s] Level 1:colcon.colcon_core.environment:checking '/home/dkflippo/aug2024/install/BMC_2024/lib/python3.10/site-packages'
[1.210s] Level 1:colcon.colcon_core.environment:checking '/home/dkflippo/aug2024/install/BMC_2024/bin'
[1.211s] INFO:colcon.colcon_core.shell:Creating package script '/home/dkflippo/aug2024/install/BMC_2024/share/BMC_2024/package.ps1'
[1.211s] INFO:colcon.colcon_core.shell:Creating package descriptor '/home/dkflippo/aug2024/install/BMC_2024/share/BMC_2024/package.dsv'
[1.212s] INFO:colcon.colcon_core.shell:Creating package script '/home/dkflippo/aug2024/install/BMC_2024/share/BMC_2024/package.sh'
[1.212s] INFO:colcon.colcon_core.shell:Creating package script '/home/dkflippo/aug2024/install/BMC_2024/share/BMC_2024/package.bash'
[1.212s] INFO:colcon.colcon_core.shell:Creating package script '/home/dkflippo/aug2024/install/BMC_2024/share/BMC_2024/package.zsh'
[1.213s] Level 1:colcon.colcon_core.environment:create_file_with_runtime_dependencies(/home/dkflippo/aug2024/install/BMC_2024/share/colcon-core/packages/BMC_2024)
[1.218s] DEBUG:colcon.colcon_core.event_handler.log_command:Invoking command in '/home/dkflippo/aug2024/build/gazebo_ros2_control_demos': CMAKE_PREFIX_PATH=/home/dkflippo/aug2024/install/gazebo_ros2_control:/home/dkflippo/aug2024/install/sllidar_ros2:/home/dkflippo/aug2024/install/my_robot_nav2:/home/dkflippo/aug2024/install/gazebo_ros2_control_demos:/home/dkflippo/aug2024/install/aug_2024:/home/dkflippo/aug2024/install/BMC_2024:/opt/ros/humble LD_LIBRARY_PATH=/home/dkflippo/aug2024/install/gazebo_ros2_control/lib:/home/dkflippo/aug2024/install/BMC_2024/lib:/usr/lib/x86_64-linux-gnu/gazebo-11/plugins:/opt/ros/humble/opt/rviz_ogre_vendor/lib:/opt/ros/humble/lib/x86_64-linux-gnu:/opt/ros/humble/lib /usr/bin/cmake --install /home/dkflippo/aug2024/build/gazebo_ros2_control_demos
[1.243s] Level 1:colcon.colcon_core.environment:create_environment_scripts_only(gazebo_ros2_control_demos)
[1.244s] Level 1:colcon.colcon_core.environment:checking '/home/dkflippo/aug2024/install/gazebo_ros2_control_demos' for CMake module files
[1.245s] DEBUG:colcon.colcon_core.event_handler.log_command:Invoked command in '/home/dkflippo/aug2024/build/gazebo_ros2_control_demos' returned '0': CMAKE_PREFIX_PATH=/home/dkflippo/aug2024/install/gazebo_ros2_control:/home/dkflippo/aug2024/install/sllidar_ros2:/home/dkflippo/aug2024/install/my_robot_nav2:/home/dkflippo/aug2024/install/gazebo_ros2_control_demos:/home/dkflippo/aug2024/install/aug_2024:/home/dkflippo/aug2024/install/BMC_2024:/opt/ros/humble LD_LIBRARY_PATH=/home/dkflippo/aug2024/install/gazebo_ros2_control/lib:/home/dkflippo/aug2024/install/BMC_2024/lib:/usr/lib/x86_64-linux-gnu/gazebo-11/plugins:/opt/ros/humble/opt/rviz_ogre_vendor/lib:/opt/ros/humble/lib/x86_64-linux-gnu:/opt/ros/humble/lib /usr/bin/cmake --install /home/dkflippo/aug2024/build/gazebo_ros2_control_demos
[1.245s] Level 1:colcon.colcon_core.environment:checking '/home/dkflippo/aug2024/install/gazebo_ros2_control_demos' for CMake config files
[1.246s] Level 1:colcon.colcon_core.shell:create_environment_hook('gazebo_ros2_control_demos', 'cmake_prefix_path')
[1.246s] INFO:colcon.colcon_core.shell:Creating environment hook '/home/dkflippo/aug2024/install/gazebo_ros2_control_demos/share/gazebo_ros2_control_demos/hook/cmake_prefix_path.ps1'
[1.247s] INFO:colcon.colcon_core.shell:Creating environment descriptor '/home/dkflippo/aug2024/install/gazebo_ros2_control_demos/share/gazebo_ros2_control_demos/hook/cmake_prefix_path.dsv'
[1.248s] INFO:colcon.colcon_core.shell:Creating environment hook '/home/dkflippo/aug2024/install/gazebo_ros2_control_demos/share/gazebo_ros2_control_demos/hook/cmake_prefix_path.sh'
[1.249s] Level 1:colcon.colcon_core.environment:checking '/home/dkflippo/aug2024/install/gazebo_ros2_control_demos/lib'
[1.249s] Level 1:colcon.colcon_core.environment:checking '/home/dkflippo/aug2024/install/gazebo_ros2_control_demos/bin'
[1.249s] Level 1:colcon.colcon_core.environment:checking '/home/dkflippo/aug2024/install/gazebo_ros2_control_demos/lib/pkgconfig/gazebo_ros2_control_demos.pc'
[1.250s] Level 1:colcon.colcon_core.environment:checking '/home/dkflippo/aug2024/install/gazebo_ros2_control_demos/lib/python3.10/site-packages'
[1.250s] Level 1:colcon.colcon_core.environment:checking '/home/dkflippo/aug2024/install/gazebo_ros2_control_demos/bin'
[1.251s] INFO:colcon.colcon_core.shell:Creating package script '/home/dkflippo/aug2024/install/gazebo_ros2_control_demos/share/gazebo_ros2_control_demos/package.ps1'
[1.253s] INFO:colcon.colcon_core.shell:Creating package descriptor '/home/dkflippo/aug2024/install/gazebo_ros2_control_demos/share/gazebo_ros2_control_demos/package.dsv'
[1.255s] INFO:colcon.colcon_core.shell:Creating package script '/home/dkflippo/aug2024/install/gazebo_ros2_control_demos/share/gazebo_ros2_control_demos/package.sh'
[1.256s] INFO:colcon.colcon_core.shell:Creating package script '/home/dkflippo/aug2024/install/gazebo_ros2_control_demos/share/gazebo_ros2_control_demos/package.bash'
[1.257s] INFO:colcon.colcon_core.shell:Creating package script '/home/dkflippo/aug2024/install/gazebo_ros2_control_demos/share/gazebo_ros2_control_demos/package.zsh'
[1.258s] Level 1:colcon.colcon_core.environment:create_file_with_runtime_dependencies(/home/dkflippo/aug2024/install/gazebo_ros2_control_demos/share/colcon-core/packages/gazebo_ros2_control_demos)
[1.267s] Level 1:colcon.colcon_core.environment:create_environment_scripts_only(BMC_2024)
[1.267s] Level 1:colcon.colcon_core.environment:checking '/home/dkflippo/aug2024/install/BMC_2024' for CMake module files
[1.268s] Level 1:colcon.colcon_core.environment:checking '/home/dkflippo/aug2024/install/BMC_2024' for CMake config files
[1.268s] Level 1:colcon.colcon_core.shell:create_environment_hook('BMC_2024', 'cmake_prefix_path')
[1.268s] INFO:colcon.colcon_core.shell:Creating environment hook '/home/dkflippo/aug2024/install/BMC_2024/share/BMC_2024/hook/cmake_prefix_path.ps1'
[1.269s] INFO:colcon.colcon_core.shell:Creating environment descriptor '/home/dkflippo/aug2024/install/BMC_2024/share/BMC_2024/hook/cmake_prefix_path.dsv'
[1.269s] INFO:colcon.colcon_core.shell:Creating environment hook '/home/dkflippo/aug2024/install/BMC_2024/share/BMC_2024/hook/cmake_prefix_path.sh'
[1.270s] Level 1:colcon.colcon_core.environment:checking '/home/dkflippo/aug2024/install/BMC_2024/lib'
[1.270s] Level 1:colcon.colcon_core.shell:create_environment_hook('BMC_2024', 'ld_library_path_lib')
[1.270s] INFO:colcon.colcon_core.shell:Creating environment hook '/home/dkflippo/aug2024/install/BMC_2024/share/BMC_2024/hook/ld_library_path_lib.ps1'
[1.271s] INFO:colcon.colcon_core.shell:Creating environment descriptor '/home/dkflippo/aug2024/install/BMC_2024/share/BMC_2024/hook/ld_library_path_lib.dsv'
[1.272s] INFO:colcon.colcon_core.shell:Creating environment hook '/home/dkflippo/aug2024/install/BMC_2024/share/BMC_2024/hook/ld_library_path_lib.sh'
[1.272s] Level 1:colcon.colcon_core.environment:checking '/home/dkflippo/aug2024/install/BMC_2024/bin'
[1.272s] Level 1:colcon.colcon_core.environment:checking '/home/dkflippo/aug2024/install/BMC_2024/lib/pkgconfig/BMC_2024.pc'
[1.273s] Level 1:colcon.colcon_core.environment:checking '/home/dkflippo/aug2024/install/BMC_2024/lib/python3.10/site-packages'
[1.273s] Level 1:colcon.colcon_core.environment:checking '/home/dkflippo/aug2024/install/BMC_2024/bin'
[1.273s] INFO:colcon.colcon_core.shell:Creating package script '/home/dkflippo/aug2024/install/BMC_2024/share/BMC_2024/package.ps1'
[1.274s] INFO:colcon.colcon_core.shell:Creating package descriptor '/home/dkflippo/aug2024/install/BMC_2024/share/BMC_2024/package.dsv'
[1.275s] INFO:colcon.colcon_core.shell:Creating package script '/home/dkflippo/aug2024/install/BMC_2024/share/BMC_2024/package.sh'
[1.275s] INFO:colcon.colcon_core.shell:Creating package script '/home/dkflippo/aug2024/install/BMC_2024/share/BMC_2024/package.bash'
[1.276s] INFO:colcon.colcon_core.shell:Creating package script '/home/dkflippo/aug2024/install/BMC_2024/share/BMC_2024/package.zsh'
[1.277s] Level 1:colcon.colcon_core.environment:create_file_with_runtime_dependencies(/home/dkflippo/aug2024/install/BMC_2024/share/colcon-core/packages/BMC_2024)
[1.277s] INFO:colcon.colcon_ros.task.ament_cmake.build:Building ROS package in '/home/dkflippo/aug2024/src/aug_2024' with build type 'ament_cmake'
[1.277s] INFO:colcon.colcon_cmake.task.cmake.build:Building CMake package in '/home/dkflippo/aug2024/src/aug_2024'
[1.278s] INFO:colcon.colcon_core.shell:Skip shell extension 'powershell' for command environment: Not usable outside of PowerShell
[1.278s] DEBUG:colcon.colcon_core.shell:Skip shell extension 'dsv' for command environment
[1.298s] DEBUG:colcon.colcon_core.event_handler.log_command:Invoking command in '/home/dkflippo/aug2024/build/aug_2024': CMAKE_PREFIX_PATH=/home/dkflippo/aug2024/install/BMC_2024:/home/dkflippo/aug2024/install/gazebo_ros2_control:/home/dkflippo/aug2024/install/sllidar_ros2:/home/dkflippo/aug2024/install/my_robot_nav2:/home/dkflippo/aug2024/install/gazebo_ros2_control_demos:/home/dkflippo/aug2024/install/aug_2024:/opt/ros/humble /usr/bin/cmake --build /home/dkflippo/aug2024/build/aug_2024 -- -j12 -l12
[1.340s] Level 1:colcon.colcon_core.environment:create_environment_scripts_only(gazebo_ros2_control_demos)
[1.340s] Level 1:colcon.colcon_core.environment:checking '/home/dkflippo/aug2024/install/gazebo_ros2_control_demos' for CMake module files
[1.342s] Level 1:colcon.colcon_core.environment:checking '/home/dkflippo/aug2024/install/gazebo_ros2_control_demos' for CMake config files
[1.343s] Level 1:colcon.colcon_core.shell:create_environment_hook('gazebo_ros2_control_demos', 'cmake_prefix_path')
[1.343s] INFO:colcon.colcon_core.shell:Creating environment hook '/home/dkflippo/aug2024/install/gazebo_ros2_control_demos/share/gazebo_ros2_control_demos/hook/cmake_prefix_path.ps1'
[1.345s] INFO:colcon.colcon_core.shell:Creating environment descriptor '/home/dkflippo/aug2024/install/gazebo_ros2_control_demos/share/gazebo_ros2_control_demos/hook/cmake_prefix_path.dsv'
[1.347s] INFO:colcon.colcon_core.shell:Creating environment hook '/home/dkflippo/aug2024/install/gazebo_ros2_control_demos/share/gazebo_ros2_control_demos/hook/cmake_prefix_path.sh'
[1.348s] Level 1:colcon.colcon_core.environment:checking '/home/dkflippo/aug2024/install/gazebo_ros2_control_demos/lib'
[1.349s] Level 1:colcon.colcon_core.environment:checking '/home/dkflippo/aug2024/install/gazebo_ros2_control_demos/bin'
[1.349s] Level 1:colcon.colcon_core.environment:checking '/home/dkflippo/aug2024/install/gazebo_ros2_control_demos/lib/pkgconfig/gazebo_ros2_control_demos.pc'
[1.349s] Level 1:colcon.colcon_core.environment:checking '/home/dkflippo/aug2024/install/gazebo_ros2_control_demos/lib/python3.10/site-packages'
[1.349s] Level 1:colcon.colcon_core.environment:checking '/home/dkflippo/aug2024/install/gazebo_ros2_control_demos/bin'
[1.350s] INFO:colcon.colcon_core.shell:Creating package script '/home/dkflippo/aug2024/install/gazebo_ros2_control_demos/share/gazebo_ros2_control_demos/package.ps1'
[1.351s] INFO:colcon.colcon_core.shell:Creating package descriptor '/home/dkflippo/aug2024/install/gazebo_ros2_control_demos/share/gazebo_ros2_control_demos/package.dsv'
[1.352s] INFO:colcon.colcon_core.shell:Creating package script '/home/dkflippo/aug2024/install/gazebo_ros2_control_demos/share/gazebo_ros2_control_demos/package.sh'
[1.353s] INFO:colcon.colcon_core.shell:Creating package script '/home/dkflippo/aug2024/install/gazebo_ros2_control_demos/share/gazebo_ros2_control_demos/package.bash'
[1.354s] INFO:colcon.colcon_core.shell:Creating package script '/home/dkflippo/aug2024/install/gazebo_ros2_control_demos/share/gazebo_ros2_control_demos/package.zsh'
[1.355s] Level 1:colcon.colcon_core.environment:create_file_with_runtime_dependencies(/home/dkflippo/aug2024/install/gazebo_ros2_control_demos/share/colcon-core/packages/gazebo_ros2_control_demos)
[1.776s] DEBUG:colcon.colcon_core.event_handler.log_command:Invoked command in '/home/dkflippo/aug2024/build/aug_2024' returned '0': CMAKE_PREFIX_PATH=/home/dkflippo/aug2024/install/BMC_2024:/home/dkflippo/aug2024/install/gazebo_ros2_control:/home/dkflippo/aug2024/install/sllidar_ros2:/home/dkflippo/aug2024/install/my_robot_nav2:/home/dkflippo/aug2024/install/gazebo_ros2_control_demos:/home/dkflippo/aug2024/install/aug_2024:/opt/ros/humble /usr/bin/cmake --build /home/dkflippo/aug2024/build/aug_2024 -- -j12 -l12
[1.834s] DEBUG:colcon.colcon_core.event_handler.log_command:Invoking command in '/home/dkflippo/aug2024/build/aug_2024': CMAKE_PREFIX_PATH=/home/dkflippo/aug2024/install/BMC_2024:/home/dkflippo/aug2024/install/gazebo_ros2_control:/home/dkflippo/aug2024/install/sllidar_ros2:/home/dkflippo/aug2024/install/my_robot_nav2:/home/dkflippo/aug2024/install/gazebo_ros2_control_demos:/home/dkflippo/aug2024/install/aug_2024:/opt/ros/humble /usr/bin/cmake --install /home/dkflippo/aug2024/build/aug_2024
[1.885s] Level 1:colcon.colcon_core.environment:create_environment_scripts_only(aug_2024)
[1.886s] Level 1:colcon.colcon_core.environment:checking '/home/dkflippo/aug2024/install/aug_2024' for CMake module files
[1.887s] DEBUG:colcon.colcon_core.event_handler.log_command:Invoked command in '/home/dkflippo/aug2024/build/aug_2024' returned '0': CMAKE_PREFIX_PATH=/home/dkflippo/aug2024/install/BMC_2024:/home/dkflippo/aug2024/install/gazebo_ros2_control:/home/dkflippo/aug2024/install/sllidar_ros2:/home/dkflippo/aug2024/install/my_robot_nav2:/home/dkflippo/aug2024/install/gazebo_ros2_control_demos:/home/dkflippo/aug2024/install/aug_2024:/opt/ros/humble /usr/bin/cmake --install /home/dkflippo/aug2024/build/aug_2024
[1.887s] Level 1:colcon.colcon_core.environment:checking '/home/dkflippo/aug2024/install/aug_2024' for CMake config files
[1.888s] Level 1:colcon.colcon_core.shell:create_environment_hook('aug_2024', 'cmake_prefix_path')
[1.889s] INFO:colcon.colcon_core.shell:Creating environment hook '/home/dkflippo/aug2024/install/aug_2024/share/aug_2024/hook/cmake_prefix_path.ps1'
[1.889s] INFO:colcon.colcon_core.shell:Creating environment descriptor '/home/dkflippo/aug2024/install/aug_2024/share/aug_2024/hook/cmake_prefix_path.dsv'
[1.890s] INFO:colcon.colcon_core.shell:Creating environment hook '/home/dkflippo/aug2024/install/aug_2024/share/aug_2024/hook/cmake_prefix_path.sh'
[1.890s] Level 1:colcon.colcon_core.environment:checking '/home/dkflippo/aug2024/install/aug_2024/lib'
[1.890s] Level 1:colcon.colcon_core.environment:checking '/home/dkflippo/aug2024/install/aug_2024/bin'
[1.890s] Level 1:colcon.colcon_core.environment:checking '/home/dkflippo/aug2024/install/aug_2024/lib/pkgconfig/aug_2024.pc'
[1.891s] Level 1:colcon.colcon_core.environment:checking '/home/dkflippo/aug2024/install/aug_2024/lib/python3.10/site-packages'
[1.891s] Level 1:colcon.colcon_core.environment:checking '/home/dkflippo/aug2024/install/aug_2024/bin'
[1.891s] INFO:colcon.colcon_core.shell:Creating package script '/home/dkflippo/aug2024/install/aug_2024/share/aug_2024/package.ps1'
[1.891s] INFO:colcon.colcon_core.shell:Creating package descriptor '/home/dkflippo/aug2024/install/aug_2024/share/aug_2024/package.dsv'
[1.892s] INFO:colcon.colcon_core.shell:Creating package script '/home/dkflippo/aug2024/install/aug_2024/share/aug_2024/package.sh'
[1.892s] INFO:colcon.colcon_core.shell:Creating package script '/home/dkflippo/aug2024/install/aug_2024/share/aug_2024/package.bash'
[1.892s] INFO:colcon.colcon_core.shell:Creating package script '/home/dkflippo/aug2024/install/aug_2024/share/aug_2024/package.zsh'
[1.893s] Level 1:colcon.colcon_core.environment:create_file_with_runtime_dependencies(/home/dkflippo/aug2024/install/aug_2024/share/colcon-core/packages/aug_2024)
[1.924s] Level 1:colcon.colcon_core.environment:create_environment_scripts_only(aug_2024)
[1.924s] Level 1:colcon.colcon_core.environment:checking '/home/dkflippo/aug2024/install/aug_2024' for CMake module files
[1.925s] Level 1:colcon.colcon_core.environment:checking '/home/dkflippo/aug2024/install/aug_2024' for CMake config files
[1.926s] Level 1:colcon.colcon_core.shell:create_environment_hook('aug_2024', 'cmake_prefix_path')
[1.927s] INFO:colcon.colcon_core.shell:Creating environment hook '/home/dkflippo/aug2024/install/aug_2024/share/aug_2024/hook/cmake_prefix_path.ps1'
[1.928s] INFO:colcon.colcon_core.shell:Creating environment descriptor '/home/dkflippo/aug2024/install/aug_2024/share/aug_2024/hook/cmake_prefix_path.dsv'
[1.929s] INFO:colcon.colcon_core.shell:Creating environment hook '/home/dkflippo/aug2024/install/aug_2024/share/aug_2024/hook/cmake_prefix_path.sh'
[1.929s] Level 1:colcon.colcon_core.environment:checking '/home/dkflippo/aug2024/install/aug_2024/lib'
[1.929s] Level 1:colcon.colcon_core.environment:checking '/home/dkflippo/aug2024/install/aug_2024/bin'
[1.929s] Level 1:colcon.colcon_core.environment:checking '/home/dkflippo/aug2024/install/aug_2024/lib/pkgconfig/aug_2024.pc'
[1.930s] Level 1:colcon.colcon_core.environment:checking '/home/dkflippo/aug2024/install/aug_2024/lib/python3.10/site-packages'
[1.930s] Level 1:colcon.colcon_core.environment:checking '/home/dkflippo/aug2024/install/aug_2024/bin'
[1.930s] INFO:colcon.colcon_core.shell:Creating package script '/home/dkflippo/aug2024/install/aug_2024/share/aug_2024/package.ps1'
[1.930s] INFO:colcon.colcon_core.shell:Creating package descriptor '/home/dkflippo/aug2024/install/aug_2024/share/aug_2024/package.dsv'
[1.931s] INFO:colcon.colcon_core.shell:Creating package script '/home/dkflippo/aug2024/install/aug_2024/share/aug_2024/package.sh'
[1.931s] INFO:colcon.colcon_core.shell:Creating package script '/home/dkflippo/aug2024/install/aug_2024/share/aug_2024/package.bash'
[1.932s] INFO:colcon.colcon_core.shell:Creating package script '/home/dkflippo/aug2024/install/aug_2024/share/aug_2024/package.zsh'
[1.932s] Level 1:colcon.colcon_core.environment:create_file_with_runtime_dependencies(/home/dkflippo/aug2024/install/aug_2024/share/colcon-core/packages/aug_2024)
[1.933s] DEBUG:colcon.colcon_parallel_executor.executor.parallel:closing loop
[1.934s] DEBUG:colcon.colcon_parallel_executor.executor.parallel:loop closed
[1.934s] DEBUG:colcon.colcon_parallel_executor.executor.parallel:run_until_complete finished with '0'
[1.935s] DEBUG:colcon.colcon_core.event_reactor:joining thread
[1.944s] INFO:colcon.colcon_core.plugin_system:Skipping extension 'colcon_notification.desktop_notification.terminal_notifier': Not used on non-Darwin systems
[1.944s] INFO:colcon.colcon_core.plugin_system:Skipping extension 'colcon_notification.desktop_notification.win32': Not used on non-Windows systems
[1.944s] INFO:colcon.colcon_notification.desktop_notification:Sending desktop notification using 'notify2'
[1.957s] DEBUG:colcon.colcon_core.event_reactor:joined thread
[1.957s] INFO:colcon.colcon_core.shell:Creating prefix script '/home/dkflippo/aug2024/install/local_setup.ps1'
[1.960s] INFO:colcon.colcon_core.shell:Creating prefix util module '/home/dkflippo/aug2024/install/_local_setup_util_ps1.py'
[1.963s] INFO:colcon.colcon_core.shell:Creating prefix chain script '/home/dkflippo/aug2024/install/setup.ps1'
[1.964s] INFO:colcon.colcon_core.shell:Creating prefix script '/home/dkflippo/aug2024/install/local_setup.sh'
[1.964s] INFO:colcon.colcon_core.shell:Creating prefix util module '/home/dkflippo/aug2024/install/_local_setup_util_sh.py'
[1.965s] INFO:colcon.colcon_core.shell:Creating prefix chain script '/home/dkflippo/aug2024/install/setup.sh'
[1.970s] INFO:colcon.colcon_core.shell:Creating prefix script '/home/dkflippo/aug2024/install/local_setup.bash'
[1.971s] INFO:colcon.colcon_core.shell:Creating prefix chain script '/home/dkflippo/aug2024/install/setup.bash'
[1.973s] INFO:colcon.colcon_core.shell:Creating prefix script '/home/dkflippo/aug2024/install/local_setup.zsh'
[1.976s] INFO:colcon.colcon_core.shell:Creating prefix chain script '/home/dkflippo/aug2024/install/setup.zsh'
