[0.013s] Invoking command in '/home/dkflippo/aug2024/build/BMC_2024': CMAKE_PREFIX_PATH=${CMAKE_PREFIX_PATH}:/opt/ros/humble /usr/bin/cmake --build /home/dkflippo/aug2024/build/BMC_2024 -- -j12 -l12
[0.065s] [35m[1mConsolidate compiler generated dependencies of target BMC_2024[0m
[0.091s] [ 33%] [32mBuilding CXX object CMakeFiles/BMC_2024.dir/src/aug_2024_system.cpp.o[0m
[2.400s] [01m[K/home/dkflippo/aug2024/src/BMC_2024/src/aug_2024_system.cpp:[m[K In member function ‘[01m[Kvirtual hardware_interface::CallbackReturn BMC_2024::AUG2024Hardware::on_configure(const rclcpp_lifecycle::State&)[m[K’:
[2.400s] [01m[K/home/dkflippo/aug2024/src/BMC_2024/src/aug_2024_system.cpp:204:3:[m[K [01;31m[Kerror: [m[K‘[01m[Kcomms_fl_[m[K’ was not declared in this scope; did you mean ‘[01m[Kcomms_rl_[m[K’?
[2.400s]   204 |   [01;31m[Kcomms_fl_[m[K.open(cfg_.can_interface.c_str(), motor_fl_.can_id);
[2.401s]       |   [01;31m[K^~~~~~~~~[m[K
[2.401s]       |   [32m[Kcomms_rl_[m[K
[2.404s] [01m[K/home/dkflippo/aug2024/src/BMC_2024/src/aug_2024_system.cpp:204:46:[m[K [01;31m[Kerror: [m[K‘[01m[Kmotor_fl_[m[K’ was not declared in this scope; did you mean ‘[01m[Kmotor_rl_[m[K’?
[2.404s]   204 |   comms_fl_.open(cfg_.can_interface.c_str(), [01;31m[Kmotor_fl_[m[K.can_id);
[2.404s]       |                                              [01;31m[K^~~~~~~~~[m[K
[2.404s]       |                                              [32m[Kmotor_rl_[m[K
[2.407s] [01m[K/home/dkflippo/aug2024/src/BMC_2024/src/aug_2024_system.cpp:205:3:[m[K [01;31m[Kerror: [m[K‘[01m[Kcomms_fr_[m[K’ was not declared in this scope; did you mean ‘[01m[Kcomms_rr_[m[K’?
[2.407s]   205 |   [01;31m[Kcomms_fr_[m[K.open(cfg_.can_interface.c_str(), motor_fr_.can_id);
[2.407s]       |   [01;31m[K^~~~~~~~~[m[K
[2.408s]       |   [32m[Kcomms_rr_[m[K
[2.412s] [01m[K/home/dkflippo/aug2024/src/BMC_2024/src/aug_2024_system.cpp:205:46:[m[K [01;31m[Kerror: [m[K‘[01m[Kmotor_fr_[m[K’ was not declared in this scope; did you mean ‘[01m[Kmotor_rr_[m[K’?
[2.413s]   205 |   comms_fr_.open(cfg_.can_interface.c_str(), [01;31m[Kmotor_fr_[m[K.can_id);
[2.413s]       |                                              [01;31m[K^~~~~~~~~[m[K
[2.413s]       |                                              [32m[Kmotor_rr_[m[K
[2.418s] [01m[K/home/dkflippo/aug2024/src/BMC_2024/src/aug_2024_system.cpp:[m[K In member function ‘[01m[Kvirtual hardware_interface::CallbackReturn BMC_2024::AUG2024Hardware::on_activate(const rclcpp_lifecycle::State&)[m[K’:
[2.418s] [01m[K/home/dkflippo/aug2024/src/BMC_2024/src/aug_2024_system.cpp:225:3:[m[K [01;31m[Kerror: [m[K‘[01m[Kcomms_fl_[m[K’ was not declared in this scope; did you mean ‘[01m[Kcomms_rl_[m[K’?
[2.418s]   225 |   [01;31m[Kcomms_fl_[m[K.enable();
[2.418s]       |   [01;31m[K^~~~~~~~~[m[K
[2.418s]       |   [32m[Kcomms_rl_[m[K
[2.421s] [01m[K/home/dkflippo/aug2024/src/BMC_2024/src/aug_2024_system.cpp:226:3:[m[K [01;31m[Kerror: [m[K‘[01m[Kcomms_fr_[m[K’ was not declared in this scope; did you mean ‘[01m[Kcomms_rr_[m[K’?
[2.421s]   226 |   [01;31m[Kcomms_fr_[m[K.enable();
[2.421s]       |   [01;31m[K^~~~~~~~~[m[K
[2.421s]       |   [32m[Kcomms_rr_[m[K
[2.426s] [01m[K/home/dkflippo/aug2024/src/BMC_2024/src/aug_2024_system.cpp:[m[K In member function ‘[01m[Kvirtual hardware_interface::CallbackReturn BMC_2024::AUG2024Hardware::on_deactivate(const rclcpp_lifecycle::State&)[m[K’:
[2.426s] [01m[K/home/dkflippo/aug2024/src/BMC_2024/src/aug_2024_system.cpp:240:3:[m[K [01;31m[Kerror: [m[K‘[01m[Kcomms_fl_[m[K’ was not declared in this scope; did you mean ‘[01m[Kcomms_rl_[m[K’?
[2.426s]   240 |   [01;31m[Kcomms_fl_[m[K.disable();
[2.426s]       |   [01;31m[K^~~~~~~~~[m[K
[2.426s]       |   [32m[Kcomms_rl_[m[K
[2.430s] [01m[K/home/dkflippo/aug2024/src/BMC_2024/src/aug_2024_system.cpp:241:3:[m[K [01;31m[Kerror: [m[K‘[01m[Kcomms_fr_[m[K’ was not declared in this scope; did you mean ‘[01m[Kcomms_rr_[m[K’?
[2.430s]   241 |   [01;31m[Kcomms_fr_[m[K.disable();
[2.430s]       |   [01;31m[K^~~~~~~~~[m[K
[2.430s]       |   [32m[Kcomms_rr_[m[K
[2.436s] [01m[K/home/dkflippo/aug2024/src/BMC_2024/src/aug_2024_system.cpp:[m[K In member function ‘[01m[Kvirtual hardware_interface::CallbackReturn BMC_2024::AUG2024Hardware::on_cleanup(const rclcpp_lifecycle::State&)[m[K’:
[2.436s] [01m[K/home/dkflippo/aug2024/src/BMC_2024/src/aug_2024_system.cpp:255:3:[m[K [01;31m[Kerror: [m[K‘[01m[Kcomms_fl_[m[K’ was not declared in this scope; did you mean ‘[01m[Kcomms_rl_[m[K’?
[2.436s]   255 |   [01;31m[Kcomms_fl_[m[K.close();
[2.436s]       |   [01;31m[K^~~~~~~~~[m[K
[2.436s]       |   [32m[Kcomms_rl_[m[K
[2.440s] [01m[K/home/dkflippo/aug2024/src/BMC_2024/src/aug_2024_system.cpp:256:3:[m[K [01;31m[Kerror: [m[K‘[01m[Kcomms_fr_[m[K’ was not declared in this scope; did you mean ‘[01m[Kcomms_rr_[m[K’?
[2.440s]   256 |   [01;31m[Kcomms_fr_[m[K.close();
[2.440s]       |   [01;31m[K^~~~~~~~~[m[K
[2.441s]       |   [32m[Kcomms_rr_[m[K
[2.445s] [01m[K/home/dkflippo/aug2024/src/BMC_2024/src/aug_2024_system.cpp:[m[K In member function ‘[01m[Kvirtual hardware_interface::return_type BMC_2024::AUG2024Hardware::read(const rclcpp::Time&, const rclcpp::Duration&)[m[K’:
[2.445s] [01m[K/home/dkflippo/aug2024/src/BMC_2024/src/aug_2024_system.cpp:269:3:[m[K [01;31m[Kerror: [m[K‘[01m[Kcomms_fl_[m[K’ was not declared in this scope; did you mean ‘[01m[Kcomms_rl_[m[K’?
[2.445s]   269 |   [01;31m[Kcomms_fl_[m[K.update(&motor_fl_);
[2.445s]       |   [01;31m[K^~~~~~~~~[m[K
[2.445s]       |   [32m[Kcomms_rl_[m[K
[2.449s] [01m[K/home/dkflippo/aug2024/src/BMC_2024/src/aug_2024_system.cpp:269:21:[m[K [01;31m[Kerror: [m[K‘[01m[Kmotor_fl_[m[K’ was not declared in this scope; did you mean ‘[01m[Kmotor_rl_[m[K’?
[2.449s]   269 |   comms_fl_.update(&[01;31m[Kmotor_fl_[m[K);
[2.449s]       |                     [01;31m[K^~~~~~~~~[m[K
[2.449s]       |                     [32m[Kmotor_rl_[m[K
[2.452s] [01m[K/home/dkflippo/aug2024/src/BMC_2024/src/aug_2024_system.cpp:270:3:[m[K [01;31m[Kerror: [m[K‘[01m[Kcomms_fr_[m[K’ was not declared in this scope; did you mean ‘[01m[Kcomms_rr_[m[K’?
[2.453s]   270 |   [01;31m[Kcomms_fr_[m[K.update(&motor_fr_);
[2.453s]       |   [01;31m[K^~~~~~~~~[m[K
[2.453s]       |   [32m[Kcomms_rr_[m[K
[2.457s] [01m[K/home/dkflippo/aug2024/src/BMC_2024/src/aug_2024_system.cpp:270:21:[m[K [01;31m[Kerror: [m[K‘[01m[Kmotor_fr_[m[K’ was not declared in this scope; did you mean ‘[01m[Kmotor_rr_[m[K’?
[2.457s]   270 |   comms_fr_.update(&[01;31m[Kmotor_fr_[m[K);
[2.457s]       |                     [01;31m[K^~~~~~~~~[m[K
[2.457s]       |                     [32m[Kmotor_rr_[m[K
[2.457s] [01m[K/home/dkflippo/aug2024/src/BMC_2024/src/aug_2024_system.cpp:266:59:[m[K [01;35m[Kwarning: [m[Kunused parameter ‘[01m[Kperiod[m[K’ [[01;35m[K]8;;https://gcc.gnu.org/onlinedocs/gcc/Warning-Options.html#index-Wunused-parameter-Wunused-parameter]8;;[m[K]
[2.457s]   266 |   const rclcpp::Time & /*time*/, [01;35m[Kconst rclcpp::Duration & period[m[K)
[2.457s]       |                                  [01;35m[K~~~~~~~~~~~~~~~~~~~~~~~~~^~~~~~[m[K
[2.463s] [01m[K/home/dkflippo/aug2024/src/BMC_2024/src/aug_2024_system.cpp:[m[K In member function ‘[01m[Kvirtual hardware_interface::return_type BMC_2024::AUG2024Hardware::write(const rclcpp::Time&, const rclcpp::Duration&)[m[K’:
[2.463s] [01m[K/home/dkflippo/aug2024/src/BMC_2024/src/aug_2024_system.cpp:281:3:[m[K [01;31m[Kerror: [m[K‘[01m[Kcomms_fl_[m[K’ was not declared in this scope; did you mean ‘[01m[Kcomms_rl_[m[K’?
[2.463s]   281 |   [01;31m[Kcomms_fl_[m[K.setVelocity(motor_fl_.cmd * motor_fl_.mult); //motor_fl_.cmd is the velocity command coming from the controller
[2.463s]       |   [01;31m[K^~~~~~~~~[m[K
[2.463s]       |   [32m[Kcomms_rl_[m[K
[2.467s] [01m[K/home/dkflippo/aug2024/src/BMC_2024/src/aug_2024_system.cpp:281:25:[m[K [01;31m[Kerror: [m[K‘[01m[Kmotor_fl_[m[K’ was not declared in this scope; did you mean ‘[01m[Kmotor_rl_[m[K’?
[2.467s]   281 |   comms_fl_.setVelocity([01;31m[Kmotor_fl_[m[K.cmd * motor_fl_.mult); //motor_fl_.cmd is the velocity command coming from the controller
[2.467s]       |                         [01;31m[K^~~~~~~~~[m[K
[2.468s]       |                         [32m[Kmotor_rl_[m[K
[2.471s] [01m[K/home/dkflippo/aug2024/src/BMC_2024/src/aug_2024_system.cpp:282:3:[m[K [01;31m[Kerror: [m[K‘[01m[Kcomms_fr_[m[K’ was not declared in this scope; did you mean ‘[01m[Kcomms_rr_[m[K’?
[2.471s]   282 |   [01;31m[Kcomms_fr_[m[K.setVelocity(motor_fr_.cmd * motor_fr_.mult);
[2.471s]       |   [01;31m[K^~~~~~~~~[m[K
[2.471s]       |   [32m[Kcomms_rr_[m[K
[2.476s] [01m[K/home/dkflippo/aug2024/src/BMC_2024/src/aug_2024_system.cpp:282:25:[m[K [01;31m[Kerror: [m[K‘[01m[Kmotor_fr_[m[K’ was not declared in this scope; did you mean ‘[01m[Kmotor_rr_[m[K’?
[2.476s]   282 |   comms_fr_.setVelocity([01;31m[Kmotor_fr_[m[K.cmd * motor_fr_.mult);
[2.476s]       |                         [01;31m[K^~~~~~~~~[m[K
[2.476s]       |                         [32m[Kmotor_rr_[m[K
[3.020s] gmake[2]: *** [CMakeFiles/BMC_2024.dir/build.make:76: CMakeFiles/BMC_2024.dir/src/aug_2024_system.cpp.o] Error 1
[3.020s] gmake[1]: *** [CMakeFiles/Makefile2:137: CMakeFiles/BMC_2024.dir/all] Error 2
[3.020s] gmake: *** [Makefile:146: all] Error 2
[3.023s] Invoked command in '/home/dkflippo/aug2024/build/BMC_2024' returned '2': CMAKE_PREFIX_PATH=${CMAKE_PREFIX_PATH}:/opt/ros/humble /usr/bin/cmake --build /home/dkflippo/aug2024/build/BMC_2024 -- -j12 -l12
