[0.095s] Invoking command in '/home/dkflippo/aug2024/build/gazebo_ros2_control_demos': CMAKE_PREFIX_PATH=/home/dkflippo/aug2024/install/gazebo_ros2_control:/home/dkflippo/aug2024/install/sllidar_ros2:/home/dkflippo/aug2024/install/my_robot_nav2:/home/dkflippo/aug2024/install/gazebo_ros2_control_demos:/home/dkflippo/aug2024/install/aug_2024:/home/dkflippo/aug2024/install/BMC_2024:/opt/ros/humble LD_LIBRARY_PATH=/home/dkflippo/aug2024/install/gazebo_ros2_control/lib:/home/dkflippo/aug2024/install/BMC_2024/lib:/usr/lib/x86_64-linux-gnu/gazebo-11/plugins:/opt/ros/humble/opt/rviz_ogre_vendor/lib:/opt/ros/humble/lib/x86_64-linux-gnu:/opt/ros/humble/lib /usr/bin/cmake --build /home/dkflippo/aug2024/build/gazebo_ros2_control_demos -- -j12 -l12
[0.516s] [ 14%] Built target example_position
[0.520s] [ 42%] Built target example_velocity
[0.521s] [ 42%] Built target example_effort
[0.527s] [ 64%] Built target example_gripper
[0.527s] [ 71%] Built target example_diff_drive
[0.542s] [ 92%] Built target example_tricycle_drive
[0.543s] [100%] Built target example_position_pid
[0.607s] Invoked command in '/home/dkflippo/aug2024/build/gazebo_ros2_control_demos' returned '0': CMAKE_PREFIX_PATH=/home/dkflippo/aug2024/install/gazebo_ros2_control:/home/dkflippo/aug2024/install/sllidar_ros2:/home/dkflippo/aug2024/install/my_robot_nav2:/home/dkflippo/aug2024/install/gazebo_ros2_control_demos:/home/dkflippo/aug2024/install/aug_2024:/home/dkflippo/aug2024/install/BMC_2024:/opt/ros/humble LD_LIBRARY_PATH=/home/dkflippo/aug2024/install/gazebo_ros2_control/lib:/home/dkflippo/aug2024/install/BMC_2024/lib:/usr/lib/x86_64-linux-gnu/gazebo-11/plugins:/opt/ros/humble/opt/rviz_ogre_vendor/lib:/opt/ros/humble/lib/x86_64-linux-gnu:/opt/ros/humble/lib /usr/bin/cmake --build /home/dkflippo/aug2024/build/gazebo_ros2_control_demos -- -j12 -l12
[0.958s] Invoking command in '/home/dkflippo/aug2024/build/gazebo_ros2_control_demos': CMAKE_PREFIX_PATH=/home/dkflippo/aug2024/install/gazebo_ros2_control:/home/dkflippo/aug2024/install/sllidar_ros2:/home/dkflippo/aug2024/install/my_robot_nav2:/home/dkflippo/aug2024/install/gazebo_ros2_control_demos:/home/dkflippo/aug2024/install/aug_2024:/home/dkflippo/aug2024/install/BMC_2024:/opt/ros/humble LD_LIBRARY_PATH=/home/dkflippo/aug2024/install/gazebo_ros2_control/lib:/home/dkflippo/aug2024/install/BMC_2024/lib:/usr/lib/x86_64-linux-gnu/gazebo-11/plugins:/opt/ros/humble/opt/rviz_ogre_vendor/lib:/opt/ros/humble/lib/x86_64-linux-gnu:/opt/ros/humble/lib /usr/bin/cmake --install /home/dkflippo/aug2024/build/gazebo_ros2_control_demos
[1.002s] -- Install configuration: ""
[1.004s] -- Up-to-date: /home/dkflippo/aug2024/install/gazebo_ros2_control_demos/share/gazebo_ros2_control_demos//launch
[1.005s] -- Up-to-date: /home/dkflippo/aug2024/install/gazebo_ros2_control_demos/share/gazebo_ros2_control_demos//launch/cart_example_effort.launch.py
[1.006s] -- Up-to-date: /home/dkflippo/aug2024/install/gazebo_ros2_control_demos/share/gazebo_ros2_control_demos//launch/vertical_cart_example_velocity_pid.launch.py
[1.007s] -- Up-to-date: /home/dkflippo/aug2024/install/gazebo_ros2_control_demos/share/gazebo_ros2_control_demos//launch/diff_drive.launch.py
[1.007s] -- Up-to-date: /home/dkflippo/aug2024/install/gazebo_ros2_control_demos/share/gazebo_ros2_control_demos//launch/cart_example_position.launch.py
[1.009s] -- Up-to-date: /home/dkflippo/aug2024/install/gazebo_ros2_control_demos/share/gazebo_ros2_control_demos//launch/pendulum_example_effort.launch.py
[1.009s] -- Up-to-date: /home/dkflippo/aug2024/install/gazebo_ros2_control_demos/share/gazebo_ros2_control_demos//launch/gripper_mimic_joint_example.launch.py
[1.009s] -- Up-to-date: /home/dkflippo/aug2024/install/gazebo_ros2_control_demos/share/gazebo_ros2_control_demos//launch/pendulum_example_position.launch.py
[1.010s] -- Up-to-date: /home/dkflippo/aug2024/install/gazebo_ros2_control_demos/share/gazebo_ros2_control_demos//launch/cart_example_velocity.launch.py
[1.012s] -- Up-to-date: /home/dkflippo/aug2024/install/gazebo_ros2_control_demos/share/gazebo_ros2_control_demos//launch/vertical_cart_example_position_pid.launch.py
[1.012s] -- Up-to-date: /home/dkflippo/aug2024/install/gazebo_ros2_control_demos/share/gazebo_ros2_control_demos//launch/tricycle_drive.launch.py
[1.013s] -- Up-to-date: /home/dkflippo/aug2024/install/gazebo_ros2_control_demos/share/gazebo_ros2_control_demos//config
[1.013s] -- Up-to-date: /home/dkflippo/aug2024/install/gazebo_ros2_control_demos/share/gazebo_ros2_control_demos//config/cart_controller_effort.yaml
[1.013s] -- Up-to-date: /home/dkflippo/aug2024/install/gazebo_ros2_control_demos/share/gazebo_ros2_control_demos//config/gripper_controller.yaml
[1.013s] -- Up-to-date: /home/dkflippo/aug2024/install/gazebo_ros2_control_demos/share/gazebo_ros2_control_demos//config/cart_controller_velocity.yaml
[1.013s] -- Up-to-date: /home/dkflippo/aug2024/install/gazebo_ros2_control_demos/share/gazebo_ros2_control_demos//config/config.rviz
[1.014s] -- Up-to-date: /home/dkflippo/aug2024/install/gazebo_ros2_control_demos/share/gazebo_ros2_control_demos//config/diff_drive_controller.yaml
[1.014s] -- Up-to-date: /home/dkflippo/aug2024/install/gazebo_ros2_control_demos/share/gazebo_ros2_control_demos//config/cart_controller.yaml
[1.014s] -- Up-to-date: /home/dkflippo/aug2024/install/gazebo_ros2_control_demos/share/gazebo_ros2_control_demos//config/cart_controller_position.yaml
[1.015s] -- Up-to-date: /home/dkflippo/aug2024/install/gazebo_ros2_control_demos/share/gazebo_ros2_control_demos//config/tricycle_drive_controller.yaml
[1.017s] -- Up-to-date: /home/dkflippo/aug2024/install/gazebo_ros2_control_demos/share/gazebo_ros2_control_demos//urdf
[1.019s] -- Up-to-date: /home/dkflippo/aug2024/install/gazebo_ros2_control_demos/share/gazebo_ros2_control_demos//urdf/test_pendulum_effort.xacro.urdf
[1.020s] -- Up-to-date: /home/dkflippo/aug2024/install/gazebo_ros2_control_demos/share/gazebo_ros2_control_demos//urdf/test_diff_drive.xacro.urdf
[1.021s] -- Up-to-date: /home/dkflippo/aug2024/install/gazebo_ros2_control_demos/share/gazebo_ros2_control_demos//urdf/test_gripper_mimic_joint.xacro.urdf
[1.021s] -- Up-to-date: /home/dkflippo/aug2024/install/gazebo_ros2_control_demos/share/gazebo_ros2_control_demos//urdf/test_vertical_cart_position_pid.xacro.urdf
[1.024s] -- Up-to-date: /home/dkflippo/aug2024/install/gazebo_ros2_control_demos/share/gazebo_ros2_control_demos//urdf/test_cart_velocity.xacro.urdf
[1.028s] -- Up-to-date: /home/dkflippo/aug2024/install/gazebo_ros2_control_demos/share/gazebo_ros2_control_demos//urdf/test_cart_effort.xacro.urdf
[1.030s] -- Up-to-date: /home/dkflippo/aug2024/install/gazebo_ros2_control_demos/share/gazebo_ros2_control_demos//urdf/test_vertical_cart_velocity_pid.xacro.urdf
[1.032s] -- Up-to-date: /home/dkflippo/aug2024/install/gazebo_ros2_control_demos/share/gazebo_ros2_control_demos//urdf/test_tricycle_drive.xacro.urdf
[1.033s] -- Up-to-date: /home/dkflippo/aug2024/install/gazebo_ros2_control_demos/share/gazebo_ros2_control_demos//urdf/test_cart_position.xacro.urdf
[1.034s] -- Up-to-date: /home/dkflippo/aug2024/install/gazebo_ros2_control_demos/share/gazebo_ros2_control_demos//urdf/test_pendulum_position.xacro.urdf
[1.036s] -- Up-to-date: /home/dkflippo/aug2024/install/gazebo_ros2_control_demos/lib/gazebo_ros2_control_demos/example_position
[1.039s] -- Up-to-date: /home/dkflippo/aug2024/install/gazebo_ros2_control_demos/lib/gazebo_ros2_control_demos/example_position_pid
[1.040s] -- Up-to-date: /home/dkflippo/aug2024/install/gazebo_ros2_control_demos/lib/gazebo_ros2_control_demos/example_velocity
[1.042s] -- Up-to-date: /home/dkflippo/aug2024/install/gazebo_ros2_control_demos/lib/gazebo_ros2_control_demos/example_effort
[1.044s] -- Up-to-date: /home/dkflippo/aug2024/install/gazebo_ros2_control_demos/lib/gazebo_ros2_control_demos/example_diff_drive
[1.046s] -- Up-to-date: /home/dkflippo/aug2024/install/gazebo_ros2_control_demos/lib/gazebo_ros2_control_demos/example_tricycle_drive
[1.050s] -- Up-to-date: /home/dkflippo/aug2024/install/gazebo_ros2_control_demos/lib/gazebo_ros2_control_demos/example_gripper
[1.053s] -- Up-to-date: /home/dkflippo/aug2024/install/gazebo_ros2_control_demos/share/ament_index/resource_index/package_run_dependencies/gazebo_ros2_control_demos
[1.054s] -- Up-to-date: /home/dkflippo/aug2024/install/gazebo_ros2_control_demos/share/ament_index/resource_index/parent_prefix_path/gazebo_ros2_control_demos
[1.054s] -- Up-to-date: /home/dkflippo/aug2024/install/gazebo_ros2_control_demos/share/gazebo_ros2_control_demos/environment/ament_prefix_path.sh
[1.055s] -- Up-to-date: /home/dkflippo/aug2024/install/gazebo_ros2_control_demos/share/gazebo_ros2_control_demos/environment/ament_prefix_path.dsv
[1.055s] -- Up-to-date: /home/dkflippo/aug2024/install/gazebo_ros2_control_demos/share/gazebo_ros2_control_demos/environment/path.sh
[1.055s] -- Up-to-date: /home/dkflippo/aug2024/install/gazebo_ros2_control_demos/share/gazebo_ros2_control_demos/environment/path.dsv
[1.056s] -- Up-to-date: /home/dkflippo/aug2024/install/gazebo_ros2_control_demos/share/gazebo_ros2_control_demos/local_setup.bash
[1.058s] -- Up-to-date: /home/dkflippo/aug2024/install/gazebo_ros2_control_demos/share/gazebo_ros2_control_demos/local_setup.sh
[1.059s] -- Up-to-date: /home/dkflippo/aug2024/install/gazebo_ros2_control_demos/share/gazebo_ros2_control_demos/local_setup.zsh
[1.061s] -- Up-to-date: /home/dkflippo/aug2024/install/gazebo_ros2_control_demos/share/gazebo_ros2_control_demos/local_setup.dsv
[1.063s] -- Installing: /home/dkflippo/aug2024/install/gazebo_ros2_control_demos/share/gazebo_ros2_control_demos/package.dsv
[1.065s] -- Up-to-date: /home/dkflippo/aug2024/install/gazebo_ros2_control_demos/share/ament_index/resource_index/packages/gazebo_ros2_control_demos
[1.066s] -- Up-to-date: /home/dkflippo/aug2024/install/gazebo_ros2_control_demos/share/gazebo_ros2_control_demos/cmake/gazebo_ros2_control_demosConfig.cmake
[1.069s] -- Up-to-date: /home/dkflippo/aug2024/install/gazebo_ros2_control_demos/share/gazebo_ros2_control_demos/cmake/gazebo_ros2_control_demosConfig-version.cmake
[1.069s] -- Up-to-date: /home/dkflippo/aug2024/install/gazebo_ros2_control_demos/share/gazebo_ros2_control_demos/package.xml
[1.071s] Invoked command in '/home/dkflippo/aug2024/build/gazebo_ros2_control_demos' returned '0': CMAKE_PREFIX_PATH=/home/dkflippo/aug2024/install/gazebo_ros2_control:/home/dkflippo/aug2024/install/sllidar_ros2:/home/dkflippo/aug2024/install/my_robot_nav2:/home/dkflippo/aug2024/install/gazebo_ros2_control_demos:/home/dkflippo/aug2024/install/aug_2024:/home/dkflippo/aug2024/install/BMC_2024:/opt/ros/humble LD_LIBRARY_PATH=/home/dkflippo/aug2024/install/gazebo_ros2_control/lib:/home/dkflippo/aug2024/install/BMC_2024/lib:/usr/lib/x86_64-linux-gnu/gazebo-11/plugins:/opt/ros/humble/opt/rviz_ogre_vendor/lib:/opt/ros/humble/lib/x86_64-linux-gnu:/opt/ros/humble/lib /usr/bin/cmake --install /home/dkflippo/aug2024/build/gazebo_ros2_control_demos
