[0.141s] Invoking command in '/home/dkflippo/aug2024/build/gazebo_ros2_control': CMAKE_PREFIX_PATH=${CMAKE_PREFIX_PATH}:/opt/ros/humble /usr/bin/cmake --build /home/dkflippo/aug2024/build/gazebo_ros2_control -- -j12 -l12
[0.620s] [ 50%] Built target gazebo_hardware_plugins
[0.626s] [100%] Built target gazebo_ros2_control
[0.689s] Invoked command in '/home/dkflippo/aug2024/build/gazebo_ros2_control' returned '0': CMAKE_PREFIX_PATH=${CMAKE_PREFIX_PATH}:/opt/ros/humble /usr/bin/cmake --build /home/dkflippo/aug2024/build/gazebo_ros2_control -- -j12 -l12
[0.923s] Invoking command in '/home/dkflippo/aug2024/build/gazebo_ros2_control': CMAKE_PREFIX_PATH=${CMAKE_PREFIX_PATH}:/opt/ros/humble /usr/bin/cmake --install /home/dkflippo/aug2024/build/gazebo_ros2_control
[1.009s] -- Install configuration: ""
[1.010s] -- Up-to-date: /home/dkflippo/aug2024/install/gazebo_ros2_control/lib/libgazebo_ros2_control.so
[1.013s] -- Up-to-date: /home/dkflippo/aug2024/install/gazebo_ros2_control/lib/libgazebo_hardware_plugins.so
[1.017s] -- Up-to-date: /home/dkflippo/aug2024/install/gazebo_ros2_control/share/gazebo_ros2_control/environment/library_path.sh
[1.020s] -- Up-to-date: /home/dkflippo/aug2024/install/gazebo_ros2_control/share/gazebo_ros2_control/environment/library_path.dsv
[1.022s] -- Up-to-date: /home/dkflippo/aug2024/install/gazebo_ros2_control/include/gazebo_ros2_control
[1.024s] -- Up-to-date: /home/dkflippo/aug2024/install/gazebo_ros2_control/include/gazebo_ros2_control/gazebo_system.hpp
[1.026s] -- Up-to-date: /home/dkflippo/aug2024/install/gazebo_ros2_control/include/gazebo_ros2_control/gazebo_ros2_control_plugin.hpp
[1.035s] -- Up-to-date: /home/dkflippo/aug2024/install/gazebo_ros2_control/include/gazebo_ros2_control/gazebo_system_interface.hpp
[1.038s] -- Up-to-date: /home/dkflippo/aug2024/install/gazebo_ros2_control/share/gazebo_ros2_control/gazebo_hardware_plugins.xml
[1.044s] -- Up-to-date: /home/dkflippo/aug2024/install/gazebo_ros2_control/share/ament_index/resource_index/package_run_dependencies/gazebo_ros2_control
[1.045s] -- Up-to-date: /home/dkflippo/aug2024/install/gazebo_ros2_control/share/ament_index/resource_index/parent_prefix_path/gazebo_ros2_control
[1.046s] -- Up-to-date: /home/dkflippo/aug2024/install/gazebo_ros2_control/share/gazebo_ros2_control/environment/ament_prefix_path.sh
[1.046s] -- Up-to-date: /home/dkflippo/aug2024/install/gazebo_ros2_control/share/gazebo_ros2_control/environment/ament_prefix_path.dsv
[1.049s] -- Up-to-date: /home/dkflippo/aug2024/install/gazebo_ros2_control/share/gazebo_ros2_control/environment/path.sh
[1.050s] -- Up-to-date: /home/dkflippo/aug2024/install/gazebo_ros2_control/share/gazebo_ros2_control/environment/path.dsv
[1.050s] -- Up-to-date: /home/dkflippo/aug2024/install/gazebo_ros2_control/share/gazebo_ros2_control/local_setup.bash
[1.051s] -- Up-to-date: /home/dkflippo/aug2024/install/gazebo_ros2_control/share/gazebo_ros2_control/local_setup.sh
[1.053s] -- Up-to-date: /home/dkflippo/aug2024/install/gazebo_ros2_control/share/gazebo_ros2_control/local_setup.zsh
[1.054s] -- Up-to-date: /home/dkflippo/aug2024/install/gazebo_ros2_control/share/gazebo_ros2_control/local_setup.dsv
[1.059s] -- Installing: /home/dkflippo/aug2024/install/gazebo_ros2_control/share/gazebo_ros2_control/package.dsv
[1.065s] -- Up-to-date: /home/dkflippo/aug2024/install/gazebo_ros2_control/share/ament_index/resource_index/packages/gazebo_ros2_control
[1.067s] -- Up-to-date: /home/dkflippo/aug2024/install/gazebo_ros2_control/share/ament_index/resource_index/gazebo_ros2_control__pluginlib__plugin/gazebo_ros2_control
[1.074s] -- Up-to-date: /home/dkflippo/aug2024/install/gazebo_ros2_control/share/gazebo_ros2_control/cmake/ament_cmake_export_include_directories-extras.cmake
[1.076s] -- Up-to-date: /home/dkflippo/aug2024/install/gazebo_ros2_control/share/gazebo_ros2_control/cmake/ament_cmake_export_dependencies-extras.cmake
[1.077s] -- Up-to-date: /home/dkflippo/aug2024/install/gazebo_ros2_control/share/gazebo_ros2_control/cmake/ament_cmake_export_libraries-extras.cmake
[1.078s] -- Up-to-date: /home/dkflippo/aug2024/install/gazebo_ros2_control/share/gazebo_ros2_control/cmake/gazebo_ros2_controlConfig.cmake
[1.079s] -- Up-to-date: /home/dkflippo/aug2024/install/gazebo_ros2_control/share/gazebo_ros2_control/cmake/gazebo_ros2_controlConfig-version.cmake
[1.080s] -- Up-to-date: /home/dkflippo/aug2024/install/gazebo_ros2_control/share/gazebo_ros2_control/package.xml
[1.088s] Invoked command in '/home/dkflippo/aug2024/build/gazebo_ros2_control' returned '0': CMAKE_PREFIX_PATH=${CMAKE_PREFIX_PATH}:/opt/ros/humble /usr/bin/cmake --install /home/dkflippo/aug2024/build/gazebo_ros2_control
