[0.025s] Invoking command in '/home/dkflippo/aug2024/build/gazebo_ros2_control_demos': CMAKE_PREFIX_PATH=/home/dkflippo/aug2024/install/gazebo_ros2_control:/home/dkflippo/aug2024/install/sllidar_ros2:/home/dkflippo/aug2024/install/my_robot_nav2:/home/dkflippo/aug2024/install/gazebo_ros2_control_demos:/home/dkflippo/aug2024/install/aug_2024:/home/dkflippo/aug2024/install/BMC_2024:/opt/ros/humble LD_LIBRARY_PATH=/home/dkflippo/aug2024/install/gazebo_ros2_control/lib:/home/dkflippo/aug2024/install/BMC_2024/lib:/usr/lib/x86_64-linux-gnu/gazebo-11/plugins:/opt/ros/humble/opt/rviz_ogre_vendor/lib:/opt/ros/humble/lib/x86_64-linux-gnu:/opt/ros/humble/lib /usr/bin/cmake --build /home/dkflippo/aug2024/build/gazebo_ros2_control_demos -- -j12 -l12
[0.144s] [ 14%] Built target example_position
[0.145s] [ 28%] Built target example_gripper
[0.149s] [ 42%] Built target example_position_pid
[0.149s] [ 57%] Built target example_velocity
[0.157s] [ 71%] Built target example_tricycle_drive
[0.159s] [ 92%] Built target example_diff_drive
[0.159s] [100%] Built target example_effort
[0.176s] Invoked command in '/home/dkflippo/aug2024/build/gazebo_ros2_control_demos' returned '0': CMAKE_PREFIX_PATH=/home/dkflippo/aug2024/install/gazebo_ros2_control:/home/dkflippo/aug2024/install/sllidar_ros2:/home/dkflippo/aug2024/install/my_robot_nav2:/home/dkflippo/aug2024/install/gazebo_ros2_control_demos:/home/dkflippo/aug2024/install/aug_2024:/home/dkflippo/aug2024/install/BMC_2024:/opt/ros/humble LD_LIBRARY_PATH=/home/dkflippo/aug2024/install/gazebo_ros2_control/lib:/home/dkflippo/aug2024/install/BMC_2024/lib:/usr/lib/x86_64-linux-gnu/gazebo-11/plugins:/opt/ros/humble/opt/rviz_ogre_vendor/lib:/opt/ros/humble/lib/x86_64-linux-gnu:/opt/ros/humble/lib /usr/bin/cmake --build /home/dkflippo/aug2024/build/gazebo_ros2_control_demos -- -j12 -l12
[0.256s] Invoking command in '/home/dkflippo/aug2024/build/gazebo_ros2_control_demos': CMAKE_PREFIX_PATH=/home/dkflippo/aug2024/install/gazebo_ros2_control:/home/dkflippo/aug2024/install/sllidar_ros2:/home/dkflippo/aug2024/install/my_robot_nav2:/home/dkflippo/aug2024/install/gazebo_ros2_control_demos:/home/dkflippo/aug2024/install/aug_2024:/home/dkflippo/aug2024/install/BMC_2024:/opt/ros/humble LD_LIBRARY_PATH=/home/dkflippo/aug2024/install/gazebo_ros2_control/lib:/home/dkflippo/aug2024/install/BMC_2024/lib:/usr/lib/x86_64-linux-gnu/gazebo-11/plugins:/opt/ros/humble/opt/rviz_ogre_vendor/lib:/opt/ros/humble/lib/x86_64-linux-gnu:/opt/ros/humble/lib /usr/bin/cmake --install /home/dkflippo/aug2024/build/gazebo_ros2_control_demos
[0.268s] -- Install configuration: ""
[0.268s] -- Up-to-date: /home/dkflippo/aug2024/install/gazebo_ros2_control_demos/share/gazebo_ros2_control_demos//launch
[0.269s] -- Up-to-date: /home/dkflippo/aug2024/install/gazebo_ros2_control_demos/share/gazebo_ros2_control_demos//launch/cart_example_effort.launch.py
[0.270s] -- Up-to-date: /home/dkflippo/aug2024/install/gazebo_ros2_control_demos/share/gazebo_ros2_control_demos//launch/vertical_cart_example_velocity_pid.launch.py
[0.270s] -- Up-to-date: /home/dkflippo/aug2024/install/gazebo_ros2_control_demos/share/gazebo_ros2_control_demos//launch/diff_drive.launch.py
[0.270s] -- Up-to-date: /home/dkflippo/aug2024/install/gazebo_ros2_control_demos/share/gazebo_ros2_control_demos//launch/cart_example_position.launch.py
[0.271s] -- Up-to-date: /home/dkflippo/aug2024/install/gazebo_ros2_control_demos/share/gazebo_ros2_control_demos//launch/pendulum_example_effort.launch.py
[0.271s] -- Up-to-date: /home/dkflippo/aug2024/install/gazebo_ros2_control_demos/share/gazebo_ros2_control_demos//launch/gripper_mimic_joint_example.launch.py
[0.271s] -- Up-to-date: /home/dkflippo/aug2024/install/gazebo_ros2_control_demos/share/gazebo_ros2_control_demos//launch/pendulum_example_position.launch.py
[0.271s] -- Up-to-date: /home/dkflippo/aug2024/install/gazebo_ros2_control_demos/share/gazebo_ros2_control_demos//launch/cart_example_velocity.launch.py
[0.271s] -- Up-to-date: /home/dkflippo/aug2024/install/gazebo_ros2_control_demos/share/gazebo_ros2_control_demos//launch/vertical_cart_example_position_pid.launch.py
[0.271s] -- Up-to-date: /home/dkflippo/aug2024/install/gazebo_ros2_control_demos/share/gazebo_ros2_control_demos//launch/tricycle_drive.launch.py
[0.271s] -- Up-to-date: /home/dkflippo/aug2024/install/gazebo_ros2_control_demos/share/gazebo_ros2_control_demos//config
[0.272s] -- Up-to-date: /home/dkflippo/aug2024/install/gazebo_ros2_control_demos/share/gazebo_ros2_control_demos//config/cart_controller_effort.yaml
[0.272s] -- Up-to-date: /home/dkflippo/aug2024/install/gazebo_ros2_control_demos/share/gazebo_ros2_control_demos//config/gripper_controller.yaml
[0.272s] -- Up-to-date: /home/dkflippo/aug2024/install/gazebo_ros2_control_demos/share/gazebo_ros2_control_demos//config/cart_controller_velocity.yaml
[0.272s] -- Up-to-date: /home/dkflippo/aug2024/install/gazebo_ros2_control_demos/share/gazebo_ros2_control_demos//config/config.rviz
[0.273s] -- Up-to-date: /home/dkflippo/aug2024/install/gazebo_ros2_control_demos/share/gazebo_ros2_control_demos//config/diff_drive_controller.yaml
[0.273s] -- Up-to-date: /home/dkflippo/aug2024/install/gazebo_ros2_control_demos/share/gazebo_ros2_control_demos//config/cart_controller.yaml
[0.273s] -- Up-to-date: /home/dkflippo/aug2024/install/gazebo_ros2_control_demos/share/gazebo_ros2_control_demos//config/cart_controller_position.yaml
[0.273s] -- Up-to-date: /home/dkflippo/aug2024/install/gazebo_ros2_control_demos/share/gazebo_ros2_control_demos//config/tricycle_drive_controller.yaml
[0.273s] -- Up-to-date: /home/dkflippo/aug2024/install/gazebo_ros2_control_demos/share/gazebo_ros2_control_demos//urdf
[0.273s] -- Up-to-date: /home/dkflippo/aug2024/install/gazebo_ros2_control_demos/share/gazebo_ros2_control_demos//urdf/test_pendulum_effort.xacro.urdf
[0.273s] -- Up-to-date: /home/dkflippo/aug2024/install/gazebo_ros2_control_demos/share/gazebo_ros2_control_demos//urdf/test_diff_drive.xacro.urdf
[0.273s] -- Up-to-date: /home/dkflippo/aug2024/install/gazebo_ros2_control_demos/share/gazebo_ros2_control_demos//urdf/test_gripper_mimic_joint.xacro.urdf
[0.273s] -- Up-to-date: /home/dkflippo/aug2024/install/gazebo_ros2_control_demos/share/gazebo_ros2_control_demos//urdf/test_vertical_cart_position_pid.xacro.urdf
[0.274s] -- Up-to-date: /home/dkflippo/aug2024/install/gazebo_ros2_control_demos/share/gazebo_ros2_control_demos//urdf/test_cart_velocity.xacro.urdf
[0.274s] -- Up-to-date: /home/dkflippo/aug2024/install/gazebo_ros2_control_demos/share/gazebo_ros2_control_demos//urdf/test_cart_effort.xacro.urdf
[0.274s] -- Up-to-date: /home/dkflippo/aug2024/install/gazebo_ros2_control_demos/share/gazebo_ros2_control_demos//urdf/test_vertical_cart_velocity_pid.xacro.urdf
[0.275s] -- Up-to-date: /home/dkflippo/aug2024/install/gazebo_ros2_control_demos/share/gazebo_ros2_control_demos//urdf/test_tricycle_drive.xacro.urdf
[0.275s] -- Up-to-date: /home/dkflippo/aug2024/install/gazebo_ros2_control_demos/share/gazebo_ros2_control_demos//urdf/test_cart_position.xacro.urdf
[0.275s] -- Up-to-date: /home/dkflippo/aug2024/install/gazebo_ros2_control_demos/share/gazebo_ros2_control_demos//urdf/test_pendulum_position.xacro.urdf
[0.275s] -- Up-to-date: /home/dkflippo/aug2024/install/gazebo_ros2_control_demos/lib/gazebo_ros2_control_demos/example_position
[0.275s] -- Up-to-date: /home/dkflippo/aug2024/install/gazebo_ros2_control_demos/lib/gazebo_ros2_control_demos/example_position_pid
[0.276s] -- Up-to-date: /home/dkflippo/aug2024/install/gazebo_ros2_control_demos/lib/gazebo_ros2_control_demos/example_velocity
[0.276s] -- Up-to-date: /home/dkflippo/aug2024/install/gazebo_ros2_control_demos/lib/gazebo_ros2_control_demos/example_effort
[0.276s] -- Up-to-date: /home/dkflippo/aug2024/install/gazebo_ros2_control_demos/lib/gazebo_ros2_control_demos/example_diff_drive
[0.276s] -- Up-to-date: /home/dkflippo/aug2024/install/gazebo_ros2_control_demos/lib/gazebo_ros2_control_demos/example_tricycle_drive
[0.276s] -- Up-to-date: /home/dkflippo/aug2024/install/gazebo_ros2_control_demos/lib/gazebo_ros2_control_demos/example_gripper
[0.276s] -- Up-to-date: /home/dkflippo/aug2024/install/gazebo_ros2_control_demos/share/ament_index/resource_index/package_run_dependencies/gazebo_ros2_control_demos
[0.277s] -- Up-to-date: /home/dkflippo/aug2024/install/gazebo_ros2_control_demos/share/ament_index/resource_index/parent_prefix_path/gazebo_ros2_control_demos
[0.277s] -- Up-to-date: /home/dkflippo/aug2024/install/gazebo_ros2_control_demos/share/gazebo_ros2_control_demos/environment/ament_prefix_path.sh
[0.277s] -- Up-to-date: /home/dkflippo/aug2024/install/gazebo_ros2_control_demos/share/gazebo_ros2_control_demos/environment/ament_prefix_path.dsv
[0.277s] -- Up-to-date: /home/dkflippo/aug2024/install/gazebo_ros2_control_demos/share/gazebo_ros2_control_demos/environment/path.sh
[0.278s] -- Up-to-date: /home/dkflippo/aug2024/install/gazebo_ros2_control_demos/share/gazebo_ros2_control_demos/environment/path.dsv
[0.278s] -- Up-to-date: /home/dkflippo/aug2024/install/gazebo_ros2_control_demos/share/gazebo_ros2_control_demos/local_setup.bash
[0.278s] -- Up-to-date: /home/dkflippo/aug2024/install/gazebo_ros2_control_demos/share/gazebo_ros2_control_demos/local_setup.sh
[0.278s] -- Up-to-date: /home/dkflippo/aug2024/install/gazebo_ros2_control_demos/share/gazebo_ros2_control_demos/local_setup.zsh
[0.278s] -- Up-to-date: /home/dkflippo/aug2024/install/gazebo_ros2_control_demos/share/gazebo_ros2_control_demos/local_setup.dsv
[0.279s] -- Installing: /home/dkflippo/aug2024/install/gazebo_ros2_control_demos/share/gazebo_ros2_control_demos/package.dsv
[0.279s] -- Up-to-date: /home/dkflippo/aug2024/install/gazebo_ros2_control_demos/share/ament_index/resource_index/packages/gazebo_ros2_control_demos
[0.280s] -- Up-to-date: /home/dkflippo/aug2024/install/gazebo_ros2_control_demos/share/gazebo_ros2_control_demos/cmake/gazebo_ros2_control_demosConfig.cmake
[0.281s] -- Up-to-date: /home/dkflippo/aug2024/install/gazebo_ros2_control_demos/share/gazebo_ros2_control_demos/cmake/gazebo_ros2_control_demosConfig-version.cmake
[0.281s] -- Up-to-date: /home/dkflippo/aug2024/install/gazebo_ros2_control_demos/share/gazebo_ros2_control_demos/package.xml
[0.281s] Invoked command in '/home/dkflippo/aug2024/build/gazebo_ros2_control_demos' returned '0': CMAKE_PREFIX_PATH=/home/dkflippo/aug2024/install/gazebo_ros2_control:/home/dkflippo/aug2024/install/sllidar_ros2:/home/dkflippo/aug2024/install/my_robot_nav2:/home/dkflippo/aug2024/install/gazebo_ros2_control_demos:/home/dkflippo/aug2024/install/aug_2024:/home/dkflippo/aug2024/install/BMC_2024:/opt/ros/humble LD_LIBRARY_PATH=/home/dkflippo/aug2024/install/gazebo_ros2_control/lib:/home/dkflippo/aug2024/install/BMC_2024/lib:/usr/lib/x86_64-linux-gnu/gazebo-11/plugins:/opt/ros/humble/opt/rviz_ogre_vendor/lib:/opt/ros/humble/lib/x86_64-linux-gnu:/opt/ros/humble/lib /usr/bin/cmake --install /home/dkflippo/aug2024/build/gazebo_ros2_control_demos
