[0.011s] Invoking command in '/home/dkflippo/aug2024/build/BMC_2024': CMAKE_PREFIX_PATH=${CMAKE_PREFIX_PATH}:/opt/ros/humble /usr/bin/cmake --build /home/dkflippo/aug2024/build/BMC_2024 -- -j12 -l12
[0.069s] [100%] Built target BMC_2024
[0.080s] Invoked command in '/home/dkflippo/aug2024/build/BMC_2024' returned '0': CMAKE_PREFIX_PATH=${CMAKE_PREFIX_PATH}:/opt/ros/humble /usr/bin/cmake --build /home/dkflippo/aug2024/build/BMC_2024 -- -j12 -l12
[0.119s] Invoking command in '/home/dkflippo/aug2024/build/BMC_2024': CMAKE_PREFIX_PATH=${CMAKE_PREFIX_PATH}:/opt/ros/humble /usr/bin/cmake --install /home/dkflippo/aug2024/build/BMC_2024
[0.127s] -- Install configuration: ""
[0.127s] -- Execute custom install script
[0.127s] -- Up-to-date symlink: /home/dkflippo/aug2024/install/BMC_2024/lib/libBMC_2024.so
[0.128s] -- Up-to-date symlink: /home/dkflippo/aug2024/install/BMC_2024/include/BMC_2024/aug_2024_system.hpp
[0.128s] -- Up-to-date symlink: /home/dkflippo/aug2024/install/BMC_2024/include/BMC_2024/bmc_comms.hpp
[0.128s] -- Up-to-date symlink: /home/dkflippo/aug2024/install/BMC_2024/include/BMC_2024/visibility_control.h
[0.128s] -- Up-to-date symlink: /home/dkflippo/aug2024/install/BMC_2024/share/BMC_2024//aug_2024_hardware.xml
[0.128s] -- Up-to-date symlink: /home/dkflippo/aug2024/install/BMC_2024/share/BMC_2024/environment/library_path.sh
[0.128s] -- Up-to-date symlink: /home/dkflippo/aug2024/install/BMC_2024/share/BMC_2024/environment/library_path.dsv
[0.129s] -- Up-to-date symlink: /home/dkflippo/aug2024/install/BMC_2024/share/ament_index/resource_index/package_run_dependencies/BMC_2024
[0.129s] -- Up-to-date symlink: /home/dkflippo/aug2024/install/BMC_2024/share/ament_index/resource_index/parent_prefix_path/BMC_2024
[0.129s] -- Up-to-date symlink: /home/dkflippo/aug2024/install/BMC_2024/share/BMC_2024/environment/ament_prefix_path.sh
[0.129s] -- Up-to-date symlink: /home/dkflippo/aug2024/install/BMC_2024/share/BMC_2024/environment/ament_prefix_path.dsv
[0.129s] -- Up-to-date symlink: /home/dkflippo/aug2024/install/BMC_2024/share/BMC_2024/environment/path.sh
[0.129s] -- Up-to-date symlink: /home/dkflippo/aug2024/install/BMC_2024/share/BMC_2024/environment/path.dsv
[0.130s] -- Up-to-date symlink: /home/dkflippo/aug2024/install/BMC_2024/share/BMC_2024/local_setup.bash
[0.130s] -- Up-to-date symlink: /home/dkflippo/aug2024/install/BMC_2024/share/BMC_2024/local_setup.sh
[0.130s] -- Up-to-date symlink: /home/dkflippo/aug2024/install/BMC_2024/share/BMC_2024/local_setup.zsh
[0.130s] -- Up-to-date symlink: /home/dkflippo/aug2024/install/BMC_2024/share/BMC_2024/local_setup.dsv
[0.130s] -- Symlinking: /home/dkflippo/aug2024/install/BMC_2024/share/BMC_2024/package.dsv
[0.139s] -- Up-to-date symlink: /home/dkflippo/aug2024/install/BMC_2024/share/ament_index/resource_index/packages/BMC_2024
[0.140s] -- Up-to-date symlink: /home/dkflippo/aug2024/install/BMC_2024/share/ament_index/resource_index/hardware_interface__pluginlib__plugin/BMC_2024
[0.140s] -- Up-to-date symlink: /home/dkflippo/aug2024/install/BMC_2024/share/BMC_2024/cmake/ament_cmake_export_include_directories-extras.cmake
[0.140s] -- Up-to-date symlink: /home/dkflippo/aug2024/install/BMC_2024/share/BMC_2024/cmake/ament_cmake_export_libraries-extras.cmake
[0.140s] -- Up-to-date symlink: /home/dkflippo/aug2024/install/BMC_2024/share/BMC_2024/cmake/ament_cmake_export_dependencies-extras.cmake
[0.140s] -- Up-to-date symlink: /home/dkflippo/aug2024/install/BMC_2024/share/BMC_2024/cmake/BMC_2024Config.cmake
[0.140s] -- Up-to-date symlink: /home/dkflippo/aug2024/install/BMC_2024/share/BMC_2024/cmake/BMC_2024Config-version.cmake
[0.140s] -- Up-to-date symlink: /home/dkflippo/aug2024/install/BMC_2024/share/BMC_2024/package.xml
[0.143s] Invoked command in '/home/dkflippo/aug2024/build/BMC_2024' returned '0': CMAKE_PREFIX_PATH=${CMAKE_PREFIX_PATH}:/opt/ros/humble /usr/bin/cmake --install /home/dkflippo/aug2024/build/BMC_2024
