[0.013s] Invoking command in '/home/dkflippo/aug2024/build/aug_2024': CMAKE_PREFIX_PATH=${CMAKE_PREFIX_PATH}:/opt/ros/humble /usr/bin/cmake /home/dkflippo/aug2024/src/aug_2024 -DAMENT_CMAKE_SYMLINK_INSTALL=1 -DCMAKE_INSTALL_PREFIX=/home/dkflippo/aug2024/install/aug_2024
[0.020s] Re-run cmake no build system arguments
[0.024s] -- Found ament_cmake: 1.3.10 (/opt/ros/humble/share/ament_cmake/cmake)
[0.123s] -- Override CMake install command with custom implementation using symlinks instead of copying resources
[0.130s] -- Found rclcpp: 16.0.10 (/opt/ros/humble/share/rclcpp/cmake)
[0.157s] -- Found rosidl_generator_c: 3.1.5 (/opt/ros/humble/share/rosidl_generator_c/cmake)
[0.160s] -- Found rosidl_adapter: 3.1.5 (/opt/ros/humble/share/rosidl_adapter/cmake)
[0.165s] -- Found rosidl_generator_cpp: 3.1.5 (/opt/ros/humble/share/rosidl_generator_cpp/cmake)
[0.174s] -- Using all available rosidl_typesupport_c: rosidl_typesupport_fastrtps_c;rosidl_typesupport_introspection_c
[0.185s] -- Using all available rosidl_typesupport_cpp: rosidl_typesupport_fastrtps_cpp;rosidl_typesupport_introspection_cpp
[0.214s] -- Found rmw_implementation_cmake: 6.1.2 (/opt/ros/humble/share/rmw_implementation_cmake/cmake)
[0.215s] -- Found rmw_fastrtps_cpp: 6.2.7 (/opt/ros/humble/share/rmw_fastrtps_cpp/cmake)
[0.310s] -- Using RMW implementation 'rmw_fastrtps_cpp' as default
[0.356s] -- Found sensor_msgs: 4.2.4 (/opt/ros/humble/share/sensor_msgs/cmake)
[0.385s] -- Found robot_state_publisher: 3.0.3 (/opt/ros/humble/share/robot_state_publisher/cmake)
[0.389s] -- Found eigen3_cmake_module: 0.1.1 (/opt/ros/humble/share/eigen3_cmake_module/cmake)
[0.391s] -- Ensuring Eigen3 include directory is part of orocos-kdl CMake target
[0.492s] -- Found xacro: 2.0.8 (/opt/ros/humble/share/xacro/cmake)
[0.493s] -- Found controller_manager: 2.42.0 (/opt/ros/humble/share/controller_manager/cmake)
[0.574s] -- Found joint_state_broadcaster: 2.37.0 (/opt/ros/humble/share/joint_state_broadcaster/cmake)
[0.578s] -- Found parameter_traits: 0.3.8 (/opt/ros/humble/share/parameter_traits/cmake)
[0.589s] -- Found diff_drive_controller: 2.37.0 (/opt/ros/humble/share/diff_drive_controller/cmake)
[0.613s] -- Found gazebo_ros: 3.7.0 (/opt/ros/humble/share/gazebo_ros/cmake)
[0.640s] -- Found DART: /usr/include (Required is at least version "6.6") found components: dart 
[0.665s] -- Found Protobuf: /usr/lib/x86_64-linux-gnu/libprotobuf.so (found version "3.12.4") 
[0.666s] -- Looking for ignition-math6 -- found version 6.15.1
[0.670s] -- Searching for dependencies of ignition-math6
[0.671s] -- Looking for OGRE...
[0.676s] -- Found Ogre Ghadamon (1.9.0)
[0.677s] -- Found OGRE: optimized;/usr/lib/x86_64-linux-gnu/libOgreMain.so;debug;/usr/lib/x86_64-linux-gnu/libOgreMain.so
[0.685s] -- Looking for OGRE_Paging...
[0.685s] -- Found OGRE_Paging: optimized;/usr/lib/x86_64-linux-gnu/libOgrePaging.so;debug;/usr/lib/x86_64-linux-gnu/libOgrePaging.so
[0.685s] -- Looking for OGRE_Terrain...
[0.685s] -- Found OGRE_Terrain: optimized;/usr/lib/x86_64-linux-gnu/libOgreTerrain.so;debug;/usr/lib/x86_64-linux-gnu/libOgreTerrain.so
[0.685s] -- Looking for OGRE_Property...
[0.685s] -- Found OGRE_Property: optimized;/usr/lib/x86_64-linux-gnu/libOgreProperty.so;debug;/usr/lib/x86_64-linux-gnu/libOgreProperty.so
[0.685s] -- Looking for OGRE_RTShaderSystem...
[0.686s] -- Found OGRE_RTShaderSystem: optimized;/usr/lib/x86_64-linux-gnu/libOgreRTShaderSystem.so;debug;/usr/lib/x86_64-linux-gnu/libOgreRTShaderSystem.so
[0.686s] -- Looking for OGRE_Volume...
[0.686s] -- Found OGRE_Volume: optimized;/usr/lib/x86_64-linux-gnu/libOgreVolume.so;debug;/usr/lib/x86_64-linux-gnu/libOgreVolume.so
[0.686s] -- Looking for OGRE_Overlay...
[0.686s] -- Found OGRE_Overlay: optimized;/usr/lib/x86_64-linux-gnu/libOgreOverlay.so;debug;/usr/lib/x86_64-linux-gnu/libOgreOverlay.so
[0.774s] -- Looking for ignition-math6 -- found version 6.15.1
[0.775s] -- Looking for ignition-transport8 -- found version 8.2.1
[0.775s] -- Searching for dependencies of ignition-transport8
[0.792s] -- Found Protobuf: /usr/lib/x86_64-linux-gnu/libprotobuf.so (found suitable version "3.12.4", minimum required is "3") 
[0.803s] -- Config-file not installed for ZeroMQ -- checking for pkg-config
[0.808s] -- Checking for module 'libzmq >= 4'
[0.820s] --   Found libzmq , version 4.3.4
[0.862s] -- Checking for module 'uuid'
[0.873s] --   Found uuid, version 2.37.2
[0.903s] -- Looking for ignition-msgs5 -- found version 5.8.1
[0.904s] -- Searching for dependencies of ignition-msgs5
[0.921s] -- Looking for ignition-math6 -- found version 6.15.1
[0.928s] -- Looking for ignition-msgs5 -- found version 5.8.1
[0.928s] -- Looking for ignition-common3 -- found version 3.14.0
[0.929s] -- Searching for dependencies of ignition-common3
[0.929s] -- Looking for dlfcn.h - found
[0.929s] -- Looking for libdl - found
[0.938s] -- Searching for <ignition-common3> component [graphics]
[0.939s] -- Looking for ignition-common3-graphics -- found version 3.14.0
[0.939s] -- Searching for dependencies of ignition-common3-graphics
[0.939s] -- Looking for ignition-math6 -- found version 6.15.1
[0.940s] -- Looking for ignition-fuel_tools4 -- found version 4.4.0
[0.941s] -- Searching for dependencies of ignition-fuel_tools4
[0.976s] -- Checking for module 'jsoncpp'
[0.988s] --   Found jsoncpp, version 1.9.5
[1.023s] -- Checking for module 'libzip'
[1.034s] --   Found libzip, version 1.7.3
[1.066s] -- Looking for ignition-common3 -- found version 3.14.0
[1.066s] -- Looking for ignition-math6 -- found version 6.15.1
[1.066s] -- Looking for ignition-msgs5 -- found version 5.8.1
[1.068s] -- Gazebo version: 11.10
[1.069s] -- Found gazebo_ros2_control: 0.4.9 (/opt/ros/humble/share/gazebo_ros2_control/cmake)
[1.082s] -- Found ros2_control: 2.42.0 (/opt/ros/humble/share/ros2_control/cmake)
[1.082s] -- Found ros2_controllers: 2.37.0 (/opt/ros/humble/share/ros2_controllers/cmake)
[1.082s] -- Found BMC_2024: 0.0.0 (/home/dkflippo/aug2024/install/BMC_2024/share/BMC_2024/cmake)
[1.091s] -- Found ament_lint_auto: 0.12.11 (/opt/ros/humble/share/ament_lint_auto/cmake)
[1.148s] -- xacro: determining deps for: /home/dkflippo/aug2024/src/aug_2024/description/urdf/aug_2024.xacro ...
[1.224s] [33mCMake Warning at /opt/ros/humble/share/xacro/cmake/xacro-extras.cmake:74 (message):
[1.224s]   failed to determine deps for:
[1.224s]   /home/dkflippo/aug2024/src/aug_2024/description/urdf/aug_2024.xacro
[1.225s] 
[1.225s]   error: package not found: "package 'aug_2024' not found, searching:
[1.225s]   ['/home/dkflippo/aug2024/install/BMC_2024', '/opt/ros/humble']"
[1.225s] 
[1.225s]   when processing file:
[1.225s]   /home/dkflippo/aug2024/src/aug_2024/description/urdf/aug_2024.xacro
[1.225s] 
[1.225s] Call Stack (most recent call first):
[1.225s]   /opt/ros/humble/share/xacro/cmake/xacro-extras.cmake:133 (xacro_add_xacro_file)
[1.226s]   CMakeLists.txt:60 (xacro_add_files)
[1.226s] 
[1.226s] [0m
[1.226s] [31mCMake Error at /opt/ros/humble/share/xacro/cmake/xacro-extras.cmake:46 (message):
[1.226s]   no <output> specified for: OUTPUT_NAME
[1.226s] Call Stack (most recent call first):
[1.226s]   /opt/ros/humble/share/xacro/cmake/xacro-extras.cmake:133 (xacro_add_xacro_file)
[1.227s]   CMakeLists.txt:60 (xacro_add_files)
[1.227s] 
[1.227s] [0m
[1.227s] -- Configuring incomplete, errors occurred!
[1.227s] See also "/home/dkflippo/aug2024/build/aug_2024/CMakeFiles/CMakeOutput.log".
[1.237s] Invoked command in '/home/dkflippo/aug2024/build/aug_2024' returned '1': CMAKE_PREFIX_PATH=${CMAKE_PREFIX_PATH}:/opt/ros/humble /usr/bin/cmake /home/dkflippo/aug2024/src/aug_2024 -DAMENT_CMAKE_SYMLINK_INSTALL=1 -DCMAKE_INSTALL_PREFIX=/home/dkflippo/aug2024/install/aug_2024
